<?xml version="1.0" encoding="UTF-8"?>
<coverage generated="1689890923940" clover="3.2.0">
  <project timestamp="1689890923940" name="All files">
    <metrics statements="361" coveredstatements="361" conditionals="144" coveredconditionals="141" methods="73" coveredmethods="72" elements="578" coveredelements="574" complexity="0" loc="361" ncloc="361" packages="7" files="46" classes="46"/>
    <package name="src">
      <metrics statements="8" coveredstatements="8" conditionals="0" coveredconditionals="0" methods="6" coveredmethods="5"/>
      <file name="index.ts" path="C:\Users\emil\OneDrive\Desktop\utility-lib\src\index.ts">
        <metrics statements="8" coveredstatements="8" conditionals="0" coveredconditionals="0" methods="6" coveredmethods="5"/>
        <line num="13" count="29" type="stmt"/>
        <line num="14" count="29" type="stmt"/>
        <line num="15" count="29" type="stmt"/>
        <line num="16" count="29" type="stmt"/>
        <line num="17" count="29" type="stmt"/>
        <line num="18" count="29" type="stmt"/>
        <line num="19" count="29" type="stmt"/>
        <line num="21" count="91" type="stmt"/>
      </file>
    </package>
    <package name="src.arrays">
      <metrics statements="106" coveredstatements="106" conditionals="17" coveredconditionals="17" methods="22" coveredmethods="22"/>
      <file name="analyzeData.ts" path="C:\Users\emil\OneDrive\Desktop\utility-lib\src\arrays\analyzeData.ts">
        <metrics statements="13" coveredstatements="13" conditionals="0" coveredconditionals="0" methods="1" coveredmethods="1"/>
        <line num="1" count="30" type="stmt"/>
        <line num="34" count="30" type="stmt"/>
        <line num="35" count="1" type="stmt"/>
        <line num="36" count="1" type="stmt"/>
        <line num="37" count="1" type="stmt"/>
        <line num="38" count="1" type="stmt"/>
        <line num="39" count="1" type="stmt"/>
        <line num="40" count="1" type="stmt"/>
        <line num="41" count="1" type="stmt"/>
        <line num="42" count="1" type="stmt"/>
        <line num="43" count="1" type="stmt"/>
        <line num="44" count="1" type="stmt"/>
        <line num="46" count="1" type="stmt"/>
      </file>
      <file name="average.ts" path="C:\Users\emil\OneDrive\Desktop\utility-lib\src\arrays\average.ts">
        <metrics statements="4" coveredstatements="4" conditionals="1" coveredconditionals="1" methods="2" coveredmethods="2"/>
        <line num="14" count="30" type="stmt"/>
        <line num="15" count="5" type="cond" truecount="1" falsecount="0"/>
        <line num="16" count="20" type="stmt"/>
        <line num="17" count="4" type="stmt"/>
      </file>
      <file name="chunk.ts" path="C:\Users\emil\OneDrive\Desktop\utility-lib\src\arrays\chunk.ts">
        <metrics statements="7" coveredstatements="7" conditionals="1" coveredconditionals="1" methods="1" coveredmethods="1"/>
        <line num="23" count="30" type="stmt"/>
        <line num="24" count="6" type="cond" truecount="1" falsecount="0"/>
        <line num="25" count="2" type="stmt"/>
        <line num="28" count="4" type="stmt"/>
        <line num="29" count="4" type="stmt"/>
        <line num="30" count="9" type="stmt"/>
        <line num="33" count="4" type="stmt"/>
      </file>
      <file name="findOutliers.ts" path="C:\Users\emil\OneDrive\Desktop\utility-lib\src\arrays\findOutliers.ts">
        <metrics statements="10" coveredstatements="10" conditionals="2" coveredconditionals="2" methods="2" coveredmethods="2"/>
        <line num="1" count="30" type="stmt"/>
        <line num="20" count="30" type="stmt"/>
        <line num="21" count="4" type="stmt"/>
        <line num="23" count="4" type="stmt"/>
        <line num="24" count="4" type="stmt"/>
        <line num="25" count="4" type="stmt"/>
        <line num="26" count="4" type="stmt"/>
        <line num="28" count="4" type="stmt"/>
        <line num="30" count="4" type="stmt"/>
        <line num="32" count="31" type="cond" truecount="2" falsecount="0"/>
      </file>
      <file name="index.ts" path="C:\Users\emil\OneDrive\Desktop\utility-lib\src\arrays\index.ts">
        <metrics statements="27" coveredstatements="27" conditionals="2" coveredconditionals="2" methods="1" coveredmethods="1"/>
        <line num="1" count="30" type="stmt"/>
        <line num="2" count="30" type="stmt"/>
        <line num="3" count="30" type="stmt"/>
        <line num="4" count="30" type="stmt"/>
        <line num="5" count="30" type="stmt"/>
        <line num="6" count="30" type="stmt"/>
        <line num="7" count="30" type="stmt"/>
        <line num="8" count="30" type="stmt"/>
        <line num="9" count="30" type="stmt"/>
        <line num="10" count="30" type="stmt"/>
        <line num="11" count="30" type="stmt"/>
        <line num="12" count="30" type="stmt"/>
        <line num="13" count="30" type="stmt"/>
        <line num="22" count="30" type="cond" truecount="2" falsecount="0"/>
        <line num="23" count="30" type="stmt"/>
        <line num="24" count="30" type="stmt"/>
        <line num="25" count="30" type="stmt"/>
        <line num="26" count="30" type="stmt"/>
        <line num="27" count="30" type="stmt"/>
        <line num="28" count="30" type="stmt"/>
        <line num="29" count="30" type="stmt"/>
        <line num="30" count="30" type="stmt"/>
        <line num="31" count="30" type="stmt"/>
        <line num="32" count="30" type="stmt"/>
        <line num="33" count="30" type="stmt"/>
        <line num="34" count="30" type="stmt"/>
        <line num="35" count="30" type="stmt"/>
      </file>
      <file name="max.ts" path="C:\Users\emil\OneDrive\Desktop\utility-lib\src\arrays\max.ts">
        <metrics statements="3" coveredstatements="3" conditionals="1" coveredconditionals="1" methods="1" coveredmethods="1"/>
        <line num="14" count="30" type="stmt"/>
        <line num="15" count="5" type="cond" truecount="1" falsecount="0"/>
        <line num="16" count="4" type="stmt"/>
      </file>
      <file name="median.ts" path="C:\Users\emil\OneDrive\Desktop\utility-lib\src\arrays\median.ts">
        <metrics statements="7" coveredstatements="7" conditionals="2" coveredconditionals="2" methods="1" coveredmethods="1"/>
        <line num="1" count="30" type="stmt"/>
        <line num="24" count="30" type="stmt"/>
        <line num="25" count="8" type="stmt"/>
        <line num="26" count="8" type="stmt"/>
        <line num="27" count="8" type="cond" truecount="2" falsecount="0"/>
        <line num="28" count="4" type="stmt"/>
        <line num="30" count="4" type="stmt"/>
      </file>
      <file name="min.ts" path="C:\Users\emil\OneDrive\Desktop\utility-lib\src\arrays\min.ts">
        <metrics statements="3" coveredstatements="3" conditionals="1" coveredconditionals="1" methods="1" coveredmethods="1"/>
        <line num="14" count="30" type="stmt"/>
        <line num="15" count="5" type="cond" truecount="1" falsecount="0"/>
        <line num="16" count="4" type="stmt"/>
      </file>
      <file name="normalize.ts" path="C:\Users\emil\OneDrive\Desktop\utility-lib\src\arrays\normalize.ts">
        <metrics statements="6" coveredstatements="6" conditionals="1" coveredconditionals="1" methods="3" coveredmethods="3"/>
        <line num="21" count="30" type="stmt"/>
        <line num="22" count="3" type="stmt"/>
        <line num="23" count="3" type="stmt"/>
        <line num="25" count="3" type="cond" truecount="1" falsecount="0"/>
        <line num="26" count="5" type="stmt"/>
        <line num="29" count="15" type="stmt"/>
      </file>
      <file name="range.ts" path="C:\Users\emil\OneDrive\Desktop\utility-lib\src\arrays\range.ts">
        <metrics statements="5" coveredstatements="5" conditionals="4" coveredconditionals="4" methods="2" coveredmethods="2"/>
        <line num="14" count="30" type="stmt"/>
        <line num="15" count="2" type="cond" truecount="2" falsecount="0"/>
        <line num="16" count="2" type="cond" truecount="2" falsecount="0"/>
        <line num="17" count="2" type="stmt"/>
        <line num="18" count="12" type="stmt"/>
      </file>
      <file name="shuffle.ts" path="C:\Users\emil\OneDrive\Desktop\utility-lib\src\arrays\shuffle.ts">
        <metrics statements="6" coveredstatements="6" conditionals="0" coveredconditionals="0" methods="1" coveredmethods="1"/>
        <line num="20" count="30" type="stmt"/>
        <line num="21" count="4" type="stmt"/>
        <line num="22" count="4" type="stmt"/>
        <line num="23" count="20" type="stmt"/>
        <line num="24" count="20" type="stmt"/>
        <line num="26" count="4" type="stmt"/>
      </file>
      <file name="sort.ts" path="C:\Users\emil\OneDrive\Desktop\utility-lib\src\arrays\sort.ts">
        <metrics statements="4" coveredstatements="4" conditionals="1" coveredconditionals="1" methods="2" coveredmethods="2"/>
        <line num="2" count="30" type="stmt"/>
        <line num="24" count="30" type="cond" truecount="1" falsecount="0"/>
        <line num="25" count="24" type="stmt"/>
        <line num="26" count="195" type="stmt"/>
      </file>
      <file name="standardDeviation.ts" path="C:\Users\emil\OneDrive\Desktop\utility-lib\src\arrays\standardDeviation.ts">
        <metrics statements="9" coveredstatements="9" conditionals="1" coveredconditionals="1" methods="2" coveredmethods="2"/>
        <line num="1" count="30" type="stmt"/>
        <line num="19" count="30" type="stmt"/>
        <line num="20" count="4" type="cond" truecount="1" falsecount="0"/>
        <line num="22" count="3" type="stmt"/>
        <line num="24" count="3" type="stmt"/>
        <line num="25" count="20" type="stmt"/>
        <line num="26" count="20" type="stmt"/>
        <line num="29" count="3" type="stmt"/>
        <line num="31" count="3" type="stmt"/>
      </file>
      <file name="sum.ts" path="C:\Users\emil\OneDrive\Desktop\utility-lib\src\arrays\sum.ts">
        <metrics statements="2" coveredstatements="2" conditionals="0" coveredconditionals="0" methods="2" coveredmethods="2"/>
        <line num="14" count="30" type="stmt"/>
        <line num="15" count="60" type="stmt"/>
      </file>
    </package>
    <package name="src.math">
      <metrics statements="17" coveredstatements="17" conditionals="2" coveredconditionals="2" methods="5" coveredmethods="5"/>
      <file name="clamp.ts" path="C:\Users\emil\OneDrive\Desktop\utility-lib\src\math\clamp.ts">
        <metrics statements="2" coveredstatements="2" conditionals="0" coveredconditionals="0" methods="1" coveredmethods="1"/>
        <line num="15" count="29" type="stmt"/>
        <line num="16" count="2" type="stmt"/>
      </file>
      <file name="degToRad.ts" path="C:\Users\emil\OneDrive\Desktop\utility-lib\src\math\degToRad.ts">
        <metrics statements="2" coveredstatements="2" conditionals="0" coveredconditionals="0" methods="1" coveredmethods="1"/>
        <line num="13" count="29" type="stmt"/>
        <line num="14" count="2" type="stmt"/>
      </file>
      <file name="index.ts" path="C:\Users\emil\OneDrive\Desktop\utility-lib\src\math\index.ts">
        <metrics statements="9" coveredstatements="9" conditionals="2" coveredconditionals="2" methods="1" coveredmethods="1"/>
        <line num="1" count="29" type="stmt"/>
        <line num="2" count="29" type="stmt"/>
        <line num="3" count="29" type="stmt"/>
        <line num="4" count="29" type="stmt"/>
        <line num="13" count="29" type="cond" truecount="2" falsecount="0"/>
        <line num="14" count="29" type="stmt"/>
        <line num="15" count="29" type="stmt"/>
        <line num="16" count="29" type="stmt"/>
        <line num="17" count="29" type="stmt"/>
      </file>
      <file name="lerp.ts" path="C:\Users\emil\OneDrive\Desktop\utility-lib\src\math\lerp.ts">
        <metrics statements="2" coveredstatements="2" conditionals="0" coveredconditionals="0" methods="1" coveredmethods="1"/>
        <line num="15" count="29" type="stmt"/>
        <line num="16" count="2" type="stmt"/>
      </file>
      <file name="radToDeg.ts" path="C:\Users\emil\OneDrive\Desktop\utility-lib\src\math\radToDeg.ts">
        <metrics statements="2" coveredstatements="2" conditionals="0" coveredconditionals="0" methods="1" coveredmethods="1"/>
        <line num="13" count="29" type="stmt"/>
        <line num="14" count="2" type="stmt"/>
      </file>
    </package>
    <package name="src.pathfinding">
      <metrics statements="90" coveredstatements="90" conditionals="33" coveredconditionals="31" methods="18" coveredmethods="18"/>
      <file name="aStar.ts" path="C:\Users\emil\OneDrive\Desktop\utility-lib\src\pathfinding\aStar.ts">
        <metrics statements="22" coveredstatements="22" conditionals="7" coveredconditionals="7" methods="2" coveredmethods="2"/>
        <line num="2" count="33" type="stmt"/>
        <line num="55" count="33" type="stmt"/>
        <line num="56" count="4" type="stmt"/>
        <line num="57" count="4" type="stmt"/>
        <line num="58" count="4" type="stmt"/>
        <line num="59" count="4" type="stmt"/>
        <line num="60" count="4" type="stmt"/>
        <line num="61" count="4" type="stmt"/>
        <line num="63" count="4" type="stmt"/>
        <line num="64" count="28" type="cond" truecount="2" falsecount="0"/>
        <line num="66" count="20" type="cond" truecount="1" falsecount="0"/>
        <line num="67" count="3" type="stmt"/>
        <line num="70" count="17" type="stmt"/>
        <line num="72" count="17" type="stmt"/>
        <line num="73" count="35" type="stmt"/>
        <line num="75" count="35" type="cond" truecount="3" falsecount="0"/>
        <line num="76" count="20" type="stmt"/>
        <line num="77" count="20" type="stmt"/>
        <line num="78" count="20" type="stmt"/>
        <line num="80" count="20" type="cond" truecount="1" falsecount="0"/>
        <line num="81" count="20" type="stmt"/>
        <line num="87" count="1" type="stmt"/>
      </file>
      <file name="addNeighbors.ts" path="C:\Users\emil\OneDrive\Desktop\utility-lib\src\pathfinding\addNeighbors.ts">
        <metrics statements="7" coveredstatements="7" conditionals="3" coveredconditionals="3" methods="3" coveredmethods="3"/>
        <line num="40" count="33" type="stmt"/>
        <line num="41" count="2" type="stmt"/>
        <line num="42" count="9" type="stmt"/>
        <line num="43" count="14" type="stmt"/>
        <line num="44" count="5" type="cond" truecount="3" falsecount="0"/>
        <line num="45" count="4" type="stmt"/>
        <line num="46" count="4" type="stmt"/>
      </file>
      <file name="findShortestPath.ts" path="C:\Users\emil\OneDrive\Desktop\utility-lib\src\pathfinding\findShortestPath.ts">
        <metrics statements="24" coveredstatements="24" conditionals="15" coveredconditionals="13" methods="8" coveredmethods="8"/>
        <line num="2" count="33" type="stmt"/>
        <line num="3" count="33" type="stmt"/>
        <line num="67" count="33" type="stmt"/>
        <line num="73" count="4" type="stmt"/>
        <line num="74" count="4" type="stmt"/>
        <line num="76" count="4" type="stmt"/>
        <line num="81" count="4" type="stmt"/>
        <line num="82" count="28" type="cond" truecount="1" falsecount="0"/>
        <line num="83" count="5" type="stmt"/>
        <line num="84" count="3" type="stmt"/>
        <line num="85" count="3" type="stmt"/>
        <line num="87" count="28" type="cond" truecount="1" falsecount="0"/>
        <line num="88" count="40" type="stmt"/>
        <line num="89" count="20" type="stmt"/>
        <line num="90" count="20" type="stmt"/>
        <line num="93" count="28" type="stmt"/>
        <line num="94" count="28" type="stmt"/>
        <line num="96" count="28" type="stmt"/>
        <line num="97" count="28" type="stmt"/>
        <line num="100" count="4" type="stmt"/>
        <line num="101" count="298" type="cond" truecount="5" falsecount="1"/>
        <line num="103" count="4" type="stmt"/>
        <line num="104" count="326" type="cond" truecount="5" falsecount="1"/>
        <line num="107" count="4" type="stmt"/>
      </file>
      <file name="heuristic.ts" path="C:\Users\emil\OneDrive\Desktop\utility-lib\src\pathfinding\heuristic.ts">
        <metrics statements="4" coveredstatements="4" conditionals="0" coveredconditionals="0" methods="1" coveredmethods="1"/>
        <line num="40" count="33" type="stmt"/>
        <line num="41" count="32" type="stmt"/>
        <line num="42" count="32" type="stmt"/>
        <line num="43" count="32" type="stmt"/>
      </file>
      <file name="index.ts" path="C:\Users\emil\OneDrive\Desktop\utility-lib\src\pathfinding\index.ts">
        <metrics statements="13" coveredstatements="13" conditionals="2" coveredconditionals="2" methods="1" coveredmethods="1"/>
        <line num="1" count="33" type="stmt"/>
        <line num="2" count="33" type="stmt"/>
        <line num="3" count="33" type="stmt"/>
        <line num="4" count="33" type="stmt"/>
        <line num="5" count="33" type="stmt"/>
        <line num="6" count="33" type="stmt"/>
        <line num="15" count="33" type="cond" truecount="2" falsecount="0"/>
        <line num="16" count="33" type="stmt"/>
        <line num="17" count="33" type="stmt"/>
        <line num="18" count="33" type="stmt"/>
        <line num="19" count="33" type="stmt"/>
        <line num="20" count="33" type="stmt"/>
        <line num="21" count="33" type="stmt"/>
      </file>
      <file name="processNeighbor.ts" path="C:\Users\emil\OneDrive\Desktop\utility-lib\src\pathfinding\processNeighbor.ts">
        <metrics statements="13" coveredstatements="13" conditionals="6" coveredconditionals="6" methods="2" coveredmethods="2"/>
        <line num="46" count="33" type="stmt"/>
        <line num="54" count="3" type="cond" truecount="1" falsecount="0"/>
        <line num="55" count="1" type="stmt"/>
        <line num="58" count="2" type="stmt"/>
        <line num="60" count="2" type="stmt"/>
        <line num="61" count="2" type="cond" truecount="3" falsecount="0"/>
        <line num="62" count="2" type="stmt"/>
        <line num="64" count="2" type="cond" truecount="2" falsecount="0"/>
        <line num="65" count="1" type="stmt"/>
        <line num="66" count="1" type="stmt"/>
        <line num="67" count="1" type="stmt"/>
        <line num="68" count="1" type="stmt"/>
        <line num="70" count="1" type="stmt"/>
      </file>
      <file name="reconstructPath.ts" path="C:\Users\emil\OneDrive\Desktop\utility-lib\src\pathfinding\reconstructPath.ts">
        <metrics statements="7" coveredstatements="7" conditionals="0" coveredconditionals="0" methods="1" coveredmethods="1"/>
        <line num="42" count="33" type="stmt"/>
        <line num="43" count="5" type="stmt"/>
        <line num="44" count="5" type="stmt"/>
        <line num="46" count="5" type="stmt"/>
        <line num="47" count="23" type="stmt"/>
        <line num="48" count="23" type="stmt"/>
        <line num="51" count="5" type="stmt"/>
      </file>
    </package>
    <package name="src.strings">
      <metrics statements="75" coveredstatements="75" conditionals="11" coveredconditionals="11" methods="14" coveredmethods="14"/>
      <file name="capitalizeFirstLetter.ts" path="C:\Users\emil\OneDrive\Desktop\utility-lib\src\strings\capitalizeFirstLetter.ts">
        <metrics statements="3" coveredstatements="3" conditionals="1" coveredconditionals="1" methods="1" coveredmethods="1"/>
        <line num="14" count="29" type="stmt"/>
        <line num="15" count="2" type="cond" truecount="1" falsecount="0"/>
        <line num="16" count="1" type="stmt"/>
      </file>
      <file name="containsWhitespace.ts" path="C:\Users\emil\OneDrive\Desktop\utility-lib\src\strings\containsWhitespace.ts">
        <metrics statements="3" coveredstatements="3" conditionals="0" coveredconditionals="0" methods="1" coveredmethods="1"/>
        <line num="15" count="29" type="stmt"/>
        <line num="17" count="2" type="stmt"/>
        <line num="19" count="2" type="stmt"/>
      </file>
      <file name="extractSubstringsByPattern.ts" path="C:\Users\emil\OneDrive\Desktop\utility-lib\src\strings\extractSubstringsByPattern.ts">
        <metrics statements="5" coveredstatements="5" conditionals="0" coveredconditionals="0" methods="1" coveredmethods="1"/>
        <line num="17" count="29" type="stmt"/>
        <line num="18" count="3" type="stmt"/>
        <line num="21" count="3" type="stmt"/>
        <line num="22" count="16" type="stmt"/>
        <line num="25" count="3" type="stmt"/>
      </file>
      <file name="getWordFrequency.ts" path="C:\Users\emil\OneDrive\Desktop\utility-lib\src\strings\getWordFrequency.ts">
        <metrics statements="8" coveredstatements="8" conditionals="2" coveredconditionals="2" methods="1" coveredmethods="1"/>
        <line num="1" count="29" type="stmt"/>
        <line num="17" count="29" type="stmt"/>
        <line num="18" count="5" type="stmt"/>
        <line num="19" count="5" type="stmt"/>
        <line num="21" count="5" type="stmt"/>
        <line num="22" count="27" type="stmt"/>
        <line num="23" count="27" type="cond" truecount="2" falsecount="0"/>
        <line num="28" count="5" type="stmt"/>
      </file>
      <file name="hasSequential.ts" path="C:\Users\emil\OneDrive\Desktop\utility-lib\src\strings\hasSequential.ts">
        <metrics statements="2" coveredstatements="2" conditionals="0" coveredconditionals="0" methods="1" coveredmethods="1"/>
        <line num="19" count="29" type="stmt"/>
        <line num="20" count="11" type="stmt"/>
      </file>
      <file name="hexToRgba.ts" path="C:\Users\emil\OneDrive\Desktop\utility-lib\src\strings\hexToRgba.ts">
        <metrics statements="8" coveredstatements="8" conditionals="1" coveredconditionals="1" methods="1" coveredmethods="1"/>
        <line num="13" count="29" type="stmt"/>
        <line num="15" count="3" type="stmt"/>
        <line num="16" count="3" type="stmt"/>
        <line num="17" count="3" type="stmt"/>
        <line num="20" count="3" type="cond" truecount="1" falsecount="0"/>
        <line num="21" count="1" type="stmt"/>
        <line num="22" count="1" type="stmt"/>
        <line num="26" count="2" type="stmt"/>
      </file>
      <file name="index.ts" path="C:\Users\emil\OneDrive\Desktop\utility-lib\src\strings\index.ts">
        <metrics statements="25" coveredstatements="25" conditionals="2" coveredconditionals="2" methods="1" coveredmethods="1"/>
        <line num="1" count="29" type="stmt"/>
        <line num="2" count="29" type="stmt"/>
        <line num="3" count="29" type="stmt"/>
        <line num="4" count="29" type="stmt"/>
        <line num="5" count="29" type="stmt"/>
        <line num="6" count="29" type="stmt"/>
        <line num="7" count="29" type="stmt"/>
        <line num="8" count="29" type="stmt"/>
        <line num="9" count="29" type="stmt"/>
        <line num="10" count="29" type="stmt"/>
        <line num="11" count="29" type="stmt"/>
        <line num="12" count="29" type="stmt"/>
        <line num="21" count="29" type="cond" truecount="2" falsecount="0"/>
        <line num="22" count="29" type="stmt"/>
        <line num="23" count="29" type="stmt"/>
        <line num="24" count="29" type="stmt"/>
        <line num="25" count="29" type="stmt"/>
        <line num="26" count="29" type="stmt"/>
        <line num="27" count="29" type="stmt"/>
        <line num="28" count="29" type="stmt"/>
        <line num="29" count="29" type="stmt"/>
        <line num="30" count="29" type="stmt"/>
        <line num="31" count="29" type="stmt"/>
        <line num="32" count="29" type="stmt"/>
        <line num="33" count="29" type="stmt"/>
      </file>
      <file name="isRepeating.ts" path="C:\Users\emil\OneDrive\Desktop\utility-lib\src\strings\isRepeating.ts">
        <metrics statements="2" coveredstatements="2" conditionals="0" coveredconditionals="0" methods="1" coveredmethods="1"/>
        <line num="20" count="29" type="stmt"/>
        <line num="21" count="11" type="stmt"/>
      </file>
      <file name="reverse.ts" path="C:\Users\emil\OneDrive\Desktop\utility-lib\src\strings\reverse.ts">
        <metrics statements="2" coveredstatements="2" conditionals="0" coveredconditionals="0" methods="1" coveredmethods="1"/>
        <line num="14" count="29" type="stmt"/>
        <line num="15" count="5" type="stmt"/>
      </file>
      <file name="rgbaToHex.ts" path="C:\Users\emil\OneDrive\Desktop\utility-lib\src\strings\rgbaToHex.ts">
        <metrics statements="9" coveredstatements="9" conditionals="1" coveredconditionals="1" methods="1" coveredmethods="1"/>
        <line num="13" count="29" type="stmt"/>
        <line num="15" count="4" type="stmt"/>
        <line num="17" count="4" type="cond" truecount="1" falsecount="0"/>
        <line num="18" count="3" type="stmt"/>
        <line num="19" count="3" type="stmt"/>
        <line num="20" count="3" type="stmt"/>
        <line num="21" count="3" type="stmt"/>
        <line num="22" count="3" type="stmt"/>
        <line num="26" count="1" type="stmt"/>
      </file>
      <file name="titleCase.ts" path="C:\Users\emil\OneDrive\Desktop\utility-lib\src\strings\titleCase.ts">
        <metrics statements="3" coveredstatements="3" conditionals="0" coveredconditionals="0" methods="2" coveredmethods="2"/>
        <line num="14" count="29" type="stmt"/>
        <line num="15" count="5" type="stmt"/>
        <line num="18" count="12" type="stmt"/>
      </file>
      <file name="tokenize.ts" path="C:\Users\emil\OneDrive\Desktop\utility-lib\src\strings\tokenize.ts">
        <metrics statements="3" coveredstatements="3" conditionals="2" coveredconditionals="2" methods="1" coveredmethods="1"/>
        <line num="15" count="29" type="stmt"/>
        <line num="16" count="10" type="cond" truecount="2" falsecount="0"/>
        <line num="17" count="10" type="stmt"/>
      </file>
      <file name="truncate.ts" path="C:\Users\emil\OneDrive\Desktop\utility-lib\src\strings\truncate.ts">
        <metrics statements="2" coveredstatements="2" conditionals="2" coveredconditionals="2" methods="1" coveredmethods="1"/>
        <line num="15" count="29" type="stmt"/>
        <line num="16" count="6" type="cond" truecount="2" falsecount="0"/>
      </file>
    </package>
    <package name="src.utils">
      <metrics statements="12" coveredstatements="12" conditionals="9" coveredconditionals="9" methods="3" coveredmethods="3"/>
      <file name="compareValues.ts" path="C:\Users\emil\OneDrive\Desktop\utility-lib\src\utils\compareValues.ts">
        <metrics statements="5" coveredstatements="5" conditionals="7" coveredconditionals="7" methods="1" coveredmethods="1"/>
        <line num="12" count="30" type="stmt"/>
        <line num="13" count="195" type="cond" truecount="1" falsecount="0"/>
        <line num="14" count="194" type="cond" truecount="2" falsecount="0"/>
        <line num="15" count="169" type="cond" truecount="2" falsecount="0"/>
        <line num="17" count="25" type="cond" truecount="2" falsecount="0"/>
      </file>
      <file name="createGraphNode.ts" path="C:\Users\emil\OneDrive\Desktop\utility-lib\src\utils\createGraphNode.ts">
        <metrics statements="2" coveredstatements="2" conditionals="0" coveredconditionals="0" methods="1" coveredmethods="1"/>
        <line num="6" count="29" type="stmt"/>
        <line num="7" count="2" type="stmt"/>
      </file>
      <file name="index.ts" path="C:\Users\emil\OneDrive\Desktop\utility-lib\src\utils\index.ts">
        <metrics statements="5" coveredstatements="5" conditionals="2" coveredconditionals="2" methods="1" coveredmethods="1"/>
        <line num="1" count="29" type="stmt"/>
        <line num="2" count="29" type="stmt"/>
        <line num="11" count="29" type="cond" truecount="2" falsecount="0"/>
        <line num="12" count="29" type="stmt"/>
        <line num="13" count="29" type="stmt"/>
      </file>
    </package>
    <package name="src.validations">
      <metrics statements="53" coveredstatements="53" conditionals="72" coveredconditionals="71" methods="5" coveredmethods="5"/>
      <file name="index.ts" path="C:\Users\emil\OneDrive\Desktop\utility-lib\src\validations\index.ts">
        <metrics statements="5" coveredstatements="5" conditionals="2" coveredconditionals="2" methods="1" coveredmethods="1"/>
        <line num="1" count="29" type="stmt"/>
        <line num="2" count="29" type="stmt"/>
        <line num="11" count="29" type="cond" truecount="2" falsecount="0"/>
        <line num="12" count="29" type="stmt"/>
        <line num="13" count="29" type="stmt"/>
      </file>
      <file name="isValidEmail.ts" path="C:\Users\emil\OneDrive\Desktop\utility-lib\src\validations\isValidEmail.ts">
        <metrics statements="19" coveredstatements="19" conditionals="22" coveredconditionals="21" methods="3" coveredmethods="3"/>
        <line num="14" count="29" type="stmt"/>
        <line num="15" count="51" type="stmt"/>
        <line num="17" count="51" type="cond" truecount="5" falsecount="0"/>
        <line num="19" count="45" type="stmt"/>
        <line num="21" count="45" type="cond" truecount="1" falsecount="0"/>
        <line num="23" count="77" type="cond" truecount="3" falsecount="0"/>
        <line num="25" count="13" type="stmt"/>
        <line num="29" count="32" type="stmt"/>
        <line num="32" count="32" type="cond" truecount="3" falsecount="0"/>
        <line num="33" count="4" type="stmt"/>
        <line num="36" count="59" type="cond" truecount="3" falsecount="0"/>
        <line num="37" count="2" type="stmt"/>
        <line num="41" count="26" type="stmt"/>
        <line num="42" count="26" type="cond" truecount="1" falsecount="0"/>
        <line num="44" count="2" type="cond" truecount="2" falsecount="1"/>
        <line num="45" count="1" type="stmt"/>
        <line num="49" count="25" type="cond" truecount="1" falsecount="0"/>
        <line num="50" count="2" type="stmt"/>
        <line num="53" count="23" type="stmt"/>
      </file>
      <file name="validatePassword.ts" path="C:\Users\emil\OneDrive\Desktop\utility-lib\src\validations\validatePassword.ts">
        <metrics statements="29" coveredstatements="29" conditionals="48" coveredconditionals="48" methods="1" coveredmethods="1"/>
        <line num="1" count="29" type="stmt"/>
        <line num="51" count="29" type="stmt"/>
        <line num="64" count="11" type="cond" truecount="2" falsecount="0"/>
        <line num="66" count="11" type="stmt"/>
        <line num="68" count="11" type="cond" truecount="1" falsecount="0"/>
        <line num="69" count="1" type="cond" truecount="2" falsecount="0"/>
        <line num="70" count="1" type="stmt"/>
        <line num="73" count="11" type="cond" truecount="1" falsecount="0"/>
        <line num="74" count="1" type="cond" truecount="2" falsecount="0"/>
        <line num="75" count="1" type="stmt"/>
        <line num="78" count="11" type="cond" truecount="3" falsecount="0"/>
        <line num="79" count="1" type="cond" truecount="2" falsecount="0"/>
        <line num="80" count="1" type="stmt"/>
        <line num="83" count="11" type="cond" truecount="3" falsecount="0"/>
        <line num="84" count="1" type="cond" truecount="2" falsecount="0"/>
        <line num="85" count="1" type="stmt"/>
        <line num="88" count="11" type="cond" truecount="3" falsecount="0"/>
        <line num="89" count="1" type="cond" truecount="2" falsecount="0"/>
        <line num="90" count="1" type="stmt"/>
        <line num="93" count="11" type="cond" truecount="3" falsecount="0"/>
        <line num="94" count="1" type="cond" truecount="2" falsecount="0"/>
        <line num="95" count="1" type="stmt"/>
        <line num="98" count="11" type="cond" truecount="3" falsecount="0"/>
        <line num="99" count="2" type="cond" truecount="2" falsecount="0"/>
        <line num="100" count="2" type="stmt"/>
        <line num="103" count="11" type="cond" truecount="3" falsecount="0"/>
        <line num="104" count="2" type="cond" truecount="2" falsecount="0"/>
        <line num="105" count="2" type="stmt"/>
        <line num="108" count="11" type="stmt"/>
      </file>
    </package>
  </project>
</coverage>
