{"C:\\Users\\emil\\OneDrive\\Desktop\\utility-lib\\src\\index.ts": {"path":"C:\\Users\\emil\\OneDrive\\Desktop\\utility-lib\\src\\index.ts","statementMap":{"0":{"start":{"line":14,"column":0},"end":{"line":14,"column":9}},"1":{"start":{"line":18,"column":9},"end":{"line":14,"column":27}},"2":{"start":{"line":18,"column":27},"end":{"line":14,"column":41}},"3":{"start":{"line":18,"column":64},"end":{"line":14,"column":53}},"4":{"start":{"line":18,"column":119},"end":{"line":14,"column":67}},"5":{"start":{"line":18,"column":151},"end":{"line":14,"column":77}},"6":{"start":{"line":18,"column":161},"end":{"line":14,"column":90}},"7":{"start":{"line":18,"column":174},"end":{"line":14,"column":100}},"8":{"start":{"line":18,"column":184},"end":{"line":14,"column":116}},"9":{"start":{"line":18,"column":200},"end":{"line":14,"column":128}},"10":{"start":{"line":18,"column":227},"end":{"line":14,"column":142}},"11":{"start":{"line":18,"column":241},"end":{"line":14,"column":153}},"12":{"start":{"line":18,"column":252},"end":{"line":14,"column":177}},"13":{"start":{"line":18,"column":276},"end":{"line":14,"column":204}},"14":{"start":{"line":15,"column":0},"end":{"line":15,"column":9}},"15":{"start":{"line":18,"column":41},"end":{"line":15,"column":32}},"16":{"start":{"line":18,"column":91},"end":{"line":15,"column":60}},"17":{"start":{"line":18,"column":133},"end":{"line":15,"column":78}},"18":{"start":{"line":18,"column":212},"end":{"line":15,"column":93}},"19":{"start":{"line":18,"column":286},"end":{"line":15,"column":104}},"20":{"start":{"line":18,"column":297},"end":{"line":15,"column":122}},"21":{"start":{"line":18,"column":315},"end":{"line":15,"column":156}},"22":{"start":{"line":16,"column":0},"end":{"line":16,"column":9}},"23":{"start":{"line":18,"column":76},"end":{"line":16,"column":40}}},"fnMap":{"0":{"name":"(anonymous_0)","decl":{"start":{"line":18,"column":9},"end":{"line":18,"column":25}},"loc":{"start":{"line":18,"column":9},"end":{"line":14,"column":27}}},"1":{"name":"(anonymous_1)","decl":{"start":{"line":18,"column":27},"end":{"line":18,"column":39}},"loc":{"start":{"line":18,"column":27},"end":{"line":14,"column":41}}},"2":{"name":"(anonymous_2)","decl":{"start":{"line":18,"column":64},"end":{"line":18,"column":74}},"loc":{"start":{"line":18,"column":64},"end":{"line":14,"column":53}}},"3":{"name":"(anonymous_3)","decl":{"start":{"line":18,"column":119},"end":{"line":18,"column":131}},"loc":{"start":{"line":18,"column":119},"end":{"line":14,"column":67}}},"4":{"name":"(anonymous_4)","decl":{"start":{"line":18,"column":151},"end":{"line":18,"column":159}},"loc":{"start":{"line":18,"column":151},"end":{"line":14,"column":77}}},"5":{"name":"(anonymous_5)","decl":{"start":{"line":18,"column":161},"end":{"line":18,"column":172}},"loc":{"start":{"line":18,"column":161},"end":{"line":14,"column":90}}},"6":{"name":"(anonymous_6)","decl":{"start":{"line":18,"column":174},"end":{"line":18,"column":182}},"loc":{"start":{"line":18,"column":174},"end":{"line":14,"column":100}}},"7":{"name":"(anonymous_7)","decl":{"start":{"line":18,"column":184},"end":{"line":18,"column":198}},"loc":{"start":{"line":18,"column":184},"end":{"line":14,"column":116}}},"8":{"name":"(anonymous_8)","decl":{"start":{"line":18,"column":200},"end":{"line":18,"column":210}},"loc":{"start":{"line":18,"column":200},"end":{"line":14,"column":128}}},"9":{"name":"(anonymous_9)","decl":{"start":{"line":18,"column":227},"end":{"line":18,"column":239}},"loc":{"start":{"line":18,"column":227},"end":{"line":14,"column":142}}},"10":{"name":"(anonymous_10)","decl":{"start":{"line":18,"column":241},"end":{"line":18,"column":250}},"loc":{"start":{"line":18,"column":241},"end":{"line":14,"column":153}}},"11":{"name":"(anonymous_11)","decl":{"start":{"line":18,"column":252},"end":{"line":18,"column":274}},"loc":{"start":{"line":18,"column":252},"end":{"line":14,"column":177}}},"12":{"name":"(anonymous_12)","decl":{"start":{"line":18,"column":276},"end":{"line":18,"column":284}},"loc":{"start":{"line":18,"column":276},"end":{"line":14,"column":204}}},"13":{"name":"(anonymous_13)","decl":{"start":{"line":18,"column":41},"end":{"line":18,"column":62}},"loc":{"start":{"line":18,"column":41},"end":{"line":15,"column":32}}},"14":{"name":"(anonymous_14)","decl":{"start":{"line":18,"column":91},"end":{"line":18,"column":117}},"loc":{"start":{"line":18,"column":91},"end":{"line":15,"column":60}}},"15":{"name":"(anonymous_15)","decl":{"start":{"line":18,"column":133},"end":{"line":18,"column":149}},"loc":{"start":{"line":18,"column":133},"end":{"line":15,"column":78}}},"16":{"name":"(anonymous_16)","decl":{"start":{"line":18,"column":212},"end":{"line":18,"column":225}},"loc":{"start":{"line":18,"column":212},"end":{"line":15,"column":93}}},"17":{"name":"(anonymous_17)","decl":{"start":{"line":18,"column":286},"end":{"line":18,"column":295}},"loc":{"start":{"line":18,"column":286},"end":{"line":15,"column":104}}},"18":{"name":"(anonymous_18)","decl":{"start":{"line":18,"column":297},"end":{"line":18,"column":313}},"loc":{"start":{"line":18,"column":297},"end":{"line":15,"column":122}}},"19":{"name":"(anonymous_19)","decl":{"start":{"line":18,"column":315},"end":{"line":18,"column":329}},"loc":{"start":{"line":18,"column":315},"end":{"line":15,"column":156}}},"20":{"name":"(anonymous_20)","decl":{"start":{"line":18,"column":76},"end":{"line":18,"column":89}},"loc":{"start":{"line":18,"column":76},"end":{"line":16,"column":40}}}},"branchMap":{},"s":{"0":19,"1":20,"2":23,"3":25,"4":22,"5":23,"6":26,"7":23,"8":21,"9":21,"10":22,"11":19,"12":22,"13":23,"14":19,"15":21,"16":22,"17":24,"18":24,"19":24,"20":24,"21":25,"22":19,"23":19},"f":{"0":1,"1":4,"2":6,"3":3,"4":4,"5":7,"6":4,"7":2,"8":2,"9":3,"10":0,"11":3,"12":4,"13":2,"14":3,"15":5,"16":5,"17":5,"18":5,"19":6,"20":0},"b":{}}
,"C:\\Users\\emil\\OneDrive\\Desktop\\utility-lib\\src\\arrays\\analyzeData.ts": {"path":"C:\\Users\\emil\\OneDrive\\Desktop\\utility-lib\\src\\arrays\\analyzeData.ts","statementMap":{"0":{"start":{"line":2,"column":0},"end":{"line":2,"column":null}},"1":{"start":{"line":47,"column":18},"end":{"line":47,"column":36}},"2":{"start":{"line":48,"column":14},"end":{"line":48,"column":28}},"3":{"start":{"line":49,"column":14},"end":{"line":49,"column":28}},"4":{"start":{"line":50,"column":17},"end":{"line":50,"column":34}},"5":{"start":{"line":51,"column":16},"end":{"line":51,"column":36}},"6":{"start":{"line":52,"column":21},"end":{"line":52,"column":47}},"7":{"start":{"line":53,"column":28},"end":{"line":53,"column":56}},"8":{"start":{"line":54,"column":14},"end":{"line":54,"column":28}},"9":{"start":{"line":55,"column":17},"end":{"line":55,"column":32}},"10":{"start":{"line":56,"column":19},"end":{"line":56,"column":37}},"11":{"start":{"line":57,"column":19},"end":{"line":57,"column":37}},"12":{"start":{"line":59,"column":2},"end":{"line":71,"column":4}},"13":{"start":{"line":46,"column":0},"end":{"line":46,"column":16}}},"fnMap":{"0":{"name":"analyzeDataArray","decl":{"start":{"line":46,"column":16},"end":{"line":46,"column":32}},"loc":{"start":{"line":46,"column":47},"end":{"line":72,"column":1}}}},"branchMap":{},"s":{"0":20,"1":1,"2":1,"3":1,"4":1,"5":1,"6":1,"7":1,"8":1,"9":1,"10":1,"11":1,"12":1,"13":20},"f":{"0":1},"b":{}}
,"C:\\Users\\emil\\OneDrive\\Desktop\\utility-lib\\src\\arrays\\average.ts": {"path":"C:\\Users\\emil\\OneDrive\\Desktop\\utility-lib\\src\\arrays\\average.ts","statementMap":{"0":{"start":{"line":15,"column":2},"end":{"line":15,"column":37}},"1":{"start":{"line":15,"column":28},"end":{"line":15,"column":37}},"2":{"start":{"line":16,"column":14},"end":{"line":16,"column":56}},"3":{"start":{"line":16,"column":43},"end":{"line":16,"column":52}},"4":{"start":{"line":17,"column":2},"end":{"line":17,"column":30}},"5":{"start":{"line":14,"column":0},"end":{"line":14,"column":16}}},"fnMap":{"0":{"name":"averageArray","decl":{"start":{"line":14,"column":16},"end":{"line":14,"column":28}},"loc":{"start":{"line":14,"column":46},"end":{"line":18,"column":1}}},"1":{"name":"(anonymous_1)","decl":{"start":{"line":16,"column":29},"end":{"line":16,"column":30}},"loc":{"start":{"line":16,"column":43},"end":{"line":16,"column":52}}}},"branchMap":{"0":{"loc":{"start":{"line":15,"column":2},"end":{"line":15,"column":37}},"type":"if","locations":[{"start":{"line":15,"column":2},"end":{"line":15,"column":37}}]}},"s":{"0":5,"1":1,"2":4,"3":20,"4":4,"5":20},"f":{"0":5,"1":20},"b":{"0":[1]}}
,"C:\\Users\\emil\\OneDrive\\Desktop\\utility-lib\\src\\arrays\\chunk.ts": {"path":"C:\\Users\\emil\\OneDrive\\Desktop\\utility-lib\\src\\arrays\\chunk.ts","statementMap":{"0":{"start":{"line":24,"column":2},"end":{"line":26,"column":null}},"1":{"start":{"line":25,"column":4},"end":{"line":25,"column":55}},"2":{"start":{"line":28,"column":24},"end":{"line":28,"column":26}},"3":{"start":{"line":29,"column":2},"end":{"line":31,"column":null}},"4":{"start":{"line":29,"column":15},"end":{"line":29,"column":16}},"5":{"start":{"line":30,"column":4},"end":{"line":30,"column":40}},"6":{"start":{"line":33,"column":2},"end":{"line":33,"column":16}},"7":{"start":{"line":23,"column":0},"end":{"line":23,"column":16}}},"fnMap":{"0":{"name":"chunkArray","decl":{"start":{"line":23,"column":16},"end":{"line":23,"column":26}},"loc":{"start":{"line":23,"column":52},"end":{"line":34,"column":1}}}},"branchMap":{"0":{"loc":{"start":{"line":24,"column":2},"end":{"line":26,"column":null}},"type":"if","locations":[{"start":{"line":24,"column":2},"end":{"line":26,"column":null}}]}},"s":{"0":6,"1":2,"2":4,"3":4,"4":4,"5":9,"6":4,"7":20},"f":{"0":6},"b":{"0":[2]}}
,"C:\\Users\\emil\\OneDrive\\Desktop\\utility-lib\\src\\arrays\\findOutliers.ts": {"path":"C:\\Users\\emil\\OneDrive\\Desktop\\utility-lib\\src\\arrays\\findOutliers.ts","statementMap":{"0":{"start":{"line":1,"column":0},"end":{"line":1,"column":39}},"1":{"start":{"line":2,"column":0},"end":{"line":2,"column":61}},"2":{"start":{"line":22,"column":17},"end":{"line":22,"column":37}},"3":{"start":{"line":23,"column":28},"end":{"line":23,"column":59}},"4":{"start":{"line":24,"column":20},"end":{"line":24,"column":21}},"5":{"start":{"line":26,"column":2},"end":{"line":26,"column":95}},"6":{"start":{"line":26,"column":36},"end":{"line":26,"column":93}},"7":{"start":{"line":21,"column":0},"end":{"line":21,"column":16}}},"fnMap":{"0":{"name":"findOutliers","decl":{"start":{"line":21,"column":16},"end":{"line":21,"column":28}},"loc":{"start":{"line":21,"column":46},"end":{"line":27,"column":1}}},"1":{"name":"(anonymous_1)","decl":{"start":{"line":26,"column":24},"end":{"line":26,"column":25}},"loc":{"start":{"line":26,"column":36},"end":{"line":26,"column":93}}}},"branchMap":{},"s":{"0":20,"1":20,"2":4,"3":4,"4":4,"5":4,"6":31,"7":20},"f":{"0":4,"1":31},"b":{}}
,"C:\\Users\\emil\\OneDrive\\Desktop\\utility-lib\\src\\arrays\\index.ts": {"path":"C:\\Users\\emil\\OneDrive\\Desktop\\utility-lib\\src\\arrays\\index.ts","statementMap":{"0":{"start":{"line":9,"column":0},"end":{"line":9,"column":9}},"1":{"start":{"line":23,"column":9},"end":{"line":9,"column":49}},"2":{"start":{"line":10,"column":0},"end":{"line":10,"column":9}},"3":{"start":{"line":23,"column":27},"end":{"line":10,"column":41}},"4":{"start":{"line":11,"column":0},"end":{"line":11,"column":9}},"5":{"start":{"line":23,"column":41},"end":{"line":11,"column":37}},"6":{"start":{"line":12,"column":0},"end":{"line":12,"column":9}},"7":{"start":{"line":23,"column":53},"end":{"line":12,"column":46}},"8":{"start":{"line":13,"column":0},"end":{"line":13,"column":9}},"9":{"start":{"line":23,"column":67},"end":{"line":13,"column":33}},"10":{"start":{"line":14,"column":0},"end":{"line":14,"column":9}},"11":{"start":{"line":23,"column":77},"end":{"line":14,"column":39}},"12":{"start":{"line":15,"column":0},"end":{"line":15,"column":9}},"13":{"start":{"line":23,"column":90},"end":{"line":15,"column":33}},"14":{"start":{"line":16,"column":0},"end":{"line":16,"column":9}},"15":{"start":{"line":23,"column":100},"end":{"line":16,"column":45}},"16":{"start":{"line":17,"column":0},"end":{"line":17,"column":9}},"17":{"start":{"line":23,"column":116},"end":{"line":17,"column":37}},"18":{"start":{"line":18,"column":0},"end":{"line":18,"column":9}},"19":{"start":{"line":23,"column":128},"end":{"line":18,"column":41}},"20":{"start":{"line":19,"column":0},"end":{"line":19,"column":9}},"21":{"start":{"line":23,"column":142},"end":{"line":19,"column":35}},"22":{"start":{"line":20,"column":0},"end":{"line":20,"column":9}},"23":{"start":{"line":23,"column":153},"end":{"line":20,"column":61}},"24":{"start":{"line":21,"column":0},"end":{"line":21,"column":9}},"25":{"start":{"line":23,"column":177},"end":{"line":21,"column":33}}},"fnMap":{"0":{"name":"(anonymous_0)","decl":{"start":{"line":23,"column":9},"end":{"line":23,"column":25}},"loc":{"start":{"line":23,"column":9},"end":{"line":9,"column":49}}},"1":{"name":"(anonymous_1)","decl":{"start":{"line":23,"column":27},"end":{"line":23,"column":39}},"loc":{"start":{"line":23,"column":27},"end":{"line":10,"column":41}}},"2":{"name":"(anonymous_2)","decl":{"start":{"line":23,"column":41},"end":{"line":23,"column":51}},"loc":{"start":{"line":23,"column":41},"end":{"line":11,"column":37}}},"3":{"name":"(anonymous_3)","decl":{"start":{"line":23,"column":53},"end":{"line":23,"column":65}},"loc":{"start":{"line":23,"column":53},"end":{"line":12,"column":46}}},"4":{"name":"(anonymous_4)","decl":{"start":{"line":23,"column":67},"end":{"line":23,"column":75}},"loc":{"start":{"line":23,"column":67},"end":{"line":13,"column":33}}},"5":{"name":"(anonymous_5)","decl":{"start":{"line":23,"column":77},"end":{"line":23,"column":88}},"loc":{"start":{"line":23,"column":77},"end":{"line":14,"column":39}}},"6":{"name":"(anonymous_6)","decl":{"start":{"line":23,"column":90},"end":{"line":23,"column":98}},"loc":{"start":{"line":23,"column":90},"end":{"line":15,"column":33}}},"7":{"name":"(anonymous_7)","decl":{"start":{"line":23,"column":100},"end":{"line":23,"column":114}},"loc":{"start":{"line":23,"column":100},"end":{"line":16,"column":45}}},"8":{"name":"(anonymous_8)","decl":{"start":{"line":23,"column":116},"end":{"line":23,"column":126}},"loc":{"start":{"line":23,"column":116},"end":{"line":17,"column":37}}},"9":{"name":"(anonymous_9)","decl":{"start":{"line":23,"column":128},"end":{"line":23,"column":140}},"loc":{"start":{"line":23,"column":128},"end":{"line":18,"column":41}}},"10":{"name":"(anonymous_10)","decl":{"start":{"line":23,"column":142},"end":{"line":23,"column":151}},"loc":{"start":{"line":23,"column":142},"end":{"line":19,"column":35}}},"11":{"name":"(anonymous_11)","decl":{"start":{"line":23,"column":153},"end":{"line":23,"column":175}},"loc":{"start":{"line":23,"column":153},"end":{"line":20,"column":61}}},"12":{"name":"(anonymous_12)","decl":{"start":{"line":23,"column":177},"end":{"line":23,"column":185}},"loc":{"start":{"line":23,"column":177},"end":{"line":21,"column":33}}}},"branchMap":{},"s":{"0":20,"1":21,"2":20,"3":25,"4":20,"5":26,"6":20,"7":24,"8":20,"9":25,"10":20,"11":28,"12":20,"13":25,"14":20,"15":23,"16":20,"17":23,"18":20,"19":24,"20":20,"21":32,"22":20,"23":24,"24":20,"25":25},"f":{"0":1,"1":5,"2":6,"3":4,"4":5,"5":8,"6":5,"7":3,"8":3,"9":4,"10":12,"11":4,"12":5},"b":{}}
,"C:\\Users\\emil\\OneDrive\\Desktop\\utility-lib\\src\\arrays\\max.ts": {"path":"C:\\Users\\emil\\OneDrive\\Desktop\\utility-lib\\src\\arrays\\max.ts","statementMap":{"0":{"start":{"line":15,"column":2},"end":{"line":15,"column":37}},"1":{"start":{"line":15,"column":28},"end":{"line":15,"column":37}},"2":{"start":{"line":16,"column":2},"end":{"line":16,"column":30}},"3":{"start":{"line":14,"column":0},"end":{"line":14,"column":16}}},"fnMap":{"0":{"name":"maxArray","decl":{"start":{"line":14,"column":16},"end":{"line":14,"column":24}},"loc":{"start":{"line":14,"column":42},"end":{"line":17,"column":1}}}},"branchMap":{"0":{"loc":{"start":{"line":15,"column":2},"end":{"line":15,"column":37}},"type":"if","locations":[{"start":{"line":15,"column":2},"end":{"line":15,"column":37}}]}},"s":{"0":5,"1":1,"2":4,"3":20},"f":{"0":5},"b":{"0":[1]}}
,"C:\\Users\\emil\\OneDrive\\Desktop\\utility-lib\\src\\arrays\\median.ts": {"path":"C:\\Users\\emil\\OneDrive\\Desktop\\utility-lib\\src\\arrays\\median.ts","statementMap":{"0":{"start":{"line":1,"column":0},"end":{"line":1,"column":35}},"1":{"start":{"line":25,"column":24},"end":{"line":25,"column":42}},"2":{"start":{"line":26,"column":17},"end":{"line":26,"column":53}},"3":{"start":{"line":27,"column":2},"end":{"line":31,"column":null}},"4":{"start":{"line":28,"column":4},"end":{"line":28,"column":67}},"5":{"start":{"line":30,"column":4},"end":{"line":30,"column":33}},"6":{"start":{"line":24,"column":0},"end":{"line":24,"column":16}}},"fnMap":{"0":{"name":"medianArray","decl":{"start":{"line":24,"column":16},"end":{"line":24,"column":27}},"loc":{"start":{"line":24,"column":45},"end":{"line":32,"column":1}}}},"branchMap":{"0":{"loc":{"start":{"line":27,"column":2},"end":{"line":31,"column":null}},"type":"if","locations":[{"start":{"line":27,"column":2},"end":{"line":31,"column":null}},{"start":{"line":29,"column":9},"end":{"line":31,"column":null}}]}},"s":{"0":20,"1":12,"2":12,"3":12,"4":5,"5":7,"6":20},"f":{"0":12},"b":{"0":[5,7]}}
,"C:\\Users\\emil\\OneDrive\\Desktop\\utility-lib\\src\\arrays\\min.ts": {"path":"C:\\Users\\emil\\OneDrive\\Desktop\\utility-lib\\src\\arrays\\min.ts","statementMap":{"0":{"start":{"line":15,"column":2},"end":{"line":15,"column":37}},"1":{"start":{"line":15,"column":28},"end":{"line":15,"column":37}},"2":{"start":{"line":16,"column":2},"end":{"line":16,"column":30}},"3":{"start":{"line":14,"column":0},"end":{"line":14,"column":16}}},"fnMap":{"0":{"name":"minArray","decl":{"start":{"line":14,"column":16},"end":{"line":14,"column":24}},"loc":{"start":{"line":14,"column":42},"end":{"line":17,"column":1}}}},"branchMap":{"0":{"loc":{"start":{"line":15,"column":2},"end":{"line":15,"column":37}},"type":"if","locations":[{"start":{"line":15,"column":2},"end":{"line":15,"column":37}}]}},"s":{"0":5,"1":1,"2":4,"3":20},"f":{"0":5},"b":{"0":[1]}}
,"C:\\Users\\emil\\OneDrive\\Desktop\\utility-lib\\src\\arrays\\normalize.ts": {"path":"C:\\Users\\emil\\OneDrive\\Desktop\\utility-lib\\src\\arrays\\normalize.ts","statementMap":{"0":{"start":{"line":23,"column":19},"end":{"line":23,"column":39}},"1":{"start":{"line":24,"column":16},"end":{"line":24,"column":47}},"2":{"start":{"line":26,"column":2},"end":{"line":28,"column":null}},"3":{"start":{"line":27,"column":4},"end":{"line":27,"column":46}},"4":{"start":{"line":27,"column":29},"end":{"line":27,"column":44}},"5":{"start":{"line":30,"column":2},"end":{"line":30,"column":82}},"6":{"start":{"line":30,"column":32},"end":{"line":30,"column":80}},"7":{"start":{"line":22,"column":0},"end":{"line":22,"column":16}}},"fnMap":{"0":{"name":"normalizeArray","decl":{"start":{"line":22,"column":16},"end":{"line":22,"column":30}},"loc":{"start":{"line":22,"column":74},"end":{"line":31,"column":1}}},"1":{"name":"(anonymous_1)","decl":{"start":{"line":27,"column":23},"end":{"line":27,"column":26}},"loc":{"start":{"line":27,"column":29},"end":{"line":27,"column":44}}},"2":{"name":"(anonymous_2)","decl":{"start":{"line":30,"column":21},"end":{"line":30,"column":22}},"loc":{"start":{"line":30,"column":32},"end":{"line":30,"column":80}}}},"branchMap":{"0":{"loc":{"start":{"line":26,"column":2},"end":{"line":28,"column":null}},"type":"if","locations":[{"start":{"line":26,"column":2},"end":{"line":28,"column":null}}]}},"s":{"0":3,"1":3,"2":3,"3":1,"4":5,"5":2,"6":15,"7":20},"f":{"0":3,"1":5,"2":15},"b":{"0":[1]}}
,"C:\\Users\\emil\\OneDrive\\Desktop\\utility-lib\\src\\arrays\\range.ts": {"path":"C:\\Users\\emil\\OneDrive\\Desktop\\utility-lib\\src\\arrays\\range.ts","statementMap":{"0":{"start":{"line":15,"column":21},"end":{"line":15,"column":46}},"1":{"start":{"line":16,"column":21},"end":{"line":16,"column":46}},"2":{"start":{"line":17,"column":17},"end":{"line":17,"column":44}},"3":{"start":{"line":18,"column":2},"end":{"line":18,"column":66}},"4":{"start":{"line":18,"column":46},"end":{"line":18,"column":64}},"5":{"start":{"line":14,"column":0},"end":{"line":14,"column":16}}},"fnMap":{"0":{"name":"rangeArray","decl":{"start":{"line":14,"column":16},"end":{"line":14,"column":26}},"loc":{"start":{"line":14,"column":53},"end":{"line":19,"column":1}}},"1":{"name":"(anonymous_1)","decl":{"start":{"line":18,"column":32},"end":{"line":18,"column":33}},"loc":{"start":{"line":18,"column":46},"end":{"line":18,"column":64}}}},"branchMap":{"0":{"loc":{"start":{"line":15,"column":21},"end":{"line":15,"column":46}},"type":"cond-expr","locations":[{"start":{"line":15,"column":35},"end":{"line":15,"column":40}},{"start":{"line":15,"column":43},"end":{"line":15,"column":46}}]},"1":{"loc":{"start":{"line":16,"column":21},"end":{"line":16,"column":46}},"type":"cond-expr","locations":[{"start":{"line":16,"column":35},"end":{"line":16,"column":38}},{"start":{"line":16,"column":41},"end":{"line":16,"column":46}}]}},"s":{"0":3,"1":3,"2":3,"3":3,"4":17,"5":20},"f":{"0":3,"1":17},"b":{"0":[2,1],"1":[2,1]}}
,"C:\\Users\\emil\\OneDrive\\Desktop\\utility-lib\\src\\arrays\\shuffle.ts": {"path":"C:\\Users\\emil\\OneDrive\\Desktop\\utility-lib\\src\\arrays\\shuffle.ts","statementMap":{"0":{"start":{"line":21,"column":29},"end":{"line":21,"column":39}},"1":{"start":{"line":22,"column":2},"end":{"line":25,"column":null}},"2":{"start":{"line":22,"column":15},"end":{"line":22,"column":39}},"3":{"start":{"line":23,"column":14},"end":{"line":23,"column":49}},"4":{"start":{"line":24,"column":4},"end":{"line":24,"column":80}},"5":{"start":{"line":26,"column":2},"end":{"line":26,"column":23}},"6":{"start":{"line":20,"column":0},"end":{"line":20,"column":16}}},"fnMap":{"0":{"name":"shuffleArray","decl":{"start":{"line":20,"column":16},"end":{"line":20,"column":28}},"loc":{"start":{"line":20,"column":42},"end":{"line":27,"column":1}}}},"branchMap":{},"s":{"0":4,"1":4,"2":4,"3":20,"4":20,"5":4,"6":20},"f":{"0":4},"b":{}}
,"C:\\Users\\emil\\OneDrive\\Desktop\\utility-lib\\src\\arrays\\sort.ts": {"path":"C:\\Users\\emil\\OneDrive\\Desktop\\utility-lib\\src\\arrays\\sort.ts","statementMap":{"0":{"start":{"line":2,"column":0},"end":{"line":2,"column":41}},"1":{"start":{"line":25,"column":22},"end":{"line":25,"column":32}},"2":{"start":{"line":26,"column":2},"end":{"line":26,"column":68}},"3":{"start":{"line":26,"column":36},"end":{"line":26,"column":66}},"4":{"start":{"line":24,"column":0},"end":{"line":24,"column":16}}},"fnMap":{"0":{"name":"sortArray","decl":{"start":{"line":24,"column":16},"end":{"line":24,"column":25}},"loc":{"start":{"line":24,"column":69},"end":{"line":27,"column":1}}},"1":{"name":"(anonymous_1)","decl":{"start":{"line":26,"column":26},"end":{"line":26,"column":27}},"loc":{"start":{"line":26,"column":36},"end":{"line":26,"column":66}}}},"branchMap":{"0":{"loc":{"start":{"line":24,"column":41},"end":{"line":24,"column":69}},"type":"default-arg","locations":[{"start":{"line":24,"column":64},"end":{"line":24,"column":69}}]}},"s":{"0":20,"1":24,"2":24,"3":195,"4":20},"f":{"0":24,"1":195},"b":{"0":[19]}}
,"C:\\Users\\emil\\OneDrive\\Desktop\\utility-lib\\src\\arrays\\standardDeviation.ts": {"path":"C:\\Users\\emil\\OneDrive\\Desktop\\utility-lib\\src\\arrays\\standardDeviation.ts","statementMap":{"0":{"start":{"line":1,"column":0},"end":{"line":1,"column":33}},"1":{"start":{"line":20,"column":2},"end":{"line":20,"column":37}},"2":{"start":{"line":20,"column":28},"end":{"line":20,"column":37}},"3":{"start":{"line":22,"column":15},"end":{"line":22,"column":49}},"4":{"start":{"line":24,"column":29},"end":{"line":27,"column":4}},"5":{"start":{"line":25,"column":17},"end":{"line":25,"column":27}},"6":{"start":{"line":26,"column":4},"end":{"line":26,"column":23}},"7":{"start":{"line":29,"column":19},"end":{"line":29,"column":64}},"8":{"start":{"line":31,"column":2},"end":{"line":31,"column":29}},"9":{"start":{"line":19,"column":0},"end":{"line":19,"column":16}}},"fnMap":{"0":{"name":"standardDeviationArray","decl":{"start":{"line":19,"column":16},"end":{"line":19,"column":38}},"loc":{"start":{"line":19,"column":56},"end":{"line":32,"column":1}}},"1":{"name":"(anonymous_1)","decl":{"start":{"line":24,"column":41},"end":{"line":24,"column":42}},"loc":{"start":{"line":24,"column":49},"end":{"line":27,"column":3}}}},"branchMap":{"0":{"loc":{"start":{"line":20,"column":2},"end":{"line":20,"column":37}},"type":"if","locations":[{"start":{"line":20,"column":2},"end":{"line":20,"column":37}}]}},"s":{"0":20,"1":8,"2":1,"3":7,"4":7,"5":51,"6":51,"7":7,"8":7,"9":20},"f":{"0":8,"1":51},"b":{"0":[1]}}
,"C:\\Users\\emil\\OneDrive\\Desktop\\utility-lib\\src\\arrays\\sum.ts": {"path":"C:\\Users\\emil\\OneDrive\\Desktop\\utility-lib\\src\\arrays\\sum.ts","statementMap":{"0":{"start":{"line":15,"column":2},"end":{"line":15,"column":52}},"1":{"start":{"line":15,"column":38},"end":{"line":15,"column":47}},"2":{"start":{"line":14,"column":0},"end":{"line":14,"column":16}}},"fnMap":{"0":{"name":"sumArray","decl":{"start":{"line":14,"column":16},"end":{"line":14,"column":24}},"loc":{"start":{"line":14,"column":42},"end":{"line":16,"column":1}}},"1":{"name":"(anonymous_1)","decl":{"start":{"line":15,"column":24},"end":{"line":15,"column":25}},"loc":{"start":{"line":15,"column":38},"end":{"line":15,"column":47}}}},"branchMap":{},"s":{"0":19,"1":122,"2":20},"f":{"0":19,"1":122},"b":{}}
,"C:\\Users\\emil\\OneDrive\\Desktop\\utility-lib\\src\\strings\\capitalizeFirstLetter.ts": {"path":"C:\\Users\\emil\\OneDrive\\Desktop\\utility-lib\\src\\strings\\capitalizeFirstLetter.ts","statementMap":{"0":{"start":{"line":15,"column":2},"end":{"line":15,"column":35}},"1":{"start":{"line":15,"column":24},"end":{"line":15,"column":35}},"2":{"start":{"line":16,"column":2},"end":{"line":16,"column":52}},"3":{"start":{"line":14,"column":0},"end":{"line":14,"column":16}}},"fnMap":{"0":{"name":"capitalizeFirstLetter","decl":{"start":{"line":14,"column":16},"end":{"line":14,"column":37}},"loc":{"start":{"line":14,"column":49},"end":{"line":17,"column":1}}}},"branchMap":{"0":{"loc":{"start":{"line":15,"column":2},"end":{"line":15,"column":35}},"type":"if","locations":[{"start":{"line":15,"column":2},"end":{"line":15,"column":35}}]}},"s":{"0":2,"1":1,"2":1,"3":19},"f":{"0":2},"b":{"0":[1]}}
,"C:\\Users\\emil\\OneDrive\\Desktop\\utility-lib\\src\\strings\\extractSubstringsByPattern.ts": {"path":"C:\\Users\\emil\\OneDrive\\Desktop\\utility-lib\\src\\strings\\extractSubstringsByPattern.ts","statementMap":{"0":{"start":{"line":18,"column":28},"end":{"line":18,"column":30}},"1":{"start":{"line":21,"column":2},"end":{"line":23,"column":null}},"2":{"start":{"line":22,"column":4},"end":{"line":22,"column":27}},"3":{"start":{"line":25,"column":2},"end":{"line":25,"column":17}},"4":{"start":{"line":17,"column":0},"end":{"line":17,"column":16}}},"fnMap":{"0":{"name":"extractSubstringsByPattern","decl":{"start":{"line":17,"column":16},"end":{"line":17,"column":42}},"loc":{"start":{"line":17,"column":71},"end":{"line":26,"column":1}}}},"branchMap":{},"s":{"0":3,"1":3,"2":16,"3":3,"4":19},"f":{"0":3},"b":{}}
,"C:\\Users\\emil\\OneDrive\\Desktop\\utility-lib\\src\\strings\\getWordFrequency.ts": {"path":"C:\\Users\\emil\\OneDrive\\Desktop\\utility-lib\\src\\strings\\getWordFrequency.ts","statementMap":{"0":{"start":{"line":1,"column":0},"end":{"line":1,"column":46}},"1":{"start":{"line":18,"column":16},"end":{"line":18,"column":42}},"2":{"start":{"line":19,"column":56},"end":{"line":19,"column":58}},"3":{"start":{"line":21,"column":2},"end":{"line":26,"column":null}},"4":{"start":{"line":22,"column":26},"end":{"line":22,"column":44}},"5":{"start":{"line":23,"column":4},"end":{"line":25,"column":10}},"6":{"start":{"line":28,"column":2},"end":{"line":28,"column":31}},"7":{"start":{"line":17,"column":0},"end":{"line":17,"column":16}}},"fnMap":{"0":{"name":"getWordFrequency","decl":{"start":{"line":17,"column":16},"end":{"line":17,"column":32}},"loc":{"start":{"line":17,"column":49},"end":{"line":29,"column":1}}}},"branchMap":{"0":{"loc":{"start":{"line":23,"column":43},"end":{"line":25,"column":9}},"type":"cond-expr","locations":[{"start":{"line":24,"column":8},"end":{"line":24,"column":48}},{"start":{"line":25,"column":8},"end":{"line":25,"column":9}}]}},"s":{"0":19,"1":5,"2":5,"3":5,"4":27,"5":27,"6":5,"7":19},"f":{"0":5},"b":{"0":[7,20]}}
,"C:\\Users\\emil\\OneDrive\\Desktop\\utility-lib\\src\\strings\\index.ts": {"path":"C:\\Users\\emil\\OneDrive\\Desktop\\utility-lib\\src\\strings\\index.ts","statementMap":{"0":{"start":{"line":8,"column":0},"end":{"line":8,"column":9}},"1":{"start":{"line":16,"column":9},"end":{"line":8,"column":64}},"2":{"start":{"line":9,"column":0},"end":{"line":9,"column":9}},"3":{"start":{"line":16,"column":32},"end":{"line":9,"column":74}},"4":{"start":{"line":10,"column":0},"end":{"line":10,"column":9}},"5":{"start":{"line":16,"column":60},"end":{"line":10,"column":54}},"6":{"start":{"line":11,"column":0},"end":{"line":11,"column":9}},"7":{"start":{"line":16,"column":78},"end":{"line":11,"column":42}},"8":{"start":{"line":12,"column":0},"end":{"line":12,"column":9}},"9":{"start":{"line":16,"column":93},"end":{"line":12,"column":40}},"10":{"start":{"line":13,"column":0},"end":{"line":13,"column":9}},"11":{"start":{"line":16,"column":104},"end":{"line":13,"column":46}},"12":{"start":{"line":14,"column":0},"end":{"line":14,"column":9}},"13":{"start":{"line":16,"column":122},"end":{"line":14,"column":44}}},"fnMap":{"0":{"name":"(anonymous_0)","decl":{"start":{"line":16,"column":9},"end":{"line":16,"column":30}},"loc":{"start":{"line":16,"column":9},"end":{"line":8,"column":64}}},"1":{"name":"(anonymous_1)","decl":{"start":{"line":16,"column":32},"end":{"line":16,"column":58}},"loc":{"start":{"line":16,"column":32},"end":{"line":9,"column":74}}},"2":{"name":"(anonymous_2)","decl":{"start":{"line":16,"column":60},"end":{"line":16,"column":76}},"loc":{"start":{"line":16,"column":60},"end":{"line":10,"column":54}}},"3":{"name":"(anonymous_3)","decl":{"start":{"line":16,"column":78},"end":{"line":16,"column":91}},"loc":{"start":{"line":16,"column":78},"end":{"line":11,"column":42}}},"4":{"name":"(anonymous_4)","decl":{"start":{"line":16,"column":93},"end":{"line":16,"column":102}},"loc":{"start":{"line":16,"column":93},"end":{"line":12,"column":40}}},"5":{"name":"(anonymous_5)","decl":{"start":{"line":16,"column":104},"end":{"line":16,"column":120}},"loc":{"start":{"line":16,"column":104},"end":{"line":13,"column":46}}},"6":{"name":"(anonymous_6)","decl":{"start":{"line":16,"column":122},"end":{"line":16,"column":136}},"loc":{"start":{"line":16,"column":122},"end":{"line":14,"column":44}}}},"branchMap":{},"s":{"0":19,"1":21,"2":19,"3":22,"4":19,"5":24,"6":19,"7":24,"8":19,"9":24,"10":19,"11":24,"12":19,"13":25},"f":{"0":2,"1":3,"2":5,"3":5,"4":5,"5":5,"6":6},"b":{}}
,"C:\\Users\\emil\\OneDrive\\Desktop\\utility-lib\\src\\strings\\reverse.ts": {"path":"C:\\Users\\emil\\OneDrive\\Desktop\\utility-lib\\src\\strings\\reverse.ts","statementMap":{"0":{"start":{"line":15,"column":2},"end":{"line":15,"column":42}},"1":{"start":{"line":14,"column":0},"end":{"line":14,"column":16}}},"fnMap":{"0":{"name":"reverseString","decl":{"start":{"line":14,"column":16},"end":{"line":14,"column":29}},"loc":{"start":{"line":14,"column":41},"end":{"line":16,"column":1}}}},"branchMap":{},"s":{"0":5,"1":19},"f":{"0":5},"b":{}}
,"C:\\Users\\emil\\OneDrive\\Desktop\\utility-lib\\src\\strings\\titleCase.ts": {"path":"C:\\Users\\emil\\OneDrive\\Desktop\\utility-lib\\src\\strings\\titleCase.ts","statementMap":{"0":{"start":{"line":15,"column":2},"end":{"line":19,"column":15}},"1":{"start":{"line":18,"column":19},"end":{"line":18,"column":63}},"2":{"start":{"line":14,"column":0},"end":{"line":14,"column":16}}},"fnMap":{"0":{"name":"titleCase","decl":{"start":{"line":14,"column":16},"end":{"line":14,"column":25}},"loc":{"start":{"line":14,"column":37},"end":{"line":20,"column":1}}},"1":{"name":"(anonymous_1)","decl":{"start":{"line":18,"column":9},"end":{"line":18,"column":10}},"loc":{"start":{"line":18,"column":19},"end":{"line":18,"column":63}}}},"branchMap":{},"s":{"0":5,"1":12,"2":19},"f":{"0":5,"1":12},"b":{}}
,"C:\\Users\\emil\\OneDrive\\Desktop\\utility-lib\\src\\strings\\tokenize.ts": {"path":"C:\\Users\\emil\\OneDrive\\Desktop\\utility-lib\\src\\strings\\tokenize.ts","statementMap":{"0":{"start":{"line":16,"column":16},"end":{"line":16,"column":53}},"1":{"start":{"line":17,"column":2},"end":{"line":17,"column":15}},"2":{"start":{"line":15,"column":0},"end":{"line":15,"column":16}}},"fnMap":{"0":{"name":"tokenizeSentence","decl":{"start":{"line":15,"column":16},"end":{"line":15,"column":32}},"loc":{"start":{"line":15,"column":49},"end":{"line":18,"column":1}}}},"branchMap":{"0":{"loc":{"start":{"line":16,"column":16},"end":{"line":16,"column":53}},"type":"binary-expr","locations":[{"start":{"line":16,"column":16},"end":{"line":16,"column":47}},{"start":{"line":16,"column":51},"end":{"line":16,"column":53}}]}},"s":{"0":10,"1":10,"2":19},"f":{"0":10},"b":{"0":[10,4]}}
,"C:\\Users\\emil\\OneDrive\\Desktop\\utility-lib\\src\\strings\\truncate.ts": {"path":"C:\\Users\\emil\\OneDrive\\Desktop\\utility-lib\\src\\strings\\truncate.ts","statementMap":{"0":{"start":{"line":16,"column":2},"end":{"line":16,"column":72}},"1":{"start":{"line":15,"column":0},"end":{"line":15,"column":16}}},"fnMap":{"0":{"name":"truncateString","decl":{"start":{"line":15,"column":16},"end":{"line":15,"column":30}},"loc":{"start":{"line":15,"column":61},"end":{"line":17,"column":1}}}},"branchMap":{"0":{"loc":{"start":{"line":16,"column":9},"end":{"line":16,"column":71}},"type":"cond-expr","locations":[{"start":{"line":16,"column":34},"end":{"line":16,"column":65}},{"start":{"line":16,"column":68},"end":{"line":16,"column":71}}]}},"s":{"0":6,"1":19},"f":{"0":6},"b":{"0":[3,3]}}
,"C:\\Users\\emil\\OneDrive\\Desktop\\utility-lib\\src\\utils\\compareValues.ts": {"path":"C:\\Users\\emil\\OneDrive\\Desktop\\utility-lib\\src\\utils\\compareValues.ts","statementMap":{"0":{"start":{"line":13,"column":2},"end":{"line":13,"column":24}},"1":{"start":{"line":13,"column":15},"end":{"line":13,"column":24}},"2":{"start":{"line":14,"column":2},"end":{"line":18,"column":null}},"3":{"start":{"line":15,"column":4},"end":{"line":15,"column":26}},"4":{"start":{"line":17,"column":4},"end":{"line":17,"column":26}},"5":{"start":{"line":12,"column":0},"end":{"line":12,"column":16}}},"fnMap":{"0":{"name":"compareValues","decl":{"start":{"line":12,"column":16},"end":{"line":12,"column":29}},"loc":{"start":{"line":12,"column":65},"end":{"line":19,"column":1}}}},"branchMap":{"0":{"loc":{"start":{"line":13,"column":2},"end":{"line":13,"column":24}},"type":"if","locations":[{"start":{"line":13,"column":2},"end":{"line":13,"column":24}}]},"1":{"loc":{"start":{"line":14,"column":2},"end":{"line":18,"column":null}},"type":"if","locations":[{"start":{"line":14,"column":2},"end":{"line":18,"column":null}},{"start":{"line":16,"column":9},"end":{"line":18,"column":null}}]},"2":{"loc":{"start":{"line":15,"column":11},"end":{"line":15,"column":25}},"type":"cond-expr","locations":[{"start":{"line":15,"column":19},"end":{"line":15,"column":21}},{"start":{"line":15,"column":24},"end":{"line":15,"column":25}}]},"3":{"loc":{"start":{"line":17,"column":11},"end":{"line":17,"column":25}},"type":"cond-expr","locations":[{"start":{"line":17,"column":19},"end":{"line":17,"column":21}},{"start":{"line":17,"column":24},"end":{"line":17,"column":25}}]}},"s":{"0":195,"1":1,"2":194,"3":169,"4":25,"5":20},"f":{"0":195},"b":{"0":[1],"1":[169,25],"2":[88,81],"3":[13,12]}}
,"C:\\Users\\emil\\OneDrive\\Desktop\\utility-lib\\src\\utils\\index.ts": {"path":"C:\\Users\\emil\\OneDrive\\Desktop\\utility-lib\\src\\utils\\index.ts","statementMap":{"0":{"start":{"line":9,"column":0},"end":{"line":9,"column":9}},"1":{"start":{"line":11,"column":9},"end":{"line":9,"column":48}}},"fnMap":{"0":{"name":"(anonymous_0)","decl":{"start":{"line":11,"column":9},"end":{"line":11,"column":22}},"loc":{"start":{"line":11,"column":9},"end":{"line":9,"column":48}}}},"branchMap":{},"s":{"0":20,"1":215},"f":{"0":195},"b":{}}
}
