{"C:\\Users\\emil\\OneDrive\\Desktop\\utility-lib\\src\\index.ts": {"path":"C:\\Users\\emil\\OneDrive\\Desktop\\utility-lib\\src\\index.ts","statementMap":{"0":{"start":{"line":13,"column":0},"end":{"line":13,"column":9}},"1":{"start":{"line":21,"column":9},"end":{"line":13,"column":38}},"2":{"start":{"line":14,"column":0},"end":{"line":14,"column":9}},"3":{"start":{"line":21,"column":36},"end":{"line":14,"column":35}},"4":{"start":{"line":15,"column":0},"end":{"line":15,"column":9}},"5":{"start":{"line":21,"column":47},"end":{"line":15,"column":49}},"6":{"start":{"line":16,"column":0},"end":{"line":16,"column":9}},"7":{"start":{"line":21,"column":65},"end":{"line":16,"column":40}},"8":{"start":{"line":17,"column":0},"end":{"line":17,"column":33}},"9":{"start":{"line":21,"column":95},"end":{"line":21,"column":100}},"10":{"start":{"line":18,"column":0},"end":{"line":18,"column":9}},"11":{"start":{"line":21,"column":21},"end":{"line":18,"column":40}},"12":{"start":{"line":19,"column":0},"end":{"line":19,"column":9}},"13":{"start":{"line":21,"column":78},"end":{"line":19,"column":48}}},"fnMap":{"0":{"name":"(anonymous_6)","decl":{"start":{"line":21,"column":9},"end":{"line":21,"column":19}},"loc":{"start":{"line":21,"column":9},"end":{"line":13,"column":38}}},"1":{"name":"(anonymous_7)","decl":{"start":{"line":21,"column":36},"end":{"line":21,"column":45}},"loc":{"start":{"line":21,"column":36},"end":{"line":14,"column":35}}},"2":{"name":"(anonymous_8)","decl":{"start":{"line":21,"column":47},"end":{"line":21,"column":63}},"loc":{"start":{"line":21,"column":47},"end":{"line":15,"column":49}}},"3":{"name":"(anonymous_9)","decl":{"start":{"line":21,"column":65},"end":{"line":21,"column":76}},"loc":{"start":{"line":21,"column":65},"end":{"line":16,"column":40}}},"4":{"name":"(anonymous_10)","decl":{"start":{"line":21,"column":21},"end":{"line":21,"column":34}},"loc":{"start":{"line":21,"column":21},"end":{"line":18,"column":40}}},"5":{"name":"(anonymous_11)","decl":{"start":{"line":21,"column":78},"end":{"line":21,"column":93}},"loc":{"start":{"line":21,"column":78},"end":{"line":19,"column":48}}}},"branchMap":{},"s":{"0":29,"1":72,"2":29,"3":37,"4":29,"5":33,"6":29,"7":69,"8":29,"9":29,"10":29,"11":29,"12":29,"13":91},"f":{"0":43,"1":8,"2":4,"3":40,"4":0,"5":62},"b":{}}
,"C:\\Users\\emil\\OneDrive\\Desktop\\utility-lib\\src\\arrays\\analyzeData.ts": {"path":"C:\\Users\\emil\\OneDrive\\Desktop\\utility-lib\\src\\arrays\\analyzeData.ts","statementMap":{"0":{"start":{"line":1,"column":0},"end":{"line":1,"column":31}},"1":{"start":{"line":35,"column":18},"end":{"line":35,"column":42}},"2":{"start":{"line":36,"column":14},"end":{"line":36,"column":34}},"3":{"start":{"line":37,"column":14},"end":{"line":37,"column":34}},"4":{"start":{"line":38,"column":17},"end":{"line":38,"column":40}},"5":{"start":{"line":39,"column":21},"end":{"line":39,"column":53}},"6":{"start":{"line":40,"column":28},"end":{"line":40,"column":54}},"7":{"start":{"line":41,"column":14},"end":{"line":41,"column":34}},"8":{"start":{"line":42,"column":17},"end":{"line":42,"column":38}},"9":{"start":{"line":43,"column":19},"end":{"line":43,"column":43}},"10":{"start":{"line":44,"column":19},"end":{"line":44,"column":44}},"11":{"start":{"line":46,"column":2},"end":{"line":57,"column":4}},"12":{"start":{"line":34,"column":0},"end":{"line":34,"column":16}}},"fnMap":{"0":{"name":"analyzeDataArray","decl":{"start":{"line":34,"column":16},"end":{"line":34,"column":32}},"loc":{"start":{"line":34,"column":47},"end":{"line":58,"column":1}}}},"branchMap":{},"s":{"0":30,"1":1,"2":1,"3":1,"4":1,"5":1,"6":1,"7":1,"8":1,"9":1,"10":1,"11":1,"12":30},"f":{"0":1},"b":{}}
,"C:\\Users\\emil\\OneDrive\\Desktop\\utility-lib\\src\\arrays\\average.ts": {"path":"C:\\Users\\emil\\OneDrive\\Desktop\\utility-lib\\src\\arrays\\average.ts","statementMap":{"0":{"start":{"line":15,"column":2},"end":{"line":15,"column":37}},"1":{"start":{"line":15,"column":28},"end":{"line":15,"column":37}},"2":{"start":{"line":16,"column":14},"end":{"line":16,"column":56}},"3":{"start":{"line":16,"column":43},"end":{"line":16,"column":52}},"4":{"start":{"line":17,"column":2},"end":{"line":17,"column":30}},"5":{"start":{"line":14,"column":0},"end":{"line":14,"column":16}}},"fnMap":{"0":{"name":"averageArray","decl":{"start":{"line":14,"column":16},"end":{"line":14,"column":28}},"loc":{"start":{"line":14,"column":46},"end":{"line":18,"column":1}}},"1":{"name":"(anonymous_1)","decl":{"start":{"line":16,"column":29},"end":{"line":16,"column":30}},"loc":{"start":{"line":16,"column":43},"end":{"line":16,"column":52}}}},"branchMap":{"0":{"loc":{"start":{"line":15,"column":2},"end":{"line":15,"column":37}},"type":"if","locations":[{"start":{"line":15,"column":2},"end":{"line":15,"column":37}}]}},"s":{"0":5,"1":1,"2":4,"3":20,"4":4,"5":30},"f":{"0":5,"1":20},"b":{"0":[1]}}
,"C:\\Users\\emil\\OneDrive\\Desktop\\utility-lib\\src\\arrays\\chunk.ts": {"path":"C:\\Users\\emil\\OneDrive\\Desktop\\utility-lib\\src\\arrays\\chunk.ts","statementMap":{"0":{"start":{"line":24,"column":2},"end":{"line":26,"column":null}},"1":{"start":{"line":25,"column":4},"end":{"line":25,"column":55}},"2":{"start":{"line":28,"column":24},"end":{"line":28,"column":26}},"3":{"start":{"line":29,"column":2},"end":{"line":31,"column":null}},"4":{"start":{"line":29,"column":15},"end":{"line":29,"column":16}},"5":{"start":{"line":30,"column":4},"end":{"line":30,"column":40}},"6":{"start":{"line":33,"column":2},"end":{"line":33,"column":16}},"7":{"start":{"line":23,"column":0},"end":{"line":23,"column":16}}},"fnMap":{"0":{"name":"chunkArray","decl":{"start":{"line":23,"column":16},"end":{"line":23,"column":26}},"loc":{"start":{"line":23,"column":52},"end":{"line":34,"column":1}}}},"branchMap":{"0":{"loc":{"start":{"line":24,"column":2},"end":{"line":26,"column":null}},"type":"if","locations":[{"start":{"line":24,"column":2},"end":{"line":26,"column":null}}]}},"s":{"0":6,"1":2,"2":4,"3":4,"4":4,"5":9,"6":4,"7":30},"f":{"0":6},"b":{"0":[2]}}
,"C:\\Users\\emil\\OneDrive\\Desktop\\utility-lib\\src\\arrays\\findOutliers.ts": {"path":"C:\\Users\\emil\\OneDrive\\Desktop\\utility-lib\\src\\arrays\\findOutliers.ts","statementMap":{"0":{"start":{"line":1,"column":0},"end":{"line":1,"column":35}},"1":{"start":{"line":21,"column":24},"end":{"line":21,"column":42}},"2":{"start":{"line":23,"column":18},"end":{"line":23,"column":57}},"3":{"start":{"line":24,"column":18},"end":{"line":24,"column":57}},"4":{"start":{"line":25,"column":13},"end":{"line":25,"column":35}},"5":{"start":{"line":26,"column":13},"end":{"line":26,"column":35}},"6":{"start":{"line":28,"column":14},"end":{"line":28,"column":21}},"7":{"start":{"line":30,"column":20},"end":{"line":30,"column":29}},"8":{"start":{"line":32,"column":2},"end":{"line":32,"column":94}},"9":{"start":{"line":32,"column":42},"end":{"line":32,"column":92}},"10":{"start":{"line":20,"column":0},"end":{"line":20,"column":16}}},"fnMap":{"0":{"name":"findOutliers","decl":{"start":{"line":20,"column":16},"end":{"line":20,"column":28}},"loc":{"start":{"line":20,"column":46},"end":{"line":33,"column":1}}},"1":{"name":"(anonymous_1)","decl":{"start":{"line":32,"column":30},"end":{"line":32,"column":31}},"loc":{"start":{"line":32,"column":42},"end":{"line":32,"column":92}}}},"branchMap":{"0":{"loc":{"start":{"line":32,"column":42},"end":{"line":32,"column":92}},"type":"binary-expr","locations":[{"start":{"line":32,"column":42},"end":{"line":32,"column":65}},{"start":{"line":32,"column":69},"end":{"line":32,"column":92}}]}},"s":{"0":30,"1":4,"2":4,"3":4,"4":4,"5":4,"6":4,"7":4,"8":4,"9":31,"10":30},"f":{"0":4,"1":31},"b":{"0":[31,30]}}
,"C:\\Users\\emil\\OneDrive\\Desktop\\utility-lib\\src\\arrays\\index.ts": {"path":"C:\\Users\\emil\\OneDrive\\Desktop\\utility-lib\\src\\arrays\\index.ts","statementMap":{"0":{"start":{"line":1,"column":0},"end":{"line":1,"column":49}},"1":{"start":{"line":2,"column":0},"end":{"line":2,"column":41}},"2":{"start":{"line":3,"column":0},"end":{"line":3,"column":37}},"3":{"start":{"line":4,"column":0},"end":{"line":4,"column":46}},"4":{"start":{"line":5,"column":0},"end":{"line":5,"column":33}},"5":{"start":{"line":6,"column":0},"end":{"line":6,"column":39}},"6":{"start":{"line":7,"column":0},"end":{"line":7,"column":33}},"7":{"start":{"line":8,"column":0},"end":{"line":8,"column":45}},"8":{"start":{"line":9,"column":0},"end":{"line":9,"column":37}},"9":{"start":{"line":10,"column":0},"end":{"line":10,"column":41}},"10":{"start":{"line":11,"column":0},"end":{"line":11,"column":35}},"11":{"start":{"line":12,"column":0},"end":{"line":12,"column":61}},"12":{"start":{"line":13,"column":0},"end":{"line":13,"column":33}},"13":{"start":{"line":22,"column":0},"end":{"line":22,"column":null}},"14":{"start":{"line":23,"column":15},"end":{"line":23,"column":32}},"15":{"start":{"line":24,"column":15},"end":{"line":24,"column":36}},"16":{"start":{"line":25,"column":15},"end":{"line":25,"column":50}},"17":{"start":{"line":26,"column":15},"end":{"line":26,"column":30}},"18":{"start":{"line":27,"column":15},"end":{"line":27,"column":38}},"19":{"start":{"line":28,"column":15},"end":{"line":28,"column":34}},"20":{"start":{"line":29,"column":15},"end":{"line":29,"column":42}},"21":{"start":{"line":30,"column":15},"end":{"line":30,"column":30}},"22":{"start":{"line":31,"column":15},"end":{"line":31,"column":30}},"23":{"start":{"line":32,"column":15},"end":{"line":32,"column":42}},"24":{"start":{"line":33,"column":15},"end":{"line":33,"column":38}},"25":{"start":{"line":34,"column":15},"end":{"line":34,"column":34}},"26":{"start":{"line":35,"column":15},"end":{"line":35,"column":39}}},"fnMap":{"0":{"name":"(anonymous_0)","decl":{"start":{"line":22,"column":0},"end":{"line":22,"column":17}},"loc":{"start":{"line":22,"column":27},"end":{"line":36,"column":1}}}},"branchMap":{"0":{"loc":{"start":{"line":22,"column":17},"end":{"line":22,"column":null}},"type":"binary-expr","locations":[{"start":{"line":22,"column":17},"end":{"line":22,"column":27}},{"start":{"line":22,"column":27},"end":{"line":22,"column":null}}]}},"s":{"0":30,"1":30,"2":30,"3":30,"4":30,"5":30,"6":30,"7":30,"8":30,"9":30,"10":30,"11":30,"12":30,"13":30,"14":30,"15":30,"16":30,"17":30,"18":30,"19":30,"20":30,"21":30,"22":30,"23":30,"24":30,"25":30,"26":30},"f":{"0":30},"b":{"0":[30,30]}}
,"C:\\Users\\emil\\OneDrive\\Desktop\\utility-lib\\src\\arrays\\max.ts": {"path":"C:\\Users\\emil\\OneDrive\\Desktop\\utility-lib\\src\\arrays\\max.ts","statementMap":{"0":{"start":{"line":15,"column":2},"end":{"line":15,"column":37}},"1":{"start":{"line":15,"column":28},"end":{"line":15,"column":37}},"2":{"start":{"line":16,"column":2},"end":{"line":16,"column":30}},"3":{"start":{"line":14,"column":0},"end":{"line":14,"column":16}}},"fnMap":{"0":{"name":"maxArray","decl":{"start":{"line":14,"column":16},"end":{"line":14,"column":24}},"loc":{"start":{"line":14,"column":42},"end":{"line":17,"column":1}}}},"branchMap":{"0":{"loc":{"start":{"line":15,"column":2},"end":{"line":15,"column":37}},"type":"if","locations":[{"start":{"line":15,"column":2},"end":{"line":15,"column":37}}]}},"s":{"0":5,"1":1,"2":4,"3":30},"f":{"0":5},"b":{"0":[1]}}
,"C:\\Users\\emil\\OneDrive\\Desktop\\utility-lib\\src\\arrays\\median.ts": {"path":"C:\\Users\\emil\\OneDrive\\Desktop\\utility-lib\\src\\arrays\\median.ts","statementMap":{"0":{"start":{"line":1,"column":0},"end":{"line":1,"column":35}},"1":{"start":{"line":25,"column":24},"end":{"line":25,"column":42}},"2":{"start":{"line":26,"column":17},"end":{"line":26,"column":53}},"3":{"start":{"line":27,"column":2},"end":{"line":31,"column":null}},"4":{"start":{"line":28,"column":4},"end":{"line":28,"column":67}},"5":{"start":{"line":30,"column":4},"end":{"line":30,"column":33}},"6":{"start":{"line":24,"column":0},"end":{"line":24,"column":16}}},"fnMap":{"0":{"name":"medianArray","decl":{"start":{"line":24,"column":16},"end":{"line":24,"column":27}},"loc":{"start":{"line":24,"column":45},"end":{"line":32,"column":1}}}},"branchMap":{"0":{"loc":{"start":{"line":27,"column":2},"end":{"line":31,"column":null}},"type":"if","locations":[{"start":{"line":27,"column":2},"end":{"line":31,"column":null}},{"start":{"line":29,"column":9},"end":{"line":31,"column":null}}]}},"s":{"0":30,"1":8,"2":8,"3":8,"4":4,"5":4,"6":30},"f":{"0":8},"b":{"0":[4,4]}}
,"C:\\Users\\emil\\OneDrive\\Desktop\\utility-lib\\src\\arrays\\min.ts": {"path":"C:\\Users\\emil\\OneDrive\\Desktop\\utility-lib\\src\\arrays\\min.ts","statementMap":{"0":{"start":{"line":15,"column":2},"end":{"line":15,"column":37}},"1":{"start":{"line":15,"column":28},"end":{"line":15,"column":37}},"2":{"start":{"line":16,"column":2},"end":{"line":16,"column":30}},"3":{"start":{"line":14,"column":0},"end":{"line":14,"column":16}}},"fnMap":{"0":{"name":"minArray","decl":{"start":{"line":14,"column":16},"end":{"line":14,"column":24}},"loc":{"start":{"line":14,"column":42},"end":{"line":17,"column":1}}}},"branchMap":{"0":{"loc":{"start":{"line":15,"column":2},"end":{"line":15,"column":37}},"type":"if","locations":[{"start":{"line":15,"column":2},"end":{"line":15,"column":37}}]}},"s":{"0":5,"1":1,"2":4,"3":30},"f":{"0":5},"b":{"0":[1]}}
,"C:\\Users\\emil\\OneDrive\\Desktop\\utility-lib\\src\\arrays\\normalize.ts": {"path":"C:\\Users\\emil\\OneDrive\\Desktop\\utility-lib\\src\\arrays\\normalize.ts","statementMap":{"0":{"start":{"line":22,"column":19},"end":{"line":22,"column":39}},"1":{"start":{"line":23,"column":16},"end":{"line":23,"column":47}},"2":{"start":{"line":25,"column":2},"end":{"line":27,"column":null}},"3":{"start":{"line":26,"column":4},"end":{"line":26,"column":46}},"4":{"start":{"line":26,"column":29},"end":{"line":26,"column":44}},"5":{"start":{"line":29,"column":2},"end":{"line":29,"column":82}},"6":{"start":{"line":29,"column":32},"end":{"line":29,"column":80}},"7":{"start":{"line":21,"column":0},"end":{"line":21,"column":16}}},"fnMap":{"0":{"name":"normalizeArray","decl":{"start":{"line":21,"column":16},"end":{"line":21,"column":30}},"loc":{"start":{"line":21,"column":74},"end":{"line":30,"column":1}}},"1":{"name":"(anonymous_1)","decl":{"start":{"line":26,"column":23},"end":{"line":26,"column":26}},"loc":{"start":{"line":26,"column":29},"end":{"line":26,"column":44}}},"2":{"name":"(anonymous_2)","decl":{"start":{"line":29,"column":21},"end":{"line":29,"column":22}},"loc":{"start":{"line":29,"column":32},"end":{"line":29,"column":80}}}},"branchMap":{"0":{"loc":{"start":{"line":25,"column":2},"end":{"line":27,"column":null}},"type":"if","locations":[{"start":{"line":25,"column":2},"end":{"line":27,"column":null}}]}},"s":{"0":3,"1":3,"2":3,"3":1,"4":5,"5":2,"6":15,"7":30},"f":{"0":3,"1":5,"2":15},"b":{"0":[1]}}
,"C:\\Users\\emil\\OneDrive\\Desktop\\utility-lib\\src\\arrays\\range.ts": {"path":"C:\\Users\\emil\\OneDrive\\Desktop\\utility-lib\\src\\arrays\\range.ts","statementMap":{"0":{"start":{"line":15,"column":21},"end":{"line":15,"column":46}},"1":{"start":{"line":16,"column":21},"end":{"line":16,"column":46}},"2":{"start":{"line":17,"column":17},"end":{"line":17,"column":44}},"3":{"start":{"line":18,"column":2},"end":{"line":18,"column":66}},"4":{"start":{"line":18,"column":46},"end":{"line":18,"column":64}},"5":{"start":{"line":14,"column":0},"end":{"line":14,"column":16}}},"fnMap":{"0":{"name":"rangeArray","decl":{"start":{"line":14,"column":16},"end":{"line":14,"column":26}},"loc":{"start":{"line":14,"column":53},"end":{"line":19,"column":1}}},"1":{"name":"(anonymous_1)","decl":{"start":{"line":18,"column":32},"end":{"line":18,"column":33}},"loc":{"start":{"line":18,"column":46},"end":{"line":18,"column":64}}}},"branchMap":{"0":{"loc":{"start":{"line":15,"column":21},"end":{"line":15,"column":46}},"type":"cond-expr","locations":[{"start":{"line":15,"column":35},"end":{"line":15,"column":40}},{"start":{"line":15,"column":43},"end":{"line":15,"column":46}}]},"1":{"loc":{"start":{"line":16,"column":21},"end":{"line":16,"column":46}},"type":"cond-expr","locations":[{"start":{"line":16,"column":35},"end":{"line":16,"column":38}},{"start":{"line":16,"column":41},"end":{"line":16,"column":46}}]}},"s":{"0":2,"1":2,"2":2,"3":2,"4":12,"5":30},"f":{"0":2,"1":12},"b":{"0":[1,1],"1":[1,1]}}
,"C:\\Users\\emil\\OneDrive\\Desktop\\utility-lib\\src\\arrays\\shuffle.ts": {"path":"C:\\Users\\emil\\OneDrive\\Desktop\\utility-lib\\src\\arrays\\shuffle.ts","statementMap":{"0":{"start":{"line":21,"column":29},"end":{"line":21,"column":39}},"1":{"start":{"line":22,"column":2},"end":{"line":25,"column":null}},"2":{"start":{"line":22,"column":15},"end":{"line":22,"column":39}},"3":{"start":{"line":23,"column":14},"end":{"line":23,"column":49}},"4":{"start":{"line":24,"column":4},"end":{"line":24,"column":80}},"5":{"start":{"line":26,"column":2},"end":{"line":26,"column":23}},"6":{"start":{"line":20,"column":0},"end":{"line":20,"column":16}}},"fnMap":{"0":{"name":"shuffleArray","decl":{"start":{"line":20,"column":16},"end":{"line":20,"column":28}},"loc":{"start":{"line":20,"column":42},"end":{"line":27,"column":1}}}},"branchMap":{},"s":{"0":4,"1":4,"2":4,"3":20,"4":20,"5":4,"6":30},"f":{"0":4},"b":{}}
,"C:\\Users\\emil\\OneDrive\\Desktop\\utility-lib\\src\\arrays\\sort.ts": {"path":"C:\\Users\\emil\\OneDrive\\Desktop\\utility-lib\\src\\arrays\\sort.ts","statementMap":{"0":{"start":{"line":2,"column":0},"end":{"line":2,"column":55}},"1":{"start":{"line":25,"column":22},"end":{"line":25,"column":32}},"2":{"start":{"line":26,"column":2},"end":{"line":26,"column":68}},"3":{"start":{"line":26,"column":36},"end":{"line":26,"column":66}},"4":{"start":{"line":24,"column":0},"end":{"line":24,"column":16}}},"fnMap":{"0":{"name":"sortArray","decl":{"start":{"line":24,"column":16},"end":{"line":24,"column":25}},"loc":{"start":{"line":24,"column":69},"end":{"line":27,"column":1}}},"1":{"name":"(anonymous_1)","decl":{"start":{"line":26,"column":26},"end":{"line":26,"column":27}},"loc":{"start":{"line":26,"column":36},"end":{"line":26,"column":66}}}},"branchMap":{"0":{"loc":{"start":{"line":24,"column":41},"end":{"line":24,"column":69}},"type":"default-arg","locations":[{"start":{"line":24,"column":64},"end":{"line":24,"column":69}}]}},"s":{"0":30,"1":24,"2":24,"3":195,"4":30},"f":{"0":24,"1":195},"b":{"0":[19]}}
,"C:\\Users\\emil\\OneDrive\\Desktop\\utility-lib\\src\\arrays\\standardDeviation.ts": {"path":"C:\\Users\\emil\\OneDrive\\Desktop\\utility-lib\\src\\arrays\\standardDeviation.ts","statementMap":{"0":{"start":{"line":1,"column":0},"end":{"line":1,"column":33}},"1":{"start":{"line":20,"column":2},"end":{"line":20,"column":37}},"2":{"start":{"line":20,"column":28},"end":{"line":20,"column":37}},"3":{"start":{"line":22,"column":15},"end":{"line":22,"column":49}},"4":{"start":{"line":24,"column":29},"end":{"line":27,"column":4}},"5":{"start":{"line":25,"column":17},"end":{"line":25,"column":27}},"6":{"start":{"line":26,"column":4},"end":{"line":26,"column":23}},"7":{"start":{"line":29,"column":19},"end":{"line":29,"column":64}},"8":{"start":{"line":31,"column":2},"end":{"line":31,"column":29}},"9":{"start":{"line":19,"column":0},"end":{"line":19,"column":16}}},"fnMap":{"0":{"name":"standardDeviationArray","decl":{"start":{"line":19,"column":16},"end":{"line":19,"column":38}},"loc":{"start":{"line":19,"column":56},"end":{"line":32,"column":1}}},"1":{"name":"(anonymous_1)","decl":{"start":{"line":24,"column":41},"end":{"line":24,"column":42}},"loc":{"start":{"line":24,"column":49},"end":{"line":27,"column":3}}}},"branchMap":{"0":{"loc":{"start":{"line":20,"column":2},"end":{"line":20,"column":37}},"type":"if","locations":[{"start":{"line":20,"column":2},"end":{"line":20,"column":37}}]}},"s":{"0":30,"1":4,"2":1,"3":3,"4":3,"5":20,"6":20,"7":3,"8":3,"9":30},"f":{"0":4,"1":20},"b":{"0":[1]}}
,"C:\\Users\\emil\\OneDrive\\Desktop\\utility-lib\\src\\arrays\\sum.ts": {"path":"C:\\Users\\emil\\OneDrive\\Desktop\\utility-lib\\src\\arrays\\sum.ts","statementMap":{"0":{"start":{"line":15,"column":2},"end":{"line":15,"column":52}},"1":{"start":{"line":15,"column":38},"end":{"line":15,"column":47}},"2":{"start":{"line":14,"column":0},"end":{"line":14,"column":16}}},"fnMap":{"0":{"name":"sumArray","decl":{"start":{"line":14,"column":16},"end":{"line":14,"column":24}},"loc":{"start":{"line":14,"column":42},"end":{"line":16,"column":1}}},"1":{"name":"(anonymous_1)","decl":{"start":{"line":15,"column":24},"end":{"line":15,"column":25}},"loc":{"start":{"line":15,"column":38},"end":{"line":15,"column":47}}}},"branchMap":{},"s":{"0":11,"1":60,"2":30},"f":{"0":11,"1":60},"b":{}}
,"C:\\Users\\emil\\OneDrive\\Desktop\\utility-lib\\src\\math\\clamp.ts": {"path":"C:\\Users\\emil\\OneDrive\\Desktop\\utility-lib\\src\\math\\clamp.ts","statementMap":{"0":{"start":{"line":16,"column":2},"end":{"line":16,"column":45}},"1":{"start":{"line":15,"column":0},"end":{"line":15,"column":16}}},"fnMap":{"0":{"name":"clamp","decl":{"start":{"line":15,"column":16},"end":{"line":15,"column":21}},"loc":{"start":{"line":15,"column":61},"end":{"line":17,"column":1}}}},"branchMap":{},"s":{"0":2,"1":29},"f":{"0":2},"b":{}}
,"C:\\Users\\emil\\OneDrive\\Desktop\\utility-lib\\src\\math\\degToRad.ts": {"path":"C:\\Users\\emil\\OneDrive\\Desktop\\utility-lib\\src\\math\\degToRad.ts","statementMap":{"0":{"start":{"line":14,"column":2},"end":{"line":14,"column":35}},"1":{"start":{"line":13,"column":0},"end":{"line":13,"column":16}}},"fnMap":{"0":{"name":"degToRad","decl":{"start":{"line":13,"column":16},"end":{"line":13,"column":24}},"loc":{"start":{"line":13,"column":40},"end":{"line":15,"column":1}}}},"branchMap":{},"s":{"0":2,"1":29},"f":{"0":2},"b":{}}
,"C:\\Users\\emil\\OneDrive\\Desktop\\utility-lib\\src\\math\\index.ts": {"path":"C:\\Users\\emil\\OneDrive\\Desktop\\utility-lib\\src\\math\\index.ts","statementMap":{"0":{"start":{"line":1,"column":0},"end":{"line":1,"column":42}},"1":{"start":{"line":2,"column":0},"end":{"line":2,"column":51}},"2":{"start":{"line":3,"column":0},"end":{"line":3,"column":39}},"3":{"start":{"line":4,"column":0},"end":{"line":4,"column":51}},"4":{"start":{"line":13,"column":0},"end":{"line":13,"column":null}},"5":{"start":{"line":14,"column":15},"end":{"line":14,"column":30}},"6":{"start":{"line":15,"column":15},"end":{"line":15,"column":36}},"7":{"start":{"line":16,"column":15},"end":{"line":16,"column":28}},"8":{"start":{"line":17,"column":15},"end":{"line":17,"column":36}}},"fnMap":{"0":{"name":"(anonymous_0)","decl":{"start":{"line":13,"column":0},"end":{"line":13,"column":17}},"loc":{"start":{"line":13,"column":26},"end":{"line":18,"column":1}}}},"branchMap":{"0":{"loc":{"start":{"line":13,"column":17},"end":{"line":13,"column":null}},"type":"binary-expr","locations":[{"start":{"line":13,"column":17},"end":{"line":13,"column":26}},{"start":{"line":13,"column":26},"end":{"line":13,"column":null}}]}},"s":{"0":29,"1":29,"2":29,"3":29,"4":29,"5":29,"6":29,"7":29,"8":29},"f":{"0":29},"b":{"0":[29,29]}}
,"C:\\Users\\emil\\OneDrive\\Desktop\\utility-lib\\src\\math\\lerp.ts": {"path":"C:\\Users\\emil\\OneDrive\\Desktop\\utility-lib\\src\\math\\lerp.ts","statementMap":{"0":{"start":{"line":16,"column":2},"end":{"line":16,"column":32}},"1":{"start":{"line":15,"column":0},"end":{"line":15,"column":16}}},"fnMap":{"0":{"name":"lerp","decl":{"start":{"line":15,"column":16},"end":{"line":15,"column":20}},"loc":{"start":{"line":15,"column":56},"end":{"line":17,"column":1}}}},"branchMap":{},"s":{"0":2,"1":29},"f":{"0":2},"b":{}}
,"C:\\Users\\emil\\OneDrive\\Desktop\\utility-lib\\src\\math\\radToDeg.ts": {"path":"C:\\Users\\emil\\OneDrive\\Desktop\\utility-lib\\src\\math\\radToDeg.ts","statementMap":{"0":{"start":{"line":14,"column":2},"end":{"line":14,"column":35}},"1":{"start":{"line":13,"column":0},"end":{"line":13,"column":16}}},"fnMap":{"0":{"name":"radToDeg","decl":{"start":{"line":13,"column":16},"end":{"line":13,"column":24}},"loc":{"start":{"line":13,"column":40},"end":{"line":15,"column":1}}}},"branchMap":{},"s":{"0":2,"1":29},"f":{"0":2},"b":{}}
,"C:\\Users\\emil\\OneDrive\\Desktop\\utility-lib\\src\\pathfinding\\aStar.ts": {"path":"C:\\Users\\emil\\OneDrive\\Desktop\\utility-lib\\src\\pathfinding\\aStar.ts","statementMap":{"0":{"start":{"line":2,"column":0},"end":{"line":2,"column":52}},"1":{"start":{"line":56,"column":34},"end":{"line":56,"column":41}},"2":{"start":{"line":57,"column":58},"end":{"line":57,"column":60}},"3":{"start":{"line":58,"column":43},"end":{"line":58,"column":60}},"4":{"start":{"line":59,"column":2},"end":{"line":59,"column":23}},"5":{"start":{"line":60,"column":43},"end":{"line":60,"column":81}},"6":{"start":{"line":61,"column":2},"end":{"line":61,"column":44}},"7":{"start":{"line":63,"column":2},"end":{"line":85,"column":null}},"8":{"start":{"line":64,"column":20},"end":{"line":64,"column":122}},"9":{"start":{"line":64,"column":55},"end":{"line":64,"column":108}},"10":{"start":{"line":66,"column":4},"end":{"line":68,"column":null}},"11":{"start":{"line":67,"column":6},"end":{"line":67,"column":48}},"12":{"start":{"line":70,"column":4},"end":{"line":70,"column":48}},"13":{"start":{"line":72,"column":4},"end":{"line":84,"column":null}},"14":{"start":{"line":73,"column":30},"end":{"line":73,"column":52}},"15":{"start":{"line":75,"column":6},"end":{"line":83,"column":null}},"16":{"start":{"line":76,"column":8},"end":{"line":76,"column":40}},"17":{"start":{"line":77,"column":8},"end":{"line":77,"column":46}},"18":{"start":{"line":78,"column":8},"end":{"line":78,"column":74}},"19":{"start":{"line":80,"column":8},"end":{"line":82,"column":null}},"20":{"start":{"line":81,"column":10},"end":{"line":81,"column":33}},"21":{"start":{"line":87,"column":2},"end":{"line":87,"column":12}},"22":{"start":{"line":55,"column":0},"end":{"line":55,"column":16}}},"fnMap":{"0":{"name":"aStar","decl":{"start":{"line":55,"column":16},"end":{"line":55,"column":21}},"loc":{"start":{"line":55,"column":111},"end":{"line":88,"column":1}}},"1":{"name":"(anonymous_1)","decl":{"start":{"line":64,"column":35},"end":{"line":64,"column":36}},"loc":{"start":{"line":64,"column":55},"end":{"line":64,"column":108}}}},"branchMap":{"0":{"loc":{"start":{"line":64,"column":55},"end":{"line":64,"column":108}},"type":"cond-expr","locations":[{"start":{"line":64,"column":94},"end":{"line":64,"column":98}},{"start":{"line":64,"column":101},"end":{"line":64,"column":108}}]},"1":{"loc":{"start":{"line":66,"column":4},"end":{"line":68,"column":null}},"type":"if","locations":[{"start":{"line":66,"column":4},"end":{"line":68,"column":null}}]},"2":{"loc":{"start":{"line":75,"column":6},"end":{"line":83,"column":null}},"type":"if","locations":[{"start":{"line":75,"column":6},"end":{"line":83,"column":null}}]},"3":{"loc":{"start":{"line":75,"column":10},"end":{"line":75,"column":86}},"type":"binary-expr","locations":[{"start":{"line":75,"column":10},"end":{"line":75,"column":47}},{"start":{"line":75,"column":51},"end":{"line":75,"column":86}}]},"4":{"loc":{"start":{"line":80,"column":8},"end":{"line":82,"column":null}},"type":"if","locations":[{"start":{"line":80,"column":8},"end":{"line":82,"column":null}}]}},"s":{"0":33,"1":4,"2":4,"3":4,"4":4,"5":4,"6":4,"7":4,"8":20,"9":28,"10":20,"11":3,"12":17,"13":17,"14":35,"15":35,"16":20,"17":20,"18":20,"19":20,"20":20,"21":1,"22":33},"f":{"0":4,"1":28},"b":{"0":[2,26],"1":[3],"2":[20],"3":[35,35],"4":[20]}}
,"C:\\Users\\emil\\OneDrive\\Desktop\\utility-lib\\src\\pathfinding\\addNeighbors.ts": {"path":"C:\\Users\\emil\\OneDrive\\Desktop\\utility-lib\\src\\pathfinding\\addNeighbors.ts","statementMap":{"0":{"start":{"line":41,"column":2},"end":{"line":48,"column":null}},"1":{"start":{"line":42,"column":18},"end":{"line":42,"column":55}},"2":{"start":{"line":42,"column":39},"end":{"line":42,"column":54}},"3":{"start":{"line":43,"column":18},"end":{"line":43,"column":55}},"4":{"start":{"line":43,"column":39},"end":{"line":43,"column":54}},"5":{"start":{"line":44,"column":4},"end":{"line":47,"column":null}},"6":{"start":{"line":45,"column":6},"end":{"line":45,"column":34}},"7":{"start":{"line":46,"column":6},"end":{"line":46,"column":34}},"8":{"start":{"line":40,"column":0},"end":{"line":40,"column":16}}},"fnMap":{"0":{"name":"addNeighbors","decl":{"start":{"line":40,"column":16},"end":{"line":40,"column":28}},"loc":{"start":{"line":40,"column":87},"end":{"line":49,"column":1}}},"1":{"name":"(anonymous_1)","decl":{"start":{"line":42,"column":29},"end":{"line":42,"column":30}},"loc":{"start":{"line":42,"column":39},"end":{"line":42,"column":54}}},"2":{"name":"(anonymous_2)","decl":{"start":{"line":43,"column":29},"end":{"line":43,"column":30}},"loc":{"start":{"line":43,"column":39},"end":{"line":43,"column":54}}}},"branchMap":{"0":{"loc":{"start":{"line":44,"column":4},"end":{"line":47,"column":null}},"type":"if","locations":[{"start":{"line":44,"column":4},"end":{"line":47,"column":null}}]},"1":{"loc":{"start":{"line":44,"column":8},"end":{"line":44,"column":22}},"type":"binary-expr","locations":[{"start":{"line":44,"column":8},"end":{"line":44,"column":13}},{"start":{"line":44,"column":17},"end":{"line":44,"column":22}}]}},"s":{"0":2,"1":5,"2":9,"3":5,"4":14,"5":5,"6":4,"7":4,"8":33},"f":{"0":2,"1":9,"2":14},"b":{"0":[4],"1":[5,5]}}
,"C:\\Users\\emil\\OneDrive\\Desktop\\utility-lib\\src\\pathfinding\\findShortestPath.ts": {"path":"C:\\Users\\emil\\OneDrive\\Desktop\\utility-lib\\src\\pathfinding\\findShortestPath.ts","statementMap":{"0":{"start":{"line":2,"column":0},"end":{"line":2,"column":32}},"1":{"start":{"line":3,"column":0},"end":{"line":3,"column":60}},"2":{"start":{"line":73,"column":34},"end":{"line":73,"column":119}},"3":{"start":{"line":74,"column":33},"end":{"line":74,"column":115}},"4":{"start":{"line":76,"column":48},"end":{"line":79,"column":4}},"5":{"start":{"line":81,"column":2},"end":{"line":98,"column":5}},"6":{"start":{"line":82,"column":4},"end":{"line":86,"column":null}},"7":{"start":{"line":83,"column":29},"end":{"line":83,"column":99}},"8":{"start":{"line":83,"column":58},"end":{"line":83,"column":67}},"9":{"start":{"line":84,"column":23},"end":{"line":84,"column":50}},"10":{"start":{"line":85,"column":6},"end":{"line":85,"column":82}},"11":{"start":{"line":87,"column":4},"end":{"line":91,"column":null}},"12":{"start":{"line":88,"column":25},"end":{"line":88,"column":93}},"13":{"start":{"line":88,"column":52},"end":{"line":88,"column":61}},"14":{"start":{"line":89,"column":21},"end":{"line":89,"column":44}},"15":{"start":{"line":90,"column":6},"end":{"line":90,"column":76}},"16":{"start":{"line":93,"column":21},"end":{"line":93,"column":34}},"17":{"start":{"line":94,"column":19},"end":{"line":94,"column":30}},"18":{"start":{"line":96,"column":4},"end":{"line":96,"column":36}},"19":{"start":{"line":97,"column":4},"end":{"line":97,"column":36}},"20":{"start":{"line":100,"column":2},"end":{"line":102,"column":4}},"21":{"start":{"line":101,"column":14},"end":{"line":101,"column":168}},"22":{"start":{"line":101,"column":73},"end":{"line":101,"column":167}},"23":{"start":{"line":103,"column":2},"end":{"line":105,"column":4}},"24":{"start":{"line":104,"column":14},"end":{"line":104,"column":165}},"25":{"start":{"line":104,"column":72},"end":{"line":104,"column":164}},"26":{"start":{"line":107,"column":2},"end":{"line":107,"column":47}},"27":{"start":{"line":67,"column":0},"end":{"line":67,"column":16}}},"fnMap":{"0":{"name":"findShortestPath","decl":{"start":{"line":67,"column":16},"end":{"line":67,"column":32}},"loc":{"start":{"line":71,"column":52},"end":{"line":108,"column":1}}},"1":{"name":"(anonymous_1)","decl":{"start":{"line":81,"column":22},"end":{"line":81,"column":23}},"loc":{"start":{"line":81,"column":41},"end":{"line":98,"column":3}}},"2":{"name":"(anonymous_2)","decl":{"start":{"line":83,"column":51},"end":{"line":83,"column":52}},"loc":{"start":{"line":83,"column":58},"end":{"line":83,"column":67}}},"3":{"name":"(anonymous_3)","decl":{"start":{"line":88,"column":45},"end":{"line":88,"column":46}},"loc":{"start":{"line":88,"column":52},"end":{"line":88,"column":61}}},"4":{"name":"(anonymous_4)","decl":{"start":{"line":101,"column":4},"end":{"line":101,"column":5}},"loc":{"start":{"line":101,"column":14},"end":{"line":101,"column":168}}},"5":{"name":"(anonymous_5)","decl":{"start":{"line":101,"column":53},"end":{"line":101,"column":54}},"loc":{"start":{"line":101,"column":73},"end":{"line":101,"column":167}}},"6":{"name":"(anonymous_6)","decl":{"start":{"line":104,"column":4},"end":{"line":104,"column":5}},"loc":{"start":{"line":104,"column":14},"end":{"line":104,"column":165}}},"7":{"name":"(anonymous_7)","decl":{"start":{"line":104,"column":52},"end":{"line":104,"column":53}},"loc":{"start":{"line":104,"column":72},"end":{"line":104,"column":164}}}},"branchMap":{"0":{"loc":{"start":{"line":71,"column":2},"end":{"line":71,"column":52}},"type":"default-arg","locations":[{"start":{"line":71,"column":36},"end":{"line":71,"column":52}}]},"1":{"loc":{"start":{"line":82,"column":4},"end":{"line":86,"column":null}},"type":"if","locations":[{"start":{"line":82,"column":4},"end":{"line":86,"column":null}}]},"2":{"loc":{"start":{"line":87,"column":4},"end":{"line":91,"column":null}},"type":"if","locations":[{"start":{"line":87,"column":4},"end":{"line":91,"column":null}}]},"3":{"loc":{"start":{"line":101,"column":14},"end":{"line":101,"column":168}},"type":"binary-expr","locations":[{"start":{"line":101,"column":14},"end":{"line":101,"column":32}},{"start":{"line":101,"column":36},"end":{"line":101,"column":168}}]},"4":{"loc":{"start":{"line":101,"column":73},"end":{"line":101,"column":167}},"type":"binary-expr","locations":[{"start":{"line":101,"column":74},"end":{"line":101,"column":97}},{"start":{"line":101,"column":101},"end":{"line":101,"column":117}},{"start":{"line":101,"column":123},"end":{"line":101,"column":144}},{"start":{"line":101,"column":148},"end":{"line":101,"column":166}}]},"5":{"loc":{"start":{"line":104,"column":14},"end":{"line":104,"column":165}},"type":"binary-expr","locations":[{"start":{"line":104,"column":14},"end":{"line":104,"column":31}},{"start":{"line":104,"column":35},"end":{"line":104,"column":165}}]},"6":{"loc":{"start":{"line":104,"column":72},"end":{"line":104,"column":164}},"type":"binary-expr","locations":[{"start":{"line":104,"column":73},"end":{"line":104,"column":95}},{"start":{"line":104,"column":99},"end":{"line":104,"column":115}},{"start":{"line":104,"column":121},"end":{"line":104,"column":141}},{"start":{"line":104,"column":145},"end":{"line":104,"column":163}}]}},"s":{"0":33,"1":33,"2":4,"3":4,"4":4,"5":4,"6":28,"7":3,"8":5,"9":3,"10":3,"11":28,"12":20,"13":40,"14":20,"15":20,"16":28,"17":28,"18":28,"19":28,"20":4,"21":31,"22":298,"23":4,"24":31,"25":326,"26":4,"27":33},"f":{"0":4,"1":28,"2":5,"3":40,"4":31,"5":298,"6":31,"7":326},"b":{"0":[4],"1":[3],"2":[20],"3":[31,27],"4":[298,33,294,0],"5":[31,27],"6":[326,0,326,33]}}
,"C:\\Users\\emil\\OneDrive\\Desktop\\utility-lib\\src\\pathfinding\\heuristic.ts": {"path":"C:\\Users\\emil\\OneDrive\\Desktop\\utility-lib\\src\\pathfinding\\heuristic.ts","statementMap":{"0":{"start":{"line":41,"column":13},"end":{"line":41,"column":48}},"1":{"start":{"line":42,"column":13},"end":{"line":42,"column":48}},"2":{"start":{"line":43,"column":2},"end":{"line":43,"column":38}},"3":{"start":{"line":40,"column":0},"end":{"line":40,"column":16}}},"fnMap":{"0":{"name":"heuristic","decl":{"start":{"line":40,"column":16},"end":{"line":40,"column":25}},"loc":{"start":{"line":40,"column":81},"end":{"line":44,"column":1}}}},"branchMap":{},"s":{"0":32,"1":32,"2":32,"3":33},"f":{"0":32},"b":{}}
,"C:\\Users\\emil\\OneDrive\\Desktop\\utility-lib\\src\\pathfinding\\index.ts": {"path":"C:\\Users\\emil\\OneDrive\\Desktop\\utility-lib\\src\\pathfinding\\index.ts","statementMap":{"0":{"start":{"line":1,"column":0},"end":{"line":1,"column":41}},"1":{"start":{"line":2,"column":0},"end":{"line":2,"column":62}},"2":{"start":{"line":3,"column":0},"end":{"line":3,"column":74}},"3":{"start":{"line":4,"column":0},"end":{"line":4,"column":53}},"4":{"start":{"line":5,"column":0},"end":{"line":5,"column":71}},"5":{"start":{"line":6,"column":0},"end":{"line":6,"column":71}},"6":{"start":{"line":15,"column":0},"end":{"line":15,"column":null}},"7":{"start":{"line":16,"column":15},"end":{"line":16,"column":50}},"8":{"start":{"line":17,"column":15},"end":{"line":17,"column":52}},"9":{"start":{"line":18,"column":15},"end":{"line":18,"column":38}},"10":{"start":{"line":19,"column":15},"end":{"line":19,"column":50}},"11":{"start":{"line":20,"column":15},"end":{"line":20,"column":44}},"12":{"start":{"line":21,"column":15},"end":{"line":21,"column":30}}},"fnMap":{"0":{"name":"(anonymous_0)","decl":{"start":{"line":15,"column":0},"end":{"line":15,"column":17}},"loc":{"start":{"line":15,"column":33},"end":{"line":22,"column":1}}}},"branchMap":{"0":{"loc":{"start":{"line":15,"column":17},"end":{"line":15,"column":null}},"type":"binary-expr","locations":[{"start":{"line":15,"column":17},"end":{"line":15,"column":33}},{"start":{"line":15,"column":33},"end":{"line":15,"column":null}}]}},"s":{"0":33,"1":33,"2":33,"3":33,"4":33,"5":33,"6":33,"7":33,"8":33,"9":33,"10":33,"11":33,"12":33},"f":{"0":33},"b":{"0":[33,33]}}
,"C:\\Users\\emil\\OneDrive\\Desktop\\utility-lib\\src\\pathfinding\\processNeighbor.ts": {"path":"C:\\Users\\emil\\OneDrive\\Desktop\\utility-lib\\src\\pathfinding\\processNeighbor.ts","statementMap":{"0":{"start":{"line":54,"column":2},"end":{"line":56,"column":null}},"1":{"start":{"line":55,"column":4},"end":{"line":55,"column":11}},"2":{"start":{"line":58,"column":17},"end":{"line":58,"column":34}},"3":{"start":{"line":60,"column":23},"end":{"line":60,"column":69}},"4":{"start":{"line":60,"column":46},"end":{"line":60,"column":68}},"5":{"start":{"line":61,"column":2},"end":{"line":78,"column":null}},"6":{"start":{"line":62,"column":19},"end":{"line":62,"column":38}},"7":{"start":{"line":64,"column":4},"end":{"line":77,"column":null}},"8":{"start":{"line":65,"column":6},"end":{"line":65,"column":30}},"9":{"start":{"line":66,"column":6},"end":{"line":66,"column":30}},"10":{"start":{"line":67,"column":6},"end":{"line":67,"column":39}},"11":{"start":{"line":68,"column":6},"end":{"line":68,"column":40}},"12":{"start":{"line":70,"column":6},"end":{"line":76,"column":9}},"13":{"start":{"line":46,"column":0},"end":{"line":46,"column":16}}},"fnMap":{"0":{"name":"processNeighbor","decl":{"start":{"line":46,"column":16},"end":{"line":46,"column":31}},"loc":{"start":{"line":52,"column":43},"end":{"line":79,"column":1}}},"1":{"name":"(anonymous_1)","decl":{"start":{"line":60,"column":36},"end":{"line":60,"column":37}},"loc":{"start":{"line":60,"column":46},"end":{"line":60,"column":68}}}},"branchMap":{"0":{"loc":{"start":{"line":54,"column":2},"end":{"line":56,"column":null}},"type":"if","locations":[{"start":{"line":54,"column":2},"end":{"line":56,"column":null}}]},"1":{"loc":{"start":{"line":61,"column":2},"end":{"line":78,"column":null}},"type":"if","locations":[{"start":{"line":61,"column":2},"end":{"line":78,"column":null}}]},"2":{"loc":{"start":{"line":61,"column":6},"end":{"line":61,"column":46}},"type":"binary-expr","locations":[{"start":{"line":61,"column":6},"end":{"line":61,"column":19}},{"start":{"line":61,"column":23},"end":{"line":61,"column":46}}]},"3":{"loc":{"start":{"line":64,"column":4},"end":{"line":77,"column":null}},"type":"if","locations":[{"start":{"line":64,"column":4},"end":{"line":77,"column":null}},{"start":{"line":69,"column":11},"end":{"line":77,"column":null}}]}},"s":{"0":3,"1":1,"2":2,"3":2,"4":1,"5":2,"6":2,"7":2,"8":1,"9":1,"10":1,"11":1,"12":1,"13":33},"f":{"0":3,"1":1},"b":{"0":[1],"1":[2],"2":[2,1],"3":[1,1]}}
,"C:\\Users\\emil\\OneDrive\\Desktop\\utility-lib\\src\\pathfinding\\reconstructPath.ts": {"path":"C:\\Users\\emil\\OneDrive\\Desktop\\utility-lib\\src\\pathfinding\\reconstructPath.ts","statementMap":{"0":{"start":{"line":43,"column":24},"end":{"line":43,"column":26}},"1":{"start":{"line":44,"column":41},"end":{"line":44,"column":45}},"2":{"start":{"line":46,"column":2},"end":{"line":49,"column":null}},"3":{"start":{"line":47,"column":4},"end":{"line":47,"column":35}},"4":{"start":{"line":48,"column":4},"end":{"line":48,"column":43}},"5":{"start":{"line":51,"column":2},"end":{"line":51,"column":14}},"6":{"start":{"line":42,"column":0},"end":{"line":42,"column":16}}},"fnMap":{"0":{"name":"reconstructPath","decl":{"start":{"line":42,"column":16},"end":{"line":42,"column":31}},"loc":{"start":{"line":42,"column":116},"end":{"line":52,"column":1}}}},"branchMap":{},"s":{"0":5,"1":5,"2":5,"3":23,"4":23,"5":5,"6":33},"f":{"0":5},"b":{}}
,"C:\\Users\\emil\\OneDrive\\Desktop\\utility-lib\\src\\strings\\capitalizeFirstLetter.ts": {"path":"C:\\Users\\emil\\OneDrive\\Desktop\\utility-lib\\src\\strings\\capitalizeFirstLetter.ts","statementMap":{"0":{"start":{"line":15,"column":2},"end":{"line":15,"column":35}},"1":{"start":{"line":15,"column":24},"end":{"line":15,"column":35}},"2":{"start":{"line":16,"column":2},"end":{"line":16,"column":52}},"3":{"start":{"line":14,"column":0},"end":{"line":14,"column":16}}},"fnMap":{"0":{"name":"capitalizeFirstLetter","decl":{"start":{"line":14,"column":16},"end":{"line":14,"column":37}},"loc":{"start":{"line":14,"column":49},"end":{"line":17,"column":1}}}},"branchMap":{"0":{"loc":{"start":{"line":15,"column":2},"end":{"line":15,"column":35}},"type":"if","locations":[{"start":{"line":15,"column":2},"end":{"line":15,"column":35}}]}},"s":{"0":2,"1":1,"2":1,"3":29},"f":{"0":2},"b":{"0":[1]}}
,"C:\\Users\\emil\\OneDrive\\Desktop\\utility-lib\\src\\strings\\containsWhitespace.ts": {"path":"C:\\Users\\emil\\OneDrive\\Desktop\\utility-lib\\src\\strings\\containsWhitespace.ts","statementMap":{"0":{"start":{"line":17,"column":26},"end":{"line":17,"column":30}},"1":{"start":{"line":19,"column":2},"end":{"line":19,"column":35}},"2":{"start":{"line":15,"column":0},"end":{"line":15,"column":16}}},"fnMap":{"0":{"name":"containsWhitespace","decl":{"start":{"line":15,"column":16},"end":{"line":15,"column":34}},"loc":{"start":{"line":15,"column":46},"end":{"line":20,"column":1}}}},"branchMap":{},"s":{"0":2,"1":2,"2":29},"f":{"0":2},"b":{}}
,"C:\\Users\\emil\\OneDrive\\Desktop\\utility-lib\\src\\strings\\extractSubstringsByPattern.ts": {"path":"C:\\Users\\emil\\OneDrive\\Desktop\\utility-lib\\src\\strings\\extractSubstringsByPattern.ts","statementMap":{"0":{"start":{"line":18,"column":28},"end":{"line":18,"column":30}},"1":{"start":{"line":21,"column":2},"end":{"line":23,"column":null}},"2":{"start":{"line":22,"column":4},"end":{"line":22,"column":27}},"3":{"start":{"line":25,"column":2},"end":{"line":25,"column":17}},"4":{"start":{"line":17,"column":0},"end":{"line":17,"column":16}}},"fnMap":{"0":{"name":"extractSubstringsByPattern","decl":{"start":{"line":17,"column":16},"end":{"line":17,"column":42}},"loc":{"start":{"line":17,"column":71},"end":{"line":26,"column":1}}}},"branchMap":{},"s":{"0":3,"1":3,"2":16,"3":3,"4":29},"f":{"0":3},"b":{}}
,"C:\\Users\\emil\\OneDrive\\Desktop\\utility-lib\\src\\strings\\getWordFrequency.ts": {"path":"C:\\Users\\emil\\OneDrive\\Desktop\\utility-lib\\src\\strings\\getWordFrequency.ts","statementMap":{"0":{"start":{"line":1,"column":0},"end":{"line":1,"column":46}},"1":{"start":{"line":18,"column":16},"end":{"line":18,"column":42}},"2":{"start":{"line":19,"column":56},"end":{"line":19,"column":58}},"3":{"start":{"line":21,"column":2},"end":{"line":26,"column":null}},"4":{"start":{"line":22,"column":26},"end":{"line":22,"column":44}},"5":{"start":{"line":23,"column":4},"end":{"line":25,"column":10}},"6":{"start":{"line":28,"column":2},"end":{"line":28,"column":31}},"7":{"start":{"line":17,"column":0},"end":{"line":17,"column":16}}},"fnMap":{"0":{"name":"getWordFrequency","decl":{"start":{"line":17,"column":16},"end":{"line":17,"column":32}},"loc":{"start":{"line":17,"column":49},"end":{"line":29,"column":1}}}},"branchMap":{"0":{"loc":{"start":{"line":23,"column":43},"end":{"line":25,"column":9}},"type":"cond-expr","locations":[{"start":{"line":24,"column":8},"end":{"line":24,"column":48}},{"start":{"line":25,"column":8},"end":{"line":25,"column":9}}]}},"s":{"0":29,"1":5,"2":5,"3":5,"4":27,"5":27,"6":5,"7":29},"f":{"0":5},"b":{"0":[7,20]}}
,"C:\\Users\\emil\\OneDrive\\Desktop\\utility-lib\\src\\strings\\hasSequential.ts": {"path":"C:\\Users\\emil\\OneDrive\\Desktop\\utility-lib\\src\\strings\\hasSequential.ts","statementMap":{"0":{"start":{"line":20,"column":2},"end":{"line":20,"column":158}},"1":{"start":{"line":19,"column":0},"end":{"line":19,"column":16}}},"fnMap":{"0":{"name":"hasSequentialCharacters","decl":{"start":{"line":19,"column":16},"end":{"line":19,"column":39}},"loc":{"start":{"line":19,"column":53},"end":{"line":21,"column":1}}}},"branchMap":{},"s":{"0":11,"1":29},"f":{"0":11},"b":{}}
,"C:\\Users\\emil\\OneDrive\\Desktop\\utility-lib\\src\\strings\\hexToRgba.ts": {"path":"C:\\Users\\emil\\OneDrive\\Desktop\\utility-lib\\src\\strings\\hexToRgba.ts","statementMap":{"0":{"start":{"line":15,"column":12},"end":{"line":15,"column":41}},"1":{"start":{"line":16,"column":12},"end":{"line":16,"column":41}},"2":{"start":{"line":17,"column":12},"end":{"line":17,"column":41}},"3":{"start":{"line":20,"column":2},"end":{"line":23,"column":null}},"4":{"start":{"line":21,"column":14},"end":{"line":21,"column":62}},"5":{"start":{"line":22,"column":4},"end":{"line":22,"column":42}},"6":{"start":{"line":26,"column":2},"end":{"line":26,"column":37}},"7":{"start":{"line":13,"column":0},"end":{"line":13,"column":16}}},"fnMap":{"0":{"name":"hexToRgba","decl":{"start":{"line":13,"column":16},"end":{"line":13,"column":25}},"loc":{"start":{"line":13,"column":37},"end":{"line":27,"column":1}}}},"branchMap":{"0":{"loc":{"start":{"line":20,"column":2},"end":{"line":23,"column":null}},"type":"if","locations":[{"start":{"line":20,"column":2},"end":{"line":23,"column":null}}]}},"s":{"0":3,"1":3,"2":3,"3":3,"4":1,"5":1,"6":2,"7":29},"f":{"0":3},"b":{"0":[1]}}
,"C:\\Users\\emil\\OneDrive\\Desktop\\utility-lib\\src\\strings\\index.ts": {"path":"C:\\Users\\emil\\OneDrive\\Desktop\\utility-lib\\src\\strings\\index.ts","statementMap":{"0":{"start":{"line":1,"column":0},"end":{"line":1,"column":64}},"1":{"start":{"line":2,"column":0},"end":{"line":2,"column":81}},"2":{"start":{"line":3,"column":0},"end":{"line":3,"column":74}},"3":{"start":{"line":4,"column":0},"end":{"line":4,"column":54}},"4":{"start":{"line":5,"column":0},"end":{"line":5,"column":58}},"5":{"start":{"line":6,"column":0},"end":{"line":6,"column":54}},"6":{"start":{"line":7,"column":0},"end":{"line":7,"column":54}},"7":{"start":{"line":8,"column":0},"end":{"line":8,"column":42}},"8":{"start":{"line":9,"column":0},"end":{"line":9,"column":54}},"9":{"start":{"line":10,"column":0},"end":{"line":10,"column":40}},"10":{"start":{"line":11,"column":0},"end":{"line":11,"column":46}},"11":{"start":{"line":12,"column":0},"end":{"line":12,"column":44}},"12":{"start":{"line":21,"column":0},"end":{"line":21,"column":null}},"13":{"start":{"line":22,"column":15},"end":{"line":22,"column":50}},"14":{"start":{"line":23,"column":15},"end":{"line":23,"column":52}},"15":{"start":{"line":24,"column":15},"end":{"line":24,"column":44}},"16":{"start":{"line":25,"column":15},"end":{"line":25,"column":39}},"17":{"start":{"line":26,"column":15},"end":{"line":26,"column":33}},"18":{"start":{"line":27,"column":15},"end":{"line":27,"column":43}},"19":{"start":{"line":28,"column":15},"end":{"line":28,"column":41}},"20":{"start":{"line":29,"column":15},"end":{"line":29,"column":null}},"21":{"start":{"line":30,"column":15},"end":{"line":30,"column":38}},"22":{"start":{"line":31,"column":15},"end":{"line":31,"column":38}},"23":{"start":{"line":32,"column":15},"end":{"line":32,"column":55}},"24":{"start":{"line":33,"column":15},"end":{"line":33,"column":51}}},"fnMap":{"0":{"name":"(anonymous_0)","decl":{"start":{"line":21,"column":0},"end":{"line":21,"column":17}},"loc":{"start":{"line":21,"column":28},"end":{"line":34,"column":1}}}},"branchMap":{"0":{"loc":{"start":{"line":21,"column":17},"end":{"line":21,"column":null}},"type":"binary-expr","locations":[{"start":{"line":21,"column":17},"end":{"line":21,"column":28}},{"start":{"line":21,"column":28},"end":{"line":21,"column":null}}]}},"s":{"0":29,"1":29,"2":29,"3":29,"4":29,"5":29,"6":29,"7":29,"8":29,"9":29,"10":29,"11":29,"12":29,"13":29,"14":29,"15":29,"16":29,"17":29,"18":29,"19":29,"20":29,"21":29,"22":29,"23":29,"24":29},"f":{"0":29},"b":{"0":[29,29]}}
,"C:\\Users\\emil\\OneDrive\\Desktop\\utility-lib\\src\\strings\\isRepeating.ts": {"path":"C:\\Users\\emil\\OneDrive\\Desktop\\utility-lib\\src\\strings\\isRepeating.ts","statementMap":{"0":{"start":{"line":21,"column":2},"end":{"line":21,"column":52}},"1":{"start":{"line":20,"column":0},"end":{"line":20,"column":16}}},"fnMap":{"0":{"name":"hasRepeatedCharacters","decl":{"start":{"line":20,"column":16},"end":{"line":20,"column":37}},"loc":{"start":{"line":20,"column":66},"end":{"line":22,"column":1}}}},"branchMap":{},"s":{"0":11,"1":29},"f":{"0":11},"b":{}}
,"C:\\Users\\emil\\OneDrive\\Desktop\\utility-lib\\src\\strings\\reverse.ts": {"path":"C:\\Users\\emil\\OneDrive\\Desktop\\utility-lib\\src\\strings\\reverse.ts","statementMap":{"0":{"start":{"line":15,"column":2},"end":{"line":15,"column":42}},"1":{"start":{"line":14,"column":0},"end":{"line":14,"column":16}}},"fnMap":{"0":{"name":"reverseString","decl":{"start":{"line":14,"column":16},"end":{"line":14,"column":29}},"loc":{"start":{"line":14,"column":41},"end":{"line":16,"column":1}}}},"branchMap":{},"s":{"0":5,"1":29},"f":{"0":5},"b":{}}
,"C:\\Users\\emil\\OneDrive\\Desktop\\utility-lib\\src\\strings\\rgbaToHex.ts": {"path":"C:\\Users\\emil\\OneDrive\\Desktop\\utility-lib\\src\\strings\\rgbaToHex.ts","statementMap":{"0":{"start":{"line":15,"column":16},"end":{"line":15,"column":75}},"1":{"start":{"line":17,"column":2},"end":{"line":23,"column":null}},"2":{"start":{"line":18,"column":14},"end":{"line":18,"column":66}},"3":{"start":{"line":19,"column":14},"end":{"line":19,"column":66}},"4":{"start":{"line":20,"column":14},"end":{"line":20,"column":66}},"5":{"start":{"line":21,"column":14},"end":{"line":21,"column":82}},"6":{"start":{"line":22,"column":4},"end":{"line":22,"column":45}},"7":{"start":{"line":26,"column":2},"end":{"line":26,"column":14}},"8":{"start":{"line":13,"column":0},"end":{"line":13,"column":16}}},"fnMap":{"0":{"name":"rgbaToHex","decl":{"start":{"line":13,"column":16},"end":{"line":13,"column":25}},"loc":{"start":{"line":13,"column":38},"end":{"line":27,"column":1}}}},"branchMap":{"0":{"loc":{"start":{"line":17,"column":2},"end":{"line":23,"column":null}},"type":"if","locations":[{"start":{"line":17,"column":2},"end":{"line":23,"column":null}}]}},"s":{"0":4,"1":4,"2":3,"3":3,"4":3,"5":3,"6":3,"7":1,"8":29},"f":{"0":4},"b":{"0":[3]}}
,"C:\\Users\\emil\\OneDrive\\Desktop\\utility-lib\\src\\strings\\titleCase.ts": {"path":"C:\\Users\\emil\\OneDrive\\Desktop\\utility-lib\\src\\strings\\titleCase.ts","statementMap":{"0":{"start":{"line":15,"column":2},"end":{"line":19,"column":15}},"1":{"start":{"line":18,"column":19},"end":{"line":18,"column":63}},"2":{"start":{"line":14,"column":0},"end":{"line":14,"column":16}}},"fnMap":{"0":{"name":"titleCase","decl":{"start":{"line":14,"column":16},"end":{"line":14,"column":25}},"loc":{"start":{"line":14,"column":37},"end":{"line":20,"column":1}}},"1":{"name":"(anonymous_1)","decl":{"start":{"line":18,"column":9},"end":{"line":18,"column":10}},"loc":{"start":{"line":18,"column":19},"end":{"line":18,"column":63}}}},"branchMap":{},"s":{"0":5,"1":12,"2":29},"f":{"0":5,"1":12},"b":{}}
,"C:\\Users\\emil\\OneDrive\\Desktop\\utility-lib\\src\\strings\\tokenize.ts": {"path":"C:\\Users\\emil\\OneDrive\\Desktop\\utility-lib\\src\\strings\\tokenize.ts","statementMap":{"0":{"start":{"line":16,"column":16},"end":{"line":16,"column":53}},"1":{"start":{"line":17,"column":2},"end":{"line":17,"column":15}},"2":{"start":{"line":15,"column":0},"end":{"line":15,"column":16}}},"fnMap":{"0":{"name":"tokenizeSentence","decl":{"start":{"line":15,"column":16},"end":{"line":15,"column":32}},"loc":{"start":{"line":15,"column":49},"end":{"line":18,"column":1}}}},"branchMap":{"0":{"loc":{"start":{"line":16,"column":16},"end":{"line":16,"column":53}},"type":"binary-expr","locations":[{"start":{"line":16,"column":16},"end":{"line":16,"column":47}},{"start":{"line":16,"column":51},"end":{"line":16,"column":53}}]}},"s":{"0":10,"1":10,"2":29},"f":{"0":10},"b":{"0":[10,4]}}
,"C:\\Users\\emil\\OneDrive\\Desktop\\utility-lib\\src\\strings\\truncate.ts": {"path":"C:\\Users\\emil\\OneDrive\\Desktop\\utility-lib\\src\\strings\\truncate.ts","statementMap":{"0":{"start":{"line":16,"column":2},"end":{"line":16,"column":72}},"1":{"start":{"line":15,"column":0},"end":{"line":15,"column":16}}},"fnMap":{"0":{"name":"truncateString","decl":{"start":{"line":15,"column":16},"end":{"line":15,"column":30}},"loc":{"start":{"line":15,"column":61},"end":{"line":17,"column":1}}}},"branchMap":{"0":{"loc":{"start":{"line":16,"column":9},"end":{"line":16,"column":71}},"type":"cond-expr","locations":[{"start":{"line":16,"column":34},"end":{"line":16,"column":65}},{"start":{"line":16,"column":68},"end":{"line":16,"column":71}}]}},"s":{"0":6,"1":29},"f":{"0":6},"b":{"0":[3,3]}}
,"C:\\Users\\emil\\OneDrive\\Desktop\\utility-lib\\src\\utils\\compareValues.ts": {"path":"C:\\Users\\emil\\OneDrive\\Desktop\\utility-lib\\src\\utils\\compareValues.ts","statementMap":{"0":{"start":{"line":13,"column":2},"end":{"line":13,"column":24}},"1":{"start":{"line":13,"column":15},"end":{"line":13,"column":24}},"2":{"start":{"line":14,"column":2},"end":{"line":18,"column":null}},"3":{"start":{"line":15,"column":4},"end":{"line":15,"column":26}},"4":{"start":{"line":17,"column":4},"end":{"line":17,"column":26}},"5":{"start":{"line":12,"column":0},"end":{"line":12,"column":16}}},"fnMap":{"0":{"name":"compareValues","decl":{"start":{"line":12,"column":16},"end":{"line":12,"column":29}},"loc":{"start":{"line":12,"column":65},"end":{"line":19,"column":1}}}},"branchMap":{"0":{"loc":{"start":{"line":13,"column":2},"end":{"line":13,"column":24}},"type":"if","locations":[{"start":{"line":13,"column":2},"end":{"line":13,"column":24}}]},"1":{"loc":{"start":{"line":14,"column":2},"end":{"line":18,"column":null}},"type":"if","locations":[{"start":{"line":14,"column":2},"end":{"line":18,"column":null}},{"start":{"line":16,"column":9},"end":{"line":18,"column":null}}]},"2":{"loc":{"start":{"line":15,"column":11},"end":{"line":15,"column":25}},"type":"cond-expr","locations":[{"start":{"line":15,"column":19},"end":{"line":15,"column":21}},{"start":{"line":15,"column":24},"end":{"line":15,"column":25}}]},"3":{"loc":{"start":{"line":17,"column":11},"end":{"line":17,"column":25}},"type":"cond-expr","locations":[{"start":{"line":17,"column":19},"end":{"line":17,"column":21}},{"start":{"line":17,"column":24},"end":{"line":17,"column":25}}]}},"s":{"0":195,"1":1,"2":194,"3":169,"4":25,"5":30},"f":{"0":195},"b":{"0":[1],"1":[169,25],"2":[88,81],"3":[13,12]}}
,"C:\\Users\\emil\\OneDrive\\Desktop\\utility-lib\\src\\utils\\createGraphNode.ts": {"path":"C:\\Users\\emil\\OneDrive\\Desktop\\utility-lib\\src\\utils\\createGraphNode.ts","statementMap":{"0":{"start":{"line":7,"column":2},"end":{"line":7,"column":51}},"1":{"start":{"line":6,"column":0},"end":{"line":6,"column":16}}},"fnMap":{"0":{"name":"createGraphNode","decl":{"start":{"line":6,"column":16},"end":{"line":6,"column":31}},"loc":{"start":{"line":6,"column":55},"end":{"line":8,"column":1}}}},"branchMap":{},"s":{"0":2,"1":29},"f":{"0":2},"b":{}}
,"C:\\Users\\emil\\OneDrive\\Desktop\\utility-lib\\src\\utils\\index.ts": {"path":"C:\\Users\\emil\\OneDrive\\Desktop\\utility-lib\\src\\utils\\index.ts","statementMap":{"0":{"start":{"line":1,"column":0},"end":{"line":1,"column":48}},"1":{"start":{"line":2,"column":0},"end":{"line":2,"column":72}},"2":{"start":{"line":11,"column":0},"end":{"line":11,"column":null}},"3":{"start":{"line":12,"column":15},"end":{"line":12,"column":39}},"4":{"start":{"line":13,"column":15},"end":{"line":13,"column":50}}},"fnMap":{"0":{"name":"(anonymous_0)","decl":{"start":{"line":11,"column":0},"end":{"line":11,"column":17}},"loc":{"start":{"line":11,"column":30},"end":{"line":14,"column":1}}}},"branchMap":{"0":{"loc":{"start":{"line":11,"column":17},"end":{"line":11,"column":null}},"type":"binary-expr","locations":[{"start":{"line":11,"column":17},"end":{"line":11,"column":30}},{"start":{"line":11,"column":30},"end":{"line":11,"column":null}}]}},"s":{"0":29,"1":29,"2":29,"3":29,"4":29},"f":{"0":29},"b":{"0":[29,29]}}
,"C:\\Users\\emil\\OneDrive\\Desktop\\utility-lib\\src\\validations\\index.ts": {"path":"C:\\Users\\emil\\OneDrive\\Desktop\\utility-lib\\src\\validations\\index.ts","statementMap":{"0":{"start":{"line":1,"column":0},"end":{"line":1,"column":46}},"1":{"start":{"line":2,"column":0},"end":{"line":2,"column":54}},"2":{"start":{"line":11,"column":0},"end":{"line":11,"column":null}},"3":{"start":{"line":12,"column":15},"end":{"line":12,"column":36}},"4":{"start":{"line":13,"column":15},"end":{"line":13,"column":43}}},"fnMap":{"0":{"name":"(anonymous_0)","decl":{"start":{"line":11,"column":0},"end":{"line":11,"column":17}},"loc":{"start":{"line":11,"column":32},"end":{"line":14,"column":1}}}},"branchMap":{"0":{"loc":{"start":{"line":11,"column":17},"end":{"line":11,"column":null}},"type":"binary-expr","locations":[{"start":{"line":11,"column":17},"end":{"line":11,"column":32}},{"start":{"line":11,"column":32},"end":{"line":11,"column":null}}]}},"s":{"0":29,"1":29,"2":29,"3":29,"4":29},"f":{"0":29},"b":{"0":[29,29]}}
,"C:\\Users\\emil\\OneDrive\\Desktop\\utility-lib\\src\\validations\\isValidEmail.ts": {"path":"C:\\Users\\emil\\OneDrive\\Desktop\\utility-lib\\src\\validations\\isValidEmail.ts","statementMap":{"0":{"start":{"line":15,"column":34},"end":{"line":15,"column":50}},"1":{"start":{"line":17,"column":2},"end":{"line":17,"column":102}},"2":{"start":{"line":17,"column":89},"end":{"line":17,"column":102}},"3":{"start":{"line":19,"column":22},"end":{"line":19,"column":43}},"4":{"start":{"line":21,"column":2},"end":{"line":26,"column":null}},"5":{"start":{"line":23,"column":31},"end":{"line":23,"column":88}},"6":{"start":{"line":25,"column":4},"end":{"line":25,"column":17}},"7":{"start":{"line":29,"column":31},"end":{"line":29,"column":88}},"8":{"start":{"line":32,"column":2},"end":{"line":34,"column":null}},"9":{"start":{"line":33,"column":4},"end":{"line":33,"column":17}},"10":{"start":{"line":36,"column":2},"end":{"line":38,"column":null}},"11":{"start":{"line":36,"column":33},"end":{"line":36,"column":85}},"12":{"start":{"line":37,"column":4},"end":{"line":37,"column":17}},"13":{"start":{"line":41,"column":14},"end":{"line":41,"column":49}},"14":{"start":{"line":42,"column":2},"end":{"line":47,"column":null}},"15":{"start":{"line":44,"column":4},"end":{"line":46,"column":null}},"16":{"start":{"line":45,"column":6},"end":{"line":45,"column":19}},"17":{"start":{"line":49,"column":2},"end":{"line":51,"column":null}},"18":{"start":{"line":50,"column":4},"end":{"line":50,"column":17}},"19":{"start":{"line":53,"column":2},"end":{"line":53,"column":14}},"20":{"start":{"line":14,"column":0},"end":{"line":14,"column":16}}},"fnMap":{"0":{"name":"isValidEmail","decl":{"start":{"line":14,"column":16},"end":{"line":14,"column":28}},"loc":{"start":{"line":14,"column":42},"end":{"line":54,"column":1}}},"1":{"name":"(anonymous_1)","decl":{"start":{"line":23,"column":21},"end":{"line":23,"column":22}},"loc":{"start":{"line":23,"column":31},"end":{"line":23,"column":88}}},"2":{"name":"(anonymous_2)","decl":{"start":{"line":36,"column":23},"end":{"line":36,"column":24}},"loc":{"start":{"line":36,"column":33},"end":{"line":36,"column":85}}}},"branchMap":{"0":{"loc":{"start":{"line":17,"column":2},"end":{"line":17,"column":102}},"type":"if","locations":[{"start":{"line":17,"column":2},"end":{"line":17,"column":102}}]},"1":{"loc":{"start":{"line":17,"column":6},"end":{"line":17,"column":87}},"type":"binary-expr","locations":[{"start":{"line":17,"column":6},"end":{"line":17,"column":16}},{"start":{"line":17,"column":20},"end":{"line":17,"column":31}},{"start":{"line":17,"column":35},"end":{"line":17,"column":60}},{"start":{"line":17,"column":64},"end":{"line":17,"column":87}}]},"2":{"loc":{"start":{"line":21,"column":2},"end":{"line":26,"column":null}},"type":"if","locations":[{"start":{"line":21,"column":2},"end":{"line":26,"column":null}}]},"3":{"loc":{"start":{"line":22,"column":4},"end":{"line":23,"column":89}},"type":"binary-expr","locations":[{"start":{"line":22,"column":4},"end":{"line":22,"column":26}},{"start":{"line":23,"column":4},"end":{"line":23,"column":89}}]},"4":{"loc":{"start":{"line":23,"column":31},"end":{"line":23,"column":88}},"type":"binary-expr","locations":[{"start":{"line":23,"column":31},"end":{"line":23,"column":42}},{"start":{"line":23,"column":46},"end":{"line":23,"column":66}},{"start":{"line":23,"column":70},"end":{"line":23,"column":88}}]},"5":{"loc":{"start":{"line":32,"column":2},"end":{"line":34,"column":null}},"type":"if","locations":[{"start":{"line":32,"column":2},"end":{"line":34,"column":null}}]},"6":{"loc":{"start":{"line":32,"column":6},"end":{"line":32,"column":55}},"type":"binary-expr","locations":[{"start":{"line":32,"column":6},"end":{"line":32,"column":30}},{"start":{"line":32,"column":34},"end":{"line":32,"column":55}}]},"7":{"loc":{"start":{"line":36,"column":2},"end":{"line":38,"column":null}},"type":"if","locations":[{"start":{"line":36,"column":2},"end":{"line":38,"column":null}}]},"8":{"loc":{"start":{"line":36,"column":33},"end":{"line":36,"column":85}},"type":"binary-expr","locations":[{"start":{"line":36,"column":33},"end":{"line":36,"column":65}},{"start":{"line":36,"column":69},"end":{"line":36,"column":85}}]},"9":{"loc":{"start":{"line":42,"column":2},"end":{"line":47,"column":null}},"type":"if","locations":[{"start":{"line":42,"column":2},"end":{"line":47,"column":null}}]},"10":{"loc":{"start":{"line":44,"column":4},"end":{"line":46,"column":null}},"type":"if","locations":[{"start":{"line":44,"column":4},"end":{"line":46,"column":null}}]},"11":{"loc":{"start":{"line":44,"column":9},"end":{"line":44,"column":37}},"type":"binary-expr","locations":[{"start":{"line":44,"column":9},"end":{"line":44,"column":31}},{"start":{"line":44,"column":35},"end":{"line":44,"column":37}}]},"12":{"loc":{"start":{"line":49,"column":2},"end":{"line":51,"column":null}},"type":"if","locations":[{"start":{"line":49,"column":2},"end":{"line":51,"column":null}}]}},"s":{"0":51,"1":51,"2":6,"3":45,"4":45,"5":77,"6":13,"7":32,"8":32,"9":4,"10":28,"11":59,"12":2,"13":26,"14":26,"15":2,"16":1,"17":25,"18":2,"19":23,"20":29},"f":{"0":51,"1":77,"2":59},"b":{"0":[6],"1":[51,50,47,46],"2":[13],"3":[45,38],"4":[77,73,72],"5":[4],"6":[32,31],"7":[2],"8":[59,57],"9":[2],"10":[1],"11":[2,0],"12":[2]}}
,"C:\\Users\\emil\\OneDrive\\Desktop\\utility-lib\\src\\validations\\validatePassword.ts": {"path":"C:\\Users\\emil\\OneDrive\\Desktop\\utility-lib\\src\\validations\\validatePassword.ts","statementMap":{"0":{"start":{"line":1,"column":0},"end":{"line":1,"column":41}},"1":{"start":{"line":64,"column":6},"end":{"line":64,"column":19}},"2":{"start":{"line":66,"column":39},"end":{"line":66,"column":41}},"3":{"start":{"line":68,"column":2},"end":{"line":71,"column":null}},"4":{"start":{"line":69,"column":29},"end":{"line":69,"column":109}},"5":{"start":{"line":70,"column":4},"end":{"line":70,"column":46}},"6":{"start":{"line":73,"column":2},"end":{"line":76,"column":null}},"7":{"start":{"line":74,"column":29},"end":{"line":74,"column":108}},"8":{"start":{"line":75,"column":4},"end":{"line":75,"column":46}},"9":{"start":{"line":78,"column":2},"end":{"line":81,"column":null}},"10":{"start":{"line":79,"column":36},"end":{"line":79,"column":125}},"11":{"start":{"line":80,"column":4},"end":{"line":80,"column":53}},"12":{"start":{"line":83,"column":2},"end":{"line":86,"column":null}},"13":{"start":{"line":84,"column":36},"end":{"line":84,"column":125}},"14":{"start":{"line":85,"column":4},"end":{"line":85,"column":53}},"15":{"start":{"line":88,"column":2},"end":{"line":91,"column":null}},"16":{"start":{"line":89,"column":34},"end":{"line":89,"column":111}},"17":{"start":{"line":90,"column":4},"end":{"line":90,"column":51}},"18":{"start":{"line":93,"column":2},"end":{"line":96,"column":null}},"19":{"start":{"line":94,"column":44},"end":{"line":94,"column":135}},"20":{"start":{"line":95,"column":4},"end":{"line":95,"column":61}},"21":{"start":{"line":98,"column":2},"end":{"line":101,"column":null}},"22":{"start":{"line":99,"column":46},"end":{"line":99,"column":131}},"23":{"start":{"line":100,"column":4},"end":{"line":100,"column":63}},"24":{"start":{"line":103,"column":2},"end":{"line":106,"column":null}},"25":{"start":{"line":104,"column":48},"end":{"line":104,"column":137}},"26":{"start":{"line":105,"column":4},"end":{"line":105,"column":65}},"27":{"start":{"line":108,"column":2},"end":{"line":108,"column":28}},"28":{"start":{"line":51,"column":0},"end":{"line":51,"column":16}}},"fnMap":{"0":{"name":"validatePassword","decl":{"start":{"line":51,"column":16},"end":{"line":51,"column":32}},"loc":{"start":{"line":51,"column":86},"end":{"line":109,"column":1}}}},"branchMap":{"0":{"loc":{"start":{"line":54,"column":4},"end":{"line":54,"column":17}},"type":"default-arg","locations":[{"start":{"line":54,"column":16},"end":{"line":54,"column":17}}]},"1":{"loc":{"start":{"line":55,"column":4},"end":{"line":55,"column":19}},"type":"default-arg","locations":[{"start":{"line":55,"column":16},"end":{"line":55,"column":19}}]},"2":{"loc":{"start":{"line":56,"column":4},"end":{"line":56,"column":27}},"type":"default-arg","locations":[{"start":{"line":56,"column":23},"end":{"line":56,"column":27}}]},"3":{"loc":{"start":{"line":57,"column":4},"end":{"line":57,"column":27}},"type":"default-arg","locations":[{"start":{"line":57,"column":23},"end":{"line":57,"column":27}}]},"4":{"loc":{"start":{"line":58,"column":4},"end":{"line":58,"column":25}},"type":"default-arg","locations":[{"start":{"line":58,"column":21},"end":{"line":58,"column":25}}]},"5":{"loc":{"start":{"line":59,"column":4},"end":{"line":59,"column":35}},"type":"default-arg","locations":[{"start":{"line":59,"column":31},"end":{"line":59,"column":35}}]},"6":{"loc":{"start":{"line":60,"column":4},"end":{"line":60,"column":37}},"type":"default-arg","locations":[{"start":{"line":60,"column":33},"end":{"line":60,"column":37}}]},"7":{"loc":{"start":{"line":61,"column":4},"end":{"line":61,"column":42}},"type":"default-arg","locations":[{"start":{"line":61,"column":41},"end":{"line":61,"column":42}}]},"8":{"loc":{"start":{"line":62,"column":4},"end":{"line":62,"column":39}},"type":"default-arg","locations":[{"start":{"line":62,"column":35},"end":{"line":62,"column":39}}]},"9":{"loc":{"start":{"line":63,"column":4},"end":{"line":63,"column":23}},"type":"default-arg","locations":[{"start":{"line":63,"column":21},"end":{"line":63,"column":23}}]},"10":{"loc":{"start":{"line":64,"column":6},"end":{"line":64,"column":19}},"type":"binary-expr","locations":[{"start":{"line":64,"column":6},"end":{"line":64,"column":13}},{"start":{"line":64,"column":17},"end":{"line":64,"column":19}}]},"11":{"loc":{"start":{"line":68,"column":2},"end":{"line":71,"column":null}},"type":"if","locations":[{"start":{"line":68,"column":2},"end":{"line":71,"column":null}}]},"12":{"loc":{"start":{"line":69,"column":29},"end":{"line":69,"column":109}},"type":"binary-expr","locations":[{"start":{"line":69,"column":29},"end":{"line":69,"column":53}},{"start":{"line":69,"column":57},"end":{"line":69,"column":109}}]},"13":{"loc":{"start":{"line":73,"column":2},"end":{"line":76,"column":null}},"type":"if","locations":[{"start":{"line":73,"column":2},"end":{"line":76,"column":null}}]},"14":{"loc":{"start":{"line":74,"column":29},"end":{"line":74,"column":108}},"type":"binary-expr","locations":[{"start":{"line":74,"column":29},"end":{"line":74,"column":53}},{"start":{"line":74,"column":57},"end":{"line":74,"column":108}}]},"15":{"loc":{"start":{"line":78,"column":2},"end":{"line":81,"column":null}},"type":"if","locations":[{"start":{"line":78,"column":2},"end":{"line":81,"column":null}}]},"16":{"loc":{"start":{"line":78,"column":6},"end":{"line":78,"column":49}},"type":"binary-expr","locations":[{"start":{"line":78,"column":6},"end":{"line":78,"column":22}},{"start":{"line":78,"column":26},"end":{"line":78,"column":49}}]},"17":{"loc":{"start":{"line":79,"column":36},"end":{"line":79,"column":125}},"type":"binary-expr","locations":[{"start":{"line":79,"column":36},"end":{"line":79,"column":67}},{"start":{"line":79,"column":71},"end":{"line":79,"column":125}}]},"18":{"loc":{"start":{"line":83,"column":2},"end":{"line":86,"column":null}},"type":"if","locations":[{"start":{"line":83,"column":2},"end":{"line":86,"column":null}}]},"19":{"loc":{"start":{"line":83,"column":6},"end":{"line":83,"column":49}},"type":"binary-expr","locations":[{"start":{"line":83,"column":6},"end":{"line":83,"column":22}},{"start":{"line":83,"column":26},"end":{"line":83,"column":49}}]},"20":{"loc":{"start":{"line":84,"column":36},"end":{"line":84,"column":125}},"type":"binary-expr","locations":[{"start":{"line":84,"column":36},"end":{"line":84,"column":67}},{"start":{"line":84,"column":71},"end":{"line":84,"column":125}}]},"21":{"loc":{"start":{"line":88,"column":2},"end":{"line":91,"column":null}},"type":"if","locations":[{"start":{"line":88,"column":2},"end":{"line":91,"column":null}}]},"22":{"loc":{"start":{"line":88,"column":6},"end":{"line":88,"column":44}},"type":"binary-expr","locations":[{"start":{"line":88,"column":6},"end":{"line":88,"column":20}},{"start":{"line":88,"column":24},"end":{"line":88,"column":44}}]},"23":{"loc":{"start":{"line":89,"column":34},"end":{"line":89,"column":111}},"type":"binary-expr","locations":[{"start":{"line":89,"column":34},"end":{"line":89,"column":63}},{"start":{"line":89,"column":67},"end":{"line":89,"column":111}}]},"24":{"loc":{"start":{"line":93,"column":2},"end":{"line":96,"column":null}},"type":"if","locations":[{"start":{"line":93,"column":2},"end":{"line":96,"column":null}}]},"25":{"loc":{"start":{"line":93,"column":6},"end":{"line":93,"column":64}},"type":"binary-expr","locations":[{"start":{"line":93,"column":6},"end":{"line":93,"column":30}},{"start":{"line":93,"column":34},"end":{"line":93,"column":64}}]},"26":{"loc":{"start":{"line":94,"column":44},"end":{"line":94,"column":135}},"type":"binary-expr","locations":[{"start":{"line":94,"column":44},"end":{"line":94,"column":76}},{"start":{"line":94,"column":80},"end":{"line":94,"column":135}}]},"27":{"loc":{"start":{"line":98,"column":2},"end":{"line":101,"column":null}},"type":"if","locations":[{"start":{"line":98,"column":2},"end":{"line":101,"column":null}}]},"28":{"loc":{"start":{"line":98,"column":6},"end":{"line":98,"column":105}},"type":"binary-expr","locations":[{"start":{"line":98,"column":6},"end":{"line":98,"column":32}},{"start":{"line":98,"column":36},"end":{"line":98,"column":105}}]},"29":{"loc":{"start":{"line":99,"column":46},"end":{"line":99,"column":131}},"type":"binary-expr","locations":[{"start":{"line":99,"column":46},"end":{"line":99,"column":79}},{"start":{"line":99,"column":83},"end":{"line":99,"column":131}}]},"30":{"loc":{"start":{"line":103,"column":2},"end":{"line":106,"column":null}},"type":"if","locations":[{"start":{"line":103,"column":2},"end":{"line":106,"column":null}}]},"31":{"loc":{"start":{"line":103,"column":6},"end":{"line":103,"column":73}},"type":"binary-expr","locations":[{"start":{"line":103,"column":6},"end":{"line":103,"column":34}},{"start":{"line":103,"column":38},"end":{"line":103,"column":73}}]},"32":{"loc":{"start":{"line":104,"column":48},"end":{"line":104,"column":137}},"type":"binary-expr","locations":[{"start":{"line":104,"column":48},"end":{"line":104,"column":83}},{"start":{"line":104,"column":87},"end":{"line":104,"column":137}}]}},"s":{"0":29,"1":11,"2":11,"3":11,"4":1,"5":1,"6":11,"7":1,"8":1,"9":11,"10":1,"11":1,"12":11,"13":1,"14":1,"15":11,"16":1,"17":1,"18":11,"19":1,"20":1,"21":11,"22":2,"23":2,"24":11,"25":2,"26":2,"27":11,"28":29},"f":{"0":11},"b":{"0":[11],"1":[11],"2":[11],"3":[11],"4":[11],"5":[11],"6":[11],"7":[11],"8":[11],"9":[11],"10":[11,11],"11":[1],"12":[1,1],"13":[1],"14":[1,1],"15":[1],"16":[11,11],"17":[1,1],"18":[1],"19":[11,11],"20":[1,1],"21":[1],"22":[11,11],"23":[1,1],"24":[1],"25":[11,11],"26":[1,1],"27":[2],"28":[11,11],"29":[2,2],"30":[2],"31":[11,11],"32":[2,2]}}
}
