TN:
SF:src\index.ts
FN:18,(anonymous_0)
FN:18,(anonymous_1)
FN:18,(anonymous_2)
FN:18,(anonymous_3)
FN:18,(anonymous_4)
FN:18,(anonymous_5)
FN:18,(anonymous_6)
FN:18,(anonymous_7)
FN:18,(anonymous_8)
FN:18,(anonymous_9)
FN:18,(anonymous_10)
FN:18,(anonymous_11)
FN:18,(anonymous_12)
FN:18,(anonymous_13)
FN:18,(anonymous_14)
FN:18,(anonymous_15)
FN:18,(anonymous_16)
FN:18,(anonymous_17)
FN:18,(anonymous_18)
FN:18,(anonymous_19)
FN:18,(anonymous_20)
FNF:21
FNH:19
FNDA:1,(anonymous_0)
FNDA:4,(anonymous_1)
FNDA:6,(anonymous_2)
FNDA:3,(anonymous_3)
FNDA:4,(anonymous_4)
FNDA:7,(anonymous_5)
FNDA:4,(anonymous_6)
FNDA:2,(anonymous_7)
FNDA:2,(anonymous_8)
FNDA:3,(anonymous_9)
FNDA:0,(anonymous_10)
FNDA:3,(anonymous_11)
FNDA:4,(anonymous_12)
FNDA:2,(anonymous_13)
FNDA:3,(anonymous_14)
FNDA:5,(anonymous_15)
FNDA:5,(anonymous_16)
FNDA:5,(anonymous_17)
FNDA:5,(anonymous_18)
FNDA:6,(anonymous_19)
FNDA:0,(anonymous_20)
DA:14,19
DA:15,19
DA:16,19
DA:18,26
LF:4
LH:4
BRF:0
BRH:0
end_of_record
TN:
SF:src\arrays\analyzeData.ts
FN:46,analyzeDataArray
FNF:1
FNH:1
FNDA:1,analyzeDataArray
DA:2,20
DA:46,20
DA:47,1
DA:48,1
DA:49,1
DA:50,1
DA:51,1
DA:52,1
DA:53,1
DA:54,1
DA:55,1
DA:56,1
DA:57,1
DA:59,1
LF:14
LH:14
BRF:0
BRH:0
end_of_record
TN:
SF:src\arrays\average.ts
FN:14,averageArray
FN:16,(anonymous_1)
FNF:2
FNH:2
FNDA:5,averageArray
FNDA:20,(anonymous_1)
DA:14,20
DA:15,5
DA:16,20
DA:17,4
LF:4
LH:4
BRDA:15,0,0,1
BRF:1
BRH:1
end_of_record
TN:
SF:src\arrays\chunk.ts
FN:23,chunkArray
FNF:1
FNH:1
FNDA:6,chunkArray
DA:23,20
DA:24,6
DA:25,2
DA:28,4
DA:29,4
DA:30,9
DA:33,4
LF:7
LH:7
BRDA:24,0,0,2
BRF:1
BRH:1
end_of_record
TN:
SF:src\arrays\findOutliers.ts
FN:21,findOutliers
FN:26,(anonymous_1)
FNF:2
FNH:2
FNDA:4,findOutliers
FNDA:31,(anonymous_1)
DA:1,20
DA:2,20
DA:21,20
DA:22,4
DA:23,4
DA:24,4
DA:26,31
LF:7
LH:7
BRF:0
BRH:0
end_of_record
TN:
SF:src\arrays\index.ts
FN:23,(anonymous_0)
FN:23,(anonymous_1)
FN:23,(anonymous_2)
FN:23,(anonymous_3)
FN:23,(anonymous_4)
FN:23,(anonymous_5)
FN:23,(anonymous_6)
FN:23,(anonymous_7)
FN:23,(anonymous_8)
FN:23,(anonymous_9)
FN:23,(anonymous_10)
FN:23,(anonymous_11)
FN:23,(anonymous_12)
FNF:13
FNH:13
FNDA:1,(anonymous_0)
FNDA:5,(anonymous_1)
FNDA:6,(anonymous_2)
FNDA:4,(anonymous_3)
FNDA:5,(anonymous_4)
FNDA:8,(anonymous_5)
FNDA:5,(anonymous_6)
FNDA:3,(anonymous_7)
FNDA:3,(anonymous_8)
FNDA:4,(anonymous_9)
FNDA:12,(anonymous_10)
FNDA:4,(anonymous_11)
FNDA:5,(anonymous_12)
DA:9,20
DA:10,20
DA:11,20
DA:12,20
DA:13,20
DA:14,20
DA:15,20
DA:16,20
DA:17,20
DA:18,20
DA:19,20
DA:20,20
DA:21,20
DA:23,32
LF:14
LH:14
BRF:0
BRH:0
end_of_record
TN:
SF:src\arrays\max.ts
FN:14,maxArray
FNF:1
FNH:1
FNDA:5,maxArray
DA:14,20
DA:15,5
DA:16,4
LF:3
LH:3
BRDA:15,0,0,1
BRF:1
BRH:1
end_of_record
TN:
SF:src\arrays\median.ts
FN:24,medianArray
FNF:1
FNH:1
FNDA:12,medianArray
DA:1,20
DA:24,20
DA:25,12
DA:26,12
DA:27,12
DA:28,5
DA:30,7
LF:7
LH:7
BRDA:27,0,0,5
BRDA:27,0,1,7
BRF:2
BRH:2
end_of_record
TN:
SF:src\arrays\min.ts
FN:14,minArray
FNF:1
FNH:1
FNDA:5,minArray
DA:14,20
DA:15,5
DA:16,4
LF:3
LH:3
BRDA:15,0,0,1
BRF:1
BRH:1
end_of_record
TN:
SF:src\arrays\normalize.ts
FN:22,normalizeArray
FN:27,(anonymous_1)
FN:30,(anonymous_2)
FNF:3
FNH:3
FNDA:3,normalizeArray
FNDA:5,(anonymous_1)
FNDA:15,(anonymous_2)
DA:22,20
DA:23,3
DA:24,3
DA:26,3
DA:27,5
DA:30,15
LF:6
LH:6
BRDA:26,0,0,1
BRF:1
BRH:1
end_of_record
TN:
SF:src\arrays\range.ts
FN:14,rangeArray
FN:18,(anonymous_1)
FNF:2
FNH:2
FNDA:3,rangeArray
FNDA:17,(anonymous_1)
DA:14,20
DA:15,3
DA:16,3
DA:17,3
DA:18,17
LF:5
LH:5
BRDA:15,0,0,2
BRDA:15,0,1,1
BRDA:16,1,0,2
BRDA:16,1,1,1
BRF:4
BRH:4
end_of_record
TN:
SF:src\arrays\shuffle.ts
FN:20,shuffleArray
FNF:1
FNH:1
FNDA:4,shuffleArray
DA:20,20
DA:21,4
DA:22,4
DA:23,20
DA:24,20
DA:26,4
LF:6
LH:6
BRF:0
BRH:0
end_of_record
TN:
SF:src\arrays\sort.ts
FN:24,sortArray
FN:26,(anonymous_1)
FNF:2
FNH:2
FNDA:24,sortArray
FNDA:195,(anonymous_1)
DA:2,20
DA:24,20
DA:25,24
DA:26,195
LF:4
LH:4
BRDA:24,0,0,19
BRF:1
BRH:1
end_of_record
TN:
SF:src\arrays\standardDeviation.ts
FN:19,standardDeviationArray
FN:24,(anonymous_1)
FNF:2
FNH:2
FNDA:8,standardDeviationArray
FNDA:51,(anonymous_1)
DA:1,20
DA:19,20
DA:20,8
DA:22,7
DA:24,7
DA:25,51
DA:26,51
DA:29,7
DA:31,7
LF:9
LH:9
BRDA:20,0,0,1
BRF:1
BRH:1
end_of_record
TN:
SF:src\arrays\sum.ts
FN:14,sumArray
FN:15,(anonymous_1)
FNF:2
FNH:2
FNDA:19,sumArray
FNDA:122,(anonymous_1)
DA:14,20
DA:15,122
LF:2
LH:2
BRF:0
BRH:0
end_of_record
TN:
SF:src\strings\capitalizeFirstLetter.ts
FN:14,capitalizeFirstLetter
FNF:1
FNH:1
FNDA:2,capitalizeFirstLetter
DA:14,19
DA:15,2
DA:16,1
LF:3
LH:3
BRDA:15,0,0,1
BRF:1
BRH:1
end_of_record
TN:
SF:src\strings\extractSubstringsByPattern.ts
FN:17,extractSubstringsByPattern
FNF:1
FNH:1
FNDA:3,extractSubstringsByPattern
DA:17,19
DA:18,3
DA:21,3
DA:22,16
DA:25,3
LF:5
LH:5
BRF:0
BRH:0
end_of_record
TN:
SF:src\strings\getWordFrequency.ts
FN:17,getWordFrequency
FNF:1
FNH:1
FNDA:5,getWordFrequency
DA:1,19
DA:17,19
DA:18,5
DA:19,5
DA:21,5
DA:22,27
DA:23,27
DA:28,5
LF:8
LH:8
BRDA:23,0,0,7
BRDA:23,0,1,20
BRF:2
BRH:2
end_of_record
TN:
SF:src\strings\index.ts
FN:16,(anonymous_0)
FN:16,(anonymous_1)
FN:16,(anonymous_2)
FN:16,(anonymous_3)
FN:16,(anonymous_4)
FN:16,(anonymous_5)
FN:16,(anonymous_6)
FNF:7
FNH:7
FNDA:2,(anonymous_0)
FNDA:3,(anonymous_1)
FNDA:5,(anonymous_2)
FNDA:5,(anonymous_3)
FNDA:5,(anonymous_4)
FNDA:5,(anonymous_5)
FNDA:6,(anonymous_6)
DA:8,19
DA:9,19
DA:10,19
DA:11,19
DA:12,19
DA:13,19
DA:14,19
DA:16,25
LF:8
LH:8
BRF:0
BRH:0
end_of_record
TN:
SF:src\strings\reverse.ts
FN:14,reverseString
FNF:1
FNH:1
FNDA:5,reverseString
DA:14,19
DA:15,5
LF:2
LH:2
BRF:0
BRH:0
end_of_record
TN:
SF:src\strings\titleCase.ts
FN:14,titleCase
FN:18,(anonymous_1)
FNF:2
FNH:2
FNDA:5,titleCase
FNDA:12,(anonymous_1)
DA:14,19
DA:15,5
DA:18,12
LF:3
LH:3
BRF:0
BRH:0
end_of_record
TN:
SF:src\strings\tokenize.ts
FN:15,tokenizeSentence
FNF:1
FNH:1
FNDA:10,tokenizeSentence
DA:15,19
DA:16,10
DA:17,10
LF:3
LH:3
BRDA:16,0,0,10
BRDA:16,0,1,4
BRF:2
BRH:2
end_of_record
TN:
SF:src\strings\truncate.ts
FN:15,truncateString
FNF:1
FNH:1
FNDA:6,truncateString
DA:15,19
DA:16,6
LF:2
LH:2
BRDA:16,0,0,3
BRDA:16,0,1,3
BRF:2
BRH:2
end_of_record
TN:
SF:src\utils\compareValues.ts
FN:12,compareValues
FNF:1
FNH:1
FNDA:195,compareValues
DA:12,20
DA:13,195
DA:14,194
DA:15,169
DA:17,25
LF:5
LH:5
BRDA:13,0,0,1
BRDA:14,1,0,169
BRDA:14,1,1,25
BRDA:15,2,0,88
BRDA:15,2,1,81
BRDA:17,3,0,13
BRDA:17,3,1,12
BRF:7
BRH:7
end_of_record
TN:
SF:src\utils\index.ts
FN:11,(anonymous_0)
FNF:1
FNH:1
FNDA:195,(anonymous_0)
DA:9,20
DA:11,215
LF:2
LH:2
BRF:0
BRH:0
end_of_record
