TN:
SF:src\index.ts
FN:21,(anonymous_6)
FN:21,(anonymous_7)
FN:21,(anonymous_8)
FN:21,(anonymous_9)
FN:21,(anonymous_10)
FN:21,(anonymous_11)
FNF:6
FNH:6
FNDA:43,(anonymous_6)
FNDA:8,(anonymous_7)
FNDA:9,(anonymous_8)
FNDA:40,(anonymous_9)
FNDA:18,(anonymous_10)
FNDA:62,(anonymous_11)
DA:13,32
DA:14,32
DA:15,32
DA:16,32
DA:17,32
DA:18,32
DA:19,32
DA:21,94
LF:8
LH:8
BRF:0
BRH:0
end_of_record
TN:
SF:src\arrays\analyzeData.ts
FN:34,analyzeDataArray
FNF:1
FNH:1
FNDA:1,analyzeDataArray
DA:1,33
DA:34,33
DA:35,1
DA:36,1
DA:37,1
DA:38,1
DA:39,1
DA:40,1
DA:41,1
DA:42,1
DA:43,1
DA:44,1
DA:46,1
LF:13
LH:13
BRF:0
BRH:0
end_of_record
TN:
SF:src\arrays\average.ts
FN:14,averageArray
FN:16,(anonymous_1)
FNF:2
FNH:2
FNDA:5,averageArray
FNDA:20,(anonymous_1)
DA:14,33
DA:15,5
DA:16,20
DA:17,4
LF:4
LH:4
BRDA:15,0,0,1
BRF:1
BRH:1
end_of_record
TN:
SF:src\arrays\chunk.ts
FN:23,chunkArray
FNF:1
FNH:1
FNDA:6,chunkArray
DA:23,33
DA:24,6
DA:25,2
DA:28,4
DA:29,4
DA:30,9
DA:33,4
LF:7
LH:7
BRDA:24,0,0,2
BRF:1
BRH:1
end_of_record
TN:
SF:src\arrays\findOutliers.ts
FN:20,findOutliers
FN:32,(anonymous_1)
FNF:2
FNH:2
FNDA:4,findOutliers
FNDA:31,(anonymous_1)
DA:1,33
DA:20,33
DA:21,4
DA:23,4
DA:24,4
DA:25,4
DA:26,4
DA:28,4
DA:30,4
DA:32,31
LF:10
LH:10
BRDA:32,0,0,31
BRDA:32,0,1,30
BRF:2
BRH:2
end_of_record
TN:
SF:src\arrays\index.ts
FN:22,(anonymous_0)
FNF:1
FNH:1
FNDA:33,(anonymous_0)
DA:1,33
DA:2,33
DA:3,33
DA:4,33
DA:5,33
DA:6,33
DA:7,33
DA:8,33
DA:9,33
DA:10,33
DA:11,33
DA:12,33
DA:13,33
DA:22,33
DA:23,33
DA:24,33
DA:25,33
DA:26,33
DA:27,33
DA:28,33
DA:29,33
DA:30,33
DA:31,33
DA:32,33
DA:33,33
DA:34,33
DA:35,33
LF:27
LH:27
BRDA:22,0,0,33
BRDA:22,0,1,33
BRF:2
BRH:2
end_of_record
TN:
SF:src\arrays\max.ts
FN:14,maxArray
FNF:1
FNH:1
FNDA:5,maxArray
DA:14,33
DA:15,5
DA:16,4
LF:3
LH:3
BRDA:15,0,0,1
BRF:1
BRH:1
end_of_record
TN:
SF:src\arrays\median.ts
FN:24,medianArray
FNF:1
FNH:1
FNDA:8,medianArray
DA:1,33
DA:24,33
DA:25,8
DA:26,8
DA:27,8
DA:28,4
DA:30,4
LF:7
LH:7
BRDA:27,0,0,4
BRDA:27,0,1,4
BRF:2
BRH:2
end_of_record
TN:
SF:src\arrays\min.ts
FN:14,minArray
FNF:1
FNH:1
FNDA:5,minArray
DA:14,33
DA:15,5
DA:16,4
LF:3
LH:3
BRDA:15,0,0,1
BRF:1
BRH:1
end_of_record
TN:
SF:src\arrays\normalize.ts
FN:21,normalizeArray
FN:26,(anonymous_1)
FN:29,(anonymous_2)
FNF:3
FNH:3
FNDA:3,normalizeArray
FNDA:5,(anonymous_1)
FNDA:15,(anonymous_2)
DA:21,33
DA:22,3
DA:23,3
DA:25,3
DA:26,5
DA:29,15
LF:6
LH:6
BRDA:25,0,0,1
BRF:1
BRH:1
end_of_record
TN:
SF:src\arrays\range.ts
FN:14,rangeArray
FN:18,(anonymous_1)
FNF:2
FNH:2
FNDA:2,rangeArray
FNDA:12,(anonymous_1)
DA:14,33
DA:15,2
DA:16,2
DA:17,2
DA:18,12
LF:5
LH:5
BRDA:15,0,0,1
BRDA:15,0,1,1
BRDA:16,1,0,1
BRDA:16,1,1,1
BRF:4
BRH:4
end_of_record
TN:
SF:src\arrays\shuffle.ts
FN:20,shuffleArray
FNF:1
FNH:1
FNDA:4,shuffleArray
DA:20,33
DA:21,4
DA:22,4
DA:23,20
DA:24,20
DA:26,4
LF:6
LH:6
BRF:0
BRH:0
end_of_record
TN:
SF:src\arrays\sort.ts
FN:24,sortArray
FN:26,(anonymous_1)
FNF:2
FNH:2
FNDA:24,sortArray
FNDA:195,(anonymous_1)
DA:2,33
DA:24,33
DA:25,24
DA:26,195
LF:4
LH:4
BRDA:24,0,0,19
BRF:1
BRH:1
end_of_record
TN:
SF:src\arrays\standardDeviation.ts
FN:19,standardDeviationArray
FN:24,(anonymous_1)
FNF:2
FNH:2
FNDA:4,standardDeviationArray
FNDA:20,(anonymous_1)
DA:1,33
DA:19,33
DA:20,4
DA:22,3
DA:24,3
DA:25,20
DA:26,20
DA:29,3
DA:31,3
LF:9
LH:9
BRDA:20,0,0,1
BRF:1
BRH:1
end_of_record
TN:
SF:src\arrays\sum.ts
FN:14,sumArray
FN:15,(anonymous_1)
FNF:2
FNH:2
FNDA:11,sumArray
FNDA:60,(anonymous_1)
DA:14,33
DA:15,60
LF:2
LH:2
BRF:0
BRH:0
end_of_record
TN:
SF:src\math\clamp.ts
FN:15,clamp
FNF:1
FNH:1
FNDA:2,clamp
DA:15,32
DA:16,2
LF:2
LH:2
BRF:0
BRH:0
end_of_record
TN:
SF:src\math\degToRad.ts
FN:13,degToRad
FNF:1
FNH:1
FNDA:2,degToRad
DA:13,32
DA:14,2
LF:2
LH:2
BRF:0
BRH:0
end_of_record
TN:
SF:src\math\index.ts
FN:13,(anonymous_0)
FNF:1
FNH:1
FNDA:32,(anonymous_0)
DA:1,32
DA:2,32
DA:3,32
DA:4,32
DA:13,32
DA:14,32
DA:15,32
DA:16,32
DA:17,32
LF:9
LH:9
BRDA:13,0,0,32
BRDA:13,0,1,32
BRF:2
BRH:2
end_of_record
TN:
SF:src\math\lerp.ts
FN:15,lerp
FNF:1
FNH:1
FNDA:2,lerp
DA:15,32
DA:16,2
LF:2
LH:2
BRF:0
BRH:0
end_of_record
TN:
SF:src\math\radToDeg.ts
FN:13,radToDeg
FNF:1
FNH:1
FNDA:2,radToDeg
DA:13,32
DA:14,2
LF:2
LH:2
BRF:0
BRH:0
end_of_record
TN:
SF:src\pathfinding\aStar.ts
FN:56,aStar
FNF:1
FNH:1
FNDA:3,aStar
DA:2,34
DA:3,34
DA:56,34
DA:57,3
DA:58,3
DA:60,3
DA:61,3
DA:62,3
DA:63,3
DA:64,3
DA:66,3
DA:68,19
DA:69,27
DA:70,27
DA:71,21
DA:75,19
DA:76,0
DA:79,19
DA:80,3
DA:83,16
DA:85,16
DA:86,36
DA:88,36
DA:89,20
DA:90,20
DA:91,20
DA:93,20
DA:94,20
DA:100,0
LF:29
LH:27
BRDA:70,0,0,21
BRDA:70,1,0,27
BRDA:70,1,1,8
BRDA:75,2,0,0
BRDA:79,3,0,3
BRDA:88,4,0,20
BRDA:88,5,0,36
BRDA:88,5,1,36
BRDA:93,6,0,20
BRF:9
BRH:8
end_of_record
TN:
SF:src\pathfinding\findShortestPath.ts
FN:70,findShortestPath
FN:82,(anonymous_1)
FNF:2
FNH:2
FNDA:7,findShortestPath
FNDA:1228,(anonymous_1)
DA:1,34
DA:2,34
DA:3,34
DA:4,34
DA:5,34
DA:70,34
DA:80,7
DA:82,7
DA:83,1228
DA:84,1228
DA:87,7
DA:89,7
DA:90,7
DA:92,7
DA:93,7
DA:95,7
DA:96,3
DA:99,4
LF:18
LH:18
BRDA:75,0,0,4
BRDA:78,1,0,5
BRDA:79,2,0,6
BRDA:95,3,0,3
BRDA:95,4,0,7
BRDA:95,4,1,6
BRDA:99,5,0,3
BRDA:99,5,1,1
BRF:8
BRH:8
end_of_record
TN:
SF:src\pathfinding\generateConnectionArray.ts
FN:15,generateConnectionArray
FN:17,(anonymous_1)
FN:20,(anonymous_2)
FN:25,validNeighbor
FN:30,generateChunkConnectionArray
FNF:5
FNH:4
FNDA:2,generateConnectionArray
FNDA:40,(anonymous_1)
FNDA:0,(anonymous_2)
FNDA:3200,validNeighbor
FNDA:4,generateChunkConnectionArray
DA:15,2
DA:16,2
DA:17,40
DA:20,2
DA:21,0
DA:26,3200
DA:31,4
DA:33,4
DA:34,80
DA:35,800
DA:36,760
DA:38,800
DA:39,760
DA:41,800
DA:42,760
DA:44,800
DA:45,760
DA:50,4
DA:54,2
DA:55,2
DA:56,4
DA:57,4
DA:58,4
DA:61,2
LF:24
LH:23
BRDA:26,0,0,3200
BRDA:26,0,1,3160
BRDA:26,0,2,3120
BRDA:26,0,3,3080
BRDA:26,0,4,3040
BRDA:35,1,0,760
BRDA:38,2,0,760
BRDA:41,3,0,760
BRDA:44,4,0,760
BRF:9
BRH:9
end_of_record
TN:
SF:src\pathfinding\heuristic.ts
FN:40,heuristic
FNF:1
FNH:1
FNDA:1452,heuristic
DA:40,34
DA:41,1452
DA:42,1452
DA:43,1452
LF:4
LH:4
BRF:0
BRH:0
end_of_record
TN:
SF:src\pathfinding\index.ts
FN:14,(anonymous_0)
FNF:1
FNH:1
FNDA:34,(anonymous_0)
DA:1,34
DA:2,34
DA:3,34
DA:4,34
DA:5,34
DA:14,34
DA:15,34
DA:16,34
DA:17,34
DA:18,34
DA:19,34
LF:11
LH:11
BRDA:14,0,0,34
BRDA:14,0,1,34
BRF:2
BRH:2
end_of_record
TN:
SF:src\pathfinding\reconstructPath.ts
FN:42,reconstructPath
FNF:1
FNH:1
FNDA:6,reconstructPath
DA:42,34
DA:43,6
DA:44,6
DA:46,6
DA:47,65
DA:48,65
DA:51,6
LF:7
LH:7
BRF:0
BRH:0
end_of_record
TN:
SF:src\pathfinding\thetaStar.ts
FN:64,thetaStar
FN:77,(anonymous_1)
FN:78,(anonymous_2)
FN:80,(anonymous_3)
FN:83,(anonymous_4)
FN:95,lineOfSightCheck
FN:145,calculateCost
FN:167,(anonymous_7)
FN:196,(anonymous_8)
FNF:9
FNH:9
FNDA:3,thetaStar
FNDA:35,(anonymous_1)
FNDA:35,(anonymous_2)
FNDA:28,(anonymous_3)
FNDA:29,(anonymous_4)
FNDA:710,lineOfSightCheck
FNDA:710,calculateCost
FNDA:9206,(anonymous_7)
FNDA:10069,(anonymous_8)
DA:1,34
DA:64,34
DA:70,3
DA:71,3
DA:72,3
DA:73,3
DA:75,3
DA:76,3
DA:77,35
DA:78,35
DA:80,28
DA:83,3
DA:84,29
DA:96,710
DA:97,710
DA:98,710
DA:99,710
DA:101,710
DA:102,710
DA:103,710
DA:104,710
DA:106,710
DA:107,710
DA:108,710
DA:109,710
DA:111,710
DA:112,2103
DA:113,39
DA:117,2064
DA:118,671
DA:119,671
DA:122,1393
DA:123,1393
DA:124,681
DA:125,681
DA:127,1393
DA:128,1201
DA:129,1201
DA:133,710
DA:147,710
DA:148,39
DA:152,671
DA:156,3
DA:163,3
DA:165,3
DA:167,9206
DA:169,386
DA:170,386
DA:172,386
DA:173,1
DA:176,385
DA:177,1456
DA:178,708
DA:182,748
DA:183,38
DA:186,710
DA:188,710
DA:196,10069
DA:198,710
DA:199,383
DA:201,383
DA:202,383
DA:204,0
DA:205,0
DA:212,2
LF:65
LH:63
BRDA:75,0,0,3
BRDA:103,1,0,681
BRDA:103,1,1,29
BRDA:104,2,0,693
BRDA:104,2,1,17
BRDA:112,3,0,39
BRDA:112,4,0,2103
BRDA:112,4,1,446
BRDA:117,5,0,671
BRDA:117,6,0,2064
BRDA:117,6,1,2064
BRDA:117,6,2,2064
BRDA:117,6,3,2064
BRDA:117,6,4,2064
BRDA:123,7,0,681
BRDA:127,8,0,1201
BRDA:147,9,0,39
BRDA:172,10,0,1
BRDA:177,11,0,708
BRDA:182,12,0,38
BRDA:198,13,0,383
BRDA:198,14,0,710
BRDA:198,14,1,327
BRDA:201,15,0,383
BRDA:201,15,1,0
BRF:25
BRH:24
end_of_record
TN:
SF:src\strings\capitalizeFirstLetter.ts
FN:14,capitalizeFirstLetter
FNF:1
FNH:1
FNDA:2,capitalizeFirstLetter
DA:14,32
DA:15,2
DA:16,1
LF:3
LH:3
BRDA:15,0,0,1
BRF:1
BRH:1
end_of_record
TN:
SF:src\strings\containsWhitespace.ts
FN:15,containsWhitespace
FNF:1
FNH:1
FNDA:2,containsWhitespace
DA:15,32
DA:17,2
DA:19,2
LF:3
LH:3
BRF:0
BRH:0
end_of_record
TN:
SF:src\strings\extractSubstringsByPattern.ts
FN:17,extractSubstringsByPattern
FNF:1
FNH:1
FNDA:3,extractSubstringsByPattern
DA:17,32
DA:18,3
DA:21,3
DA:22,16
DA:25,3
LF:5
LH:5
BRF:0
BRH:0
end_of_record
TN:
SF:src\strings\getWordFrequency.ts
FN:17,getWordFrequency
FNF:1
FNH:1
FNDA:5,getWordFrequency
DA:1,32
DA:17,32
DA:18,5
DA:19,5
DA:21,5
DA:22,27
DA:23,27
DA:28,5
LF:8
LH:8
BRDA:23,0,0,7
BRDA:23,0,1,20
BRF:2
BRH:2
end_of_record
TN:
SF:src\strings\hasSequential.ts
FN:19,hasSequentialCharacters
FNF:1
FNH:1
FNDA:11,hasSequentialCharacters
DA:19,32
DA:20,11
LF:2
LH:2
BRF:0
BRH:0
end_of_record
TN:
SF:src\strings\hexToRgba.ts
FN:13,hexToRgba
FNF:1
FNH:1
FNDA:3,hexToRgba
DA:13,32
DA:15,3
DA:16,3
DA:17,3
DA:20,3
DA:21,1
DA:22,1
DA:26,2
LF:8
LH:8
BRDA:20,0,0,1
BRF:1
BRH:1
end_of_record
TN:
SF:src\strings\index.ts
FN:21,(anonymous_0)
FNF:1
FNH:1
FNDA:32,(anonymous_0)
DA:1,32
DA:2,32
DA:3,32
DA:4,32
DA:5,32
DA:6,32
DA:7,32
DA:8,32
DA:9,32
DA:10,32
DA:11,32
DA:12,32
DA:21,32
DA:22,32
DA:23,32
DA:24,32
DA:25,32
DA:26,32
DA:27,32
DA:28,32
DA:29,32
DA:30,32
DA:31,32
DA:32,32
DA:33,32
LF:25
LH:25
BRDA:21,0,0,32
BRDA:21,0,1,32
BRF:2
BRH:2
end_of_record
TN:
SF:src\strings\isRepeating.ts
FN:20,hasRepeatedCharacters
FNF:1
FNH:1
FNDA:11,hasRepeatedCharacters
DA:20,32
DA:21,11
LF:2
LH:2
BRF:0
BRH:0
end_of_record
TN:
SF:src\strings\reverse.ts
FN:14,reverseString
FNF:1
FNH:1
FNDA:5,reverseString
DA:14,32
DA:15,5
LF:2
LH:2
BRF:0
BRH:0
end_of_record
TN:
SF:src\strings\rgbaToHex.ts
FN:13,rgbaToHex
FNF:1
FNH:1
FNDA:4,rgbaToHex
DA:13,32
DA:15,4
DA:17,4
DA:18,3
DA:19,3
DA:20,3
DA:21,3
DA:22,3
DA:26,1
LF:9
LH:9
BRDA:17,0,0,3
BRF:1
BRH:1
end_of_record
TN:
SF:src\strings\titleCase.ts
FN:14,titleCase
FN:18,(anonymous_1)
FNF:2
FNH:2
FNDA:5,titleCase
FNDA:12,(anonymous_1)
DA:14,32
DA:15,5
DA:18,12
LF:3
LH:3
BRF:0
BRH:0
end_of_record
TN:
SF:src\strings\tokenize.ts
FN:15,tokenizeSentence
FNF:1
FNH:1
FNDA:10,tokenizeSentence
DA:15,32
DA:16,10
DA:17,10
LF:3
LH:3
BRDA:16,0,0,10
BRDA:16,0,1,4
BRF:2
BRH:2
end_of_record
TN:
SF:src\strings\truncate.ts
FN:15,truncateString
FNF:1
FNH:1
FNDA:6,truncateString
DA:15,32
DA:16,6
LF:2
LH:2
BRDA:16,0,0,3
BRDA:16,0,1,3
BRF:2
BRH:2
end_of_record
TN:
SF:src\types\index.ts
FN:95,(anonymous_0)
FNF:1
FNH:1
FNDA:34,(anonymous_0)
DA:95,34
DA:96,34
DA:97,34
LF:3
LH:3
BRDA:95,0,0,34
BRDA:95,0,1,34
BRF:2
BRH:2
end_of_record
TN:
SF:src\utils\compareValues.ts
FN:12,compareValues
FNF:1
FNH:1
FNDA:195,compareValues
DA:12,35
DA:13,195
DA:14,194
DA:15,169
DA:17,25
LF:5
LH:5
BRDA:13,0,0,1
BRDA:14,1,0,169
BRDA:14,1,1,25
BRDA:15,2,0,88
BRDA:15,2,1,81
BRDA:17,3,0,13
BRDA:17,3,1,12
BRF:7
BRH:7
end_of_record
TN:
SF:src\utils\createGraphNode.ts
FN:9,createGraphNode
FNF:1
FNH:1
FNDA:1231,createGraphNode
DA:9,34
DA:10,1231
LF:2
LH:2
BRF:0
BRH:0
end_of_record
TN:
SF:src\utils\createGraphNodes.ts
FN:12,createGraphNodes
FN:15,(anonymous_1)
FNF:2
FNH:2
FNDA:7,createGraphNodes
FNDA:4588,(anonymous_1)
DA:1,34
DA:12,34
DA:13,7
DA:15,7
DA:16,4588
DA:17,8
DA:18,8
DA:20,4588
DA:21,1220
DA:22,1220
DA:25,4588
DA:26,4588
DA:28,4588
DA:29,4588
DA:32,7
LF:15
LH:15
BRDA:16,0,0,8
BRDA:20,1,0,1220
BRDA:28,2,0,4588
BRDA:28,3,0,4588
BRDA:28,3,1,4588
BRDA:29,4,0,4588
BRDA:29,5,0,4588
BRDA:29,5,1,4588
BRF:8
BRH:8
end_of_record
TN:
SF:src\utils\generatePointId.ts
FN:15,generatePointId
FNF:1
FNH:1
FNDA:41,generatePointId
DA:15,34
DA:16,41
LF:2
LH:2
BRF:0
BRH:0
end_of_record
TN:
SF:src\utils\index.ts
FN:14,(anonymous_0)
FNF:1
FNH:1
FNDA:34,(anonymous_0)
DA:1,34
DA:2,34
DA:3,34
DA:4,34
DA:5,34
DA:14,34
DA:15,34
DA:16,34
DA:17,34
DA:18,34
DA:19,34
LF:11
LH:11
BRDA:14,0,0,34
BRDA:14,0,1,34
BRF:2
BRH:2
end_of_record
TN:
SF:src\utils\randomNumberGenerator.ts
FN:25,(anonymous_0)
FN:42,(anonymous_1)
FN:57,(anonymous_2)
FN:72,(anonymous_3)
FN:86,(anonymous_4)
FN:87,(anonymous_5)
FN:105,(anonymous_6)
FNF:7
FNH:7
FNDA:1,(anonymous_0)
FNDA:105,(anonymous_1)
FNDA:3,(anonymous_2)
FNDA:3,(anonymous_3)
FNDA:3,(anonymous_4)
FNDA:93,(anonymous_5)
FNDA:3,(anonymous_6)
DA:22,34
DA:23,34
DA:26,1
DA:27,1
DA:28,108
DA:29,108
DA:43,105
DA:44,105
DA:45,105
DA:58,3
DA:59,3
DA:73,3
DA:74,3
DA:87,3
DA:88,93
DA:89,93
DA:90,93
DA:106,3
DA:107,3
DA:108,3
LF:20
LH:20
BRDA:89,0,0,90
BRDA:89,0,1,3
BRF:2
BRH:2
end_of_record
TN:
SF:src\validations\index.ts
FN:11,(anonymous_0)
FNF:1
FNH:1
FNDA:32,(anonymous_0)
DA:1,32
DA:2,32
DA:11,32
DA:12,32
DA:13,32
LF:5
LH:5
BRDA:11,0,0,32
BRDA:11,0,1,32
BRF:2
BRH:2
end_of_record
TN:
SF:src\validations\isValidEmail.ts
FN:14,isValidEmail
FN:23,(anonymous_1)
FN:36,(anonymous_2)
FNF:3
FNH:3
FNDA:51,isValidEmail
FNDA:77,(anonymous_1)
FNDA:59,(anonymous_2)
DA:14,32
DA:15,51
DA:17,51
DA:19,45
DA:21,45
DA:23,77
DA:25,13
DA:29,32
DA:32,32
DA:33,4
DA:36,59
DA:37,2
DA:41,26
DA:42,26
DA:44,2
DA:45,1
DA:49,25
DA:50,2
DA:53,23
LF:19
LH:19
BRDA:17,0,0,6
BRDA:17,1,0,51
BRDA:17,1,1,50
BRDA:17,1,2,47
BRDA:17,1,3,46
BRDA:21,2,0,13
BRDA:22,3,0,45
BRDA:22,3,1,38
BRDA:23,4,0,77
BRDA:23,4,1,73
BRDA:23,4,2,72
BRDA:32,5,0,4
BRDA:32,6,0,32
BRDA:32,6,1,31
BRDA:36,7,0,2
BRDA:36,8,0,59
BRDA:36,8,1,57
BRDA:42,9,0,2
BRDA:44,10,0,1
BRDA:44,11,0,2
BRDA:44,11,1,0
BRDA:49,12,0,2
BRF:22
BRH:21
end_of_record
TN:
SF:src\validations\validatePassword.ts
FN:51,validatePassword
FNF:1
FNH:1
FNDA:11,validatePassword
DA:1,32
DA:51,32
DA:64,11
DA:66,11
DA:68,11
DA:69,1
DA:70,1
DA:73,11
DA:74,1
DA:75,1
DA:78,11
DA:79,1
DA:80,1
DA:83,11
DA:84,1
DA:85,1
DA:88,11
DA:89,1
DA:90,1
DA:93,11
DA:94,1
DA:95,1
DA:98,11
DA:99,2
DA:100,2
DA:103,11
DA:104,2
DA:105,2
DA:108,11
LF:29
LH:29
BRDA:54,0,0,11
BRDA:55,1,0,11
BRDA:56,2,0,11
BRDA:57,3,0,11
BRDA:58,4,0,11
BRDA:59,5,0,11
BRDA:60,6,0,11
BRDA:61,7,0,11
BRDA:62,8,0,11
BRDA:63,9,0,11
BRDA:64,10,0,11
BRDA:64,10,1,11
BRDA:68,11,0,1
BRDA:69,12,0,1
BRDA:69,12,1,1
BRDA:73,13,0,1
BRDA:74,14,0,1
BRDA:74,14,1,1
BRDA:78,15,0,1
BRDA:78,16,0,11
BRDA:78,16,1,11
BRDA:79,17,0,1
BRDA:79,17,1,1
BRDA:83,18,0,1
BRDA:83,19,0,11
BRDA:83,19,1,11
BRDA:84,20,0,1
BRDA:84,20,1,1
BRDA:88,21,0,1
BRDA:88,22,0,11
BRDA:88,22,1,11
BRDA:89,23,0,1
BRDA:89,23,1,1
BRDA:93,24,0,1
BRDA:93,25,0,11
BRDA:93,25,1,11
BRDA:94,26,0,1
BRDA:94,26,1,1
BRDA:98,27,0,2
BRDA:98,28,0,11
BRDA:98,28,1,11
BRDA:99,29,0,2
BRDA:99,29,1,2
BRDA:103,30,0,2
BRDA:103,31,0,11
BRDA:103,31,1,11
BRDA:104,32,0,2
BRDA:104,32,1,2
BRF:48
BRH:48
end_of_record
